2019-05-03 02:05:02,849 [main] INFO com.pactiv.steps.BeforeAfterStepDefinition - In before step definition for scenario::Successful log into CPT application with Valid Credentials as Floater
2019-05-03 02:05:02,852 [main] INFO com.pactiv.utils.TestDataUtils - ===== Reading Feature Details====
2019-05-03 02:05:02,853 [main] INFO com.pactiv.utils.TestDataUtils - Scenario::cucumber.runtime.ScenarioImpl@4ea5b703
2019-05-03 02:05:02,853 [main] INFO com.pactiv.utils.TestDataUtils - Scenario name::Successful log into CPT application with Valid Credentials as Floater
2019-05-03 02:05:02,853 [main] INFO com.pactiv.utils.TestDataUtils - ****************
2019-05-03 02:05:02,853 [main] INFO com.pactiv.utils.TestDataUtils - Scenario Name:Successful log into CPT application with Valid Credentials as Floater
2019-05-03 02:05:02,856 [main] INFO com.pactiv.utils.TestDataUtils - feature file Name:loginaction
2019-05-03 02:05:02,857 [main] INFO com.pactiv.utils.TestDataUtils - ------------
2019-05-03 02:05:02,857 [main] INFO com.pactiv.utils.TestDataUtils - Scenario_id:Successful log into CPT application with Valid Credentials as Floater
2019-05-03 02:05:03,700 [main] INFO com.pactiv.utils.TestDataUtils - SheetName is: LoginAction
2019-05-03 02:05:03,723 [main] INFO com.pactiv.utils.TestDataUtils - Row is: 0Column is: 0
2019-05-03 02:05:03,723 [main] INFO com.pactiv.utils.TestDataUtils - no of cells 1::5
2019-05-03 02:05:03,759 [main] INFO com.pactiv.utils.TestDataUtils - header::[username, password, Plant, line, shift]
2019-05-03 02:05:03,759 [main] INFO com.pactiv.utils.TestDataUtils - no of rows::5
2019-05-03 02:05:03,761 [main] INFO com.pactiv.utils.TestDataUtils - key is ::username_1
2019-05-03 02:05:03,762 [main] INFO com.pactiv.utils.TestDataUtils - value is ::FloaterTest1
2019-05-03 02:05:03,764 [main] INFO com.pactiv.utils.TestDataUtils - key is ::password_1
2019-05-03 02:05:03,764 [main] INFO com.pactiv.utils.TestDataUtils - value is ::test1234567890
2019-05-03 02:05:03,764 [main] INFO com.pactiv.utils.TestDataUtils - key is ::Plant_1
2019-05-03 02:05:03,764 [main] INFO com.pactiv.utils.TestDataUtils - value is ::Texas
2019-05-03 02:05:03,764 [main] INFO com.pactiv.utils.TestDataUtils - key is ::line_1
2019-05-03 02:05:03,765 [main] INFO com.pactiv.utils.TestDataUtils - value is ::2
2019-05-03 02:05:03,765 [main] INFO com.pactiv.utils.TestDataUtils - key is ::shift_1
2019-05-03 02:05:03,765 [main] INFO com.pactiv.utils.TestDataUtils - value is ::2
2019-05-03 02:05:03,765 [main] INFO com.pactiv.utils.TestDataUtils - key is ::username_2
2019-05-03 02:05:03,765 [main] INFO com.pactiv.utils.TestDataUtils - value is ::FloaterTest2
2019-05-03 02:05:03,766 [main] INFO com.pactiv.utils.TestDataUtils - key is ::password_2
2019-05-03 02:05:03,766 [main] INFO com.pactiv.utils.TestDataUtils - value is ::test1234567890
2019-05-03 02:05:03,766 [main] INFO com.pactiv.utils.TestDataUtils - key is ::Plant_2
2019-05-03 02:05:03,766 [main] INFO com.pactiv.utils.TestDataUtils - value is ::Corsicanna
2019-05-03 02:05:03,766 [main] INFO com.pactiv.utils.TestDataUtils - key is ::line_2
2019-05-03 02:05:03,766 [main] INFO com.pactiv.utils.TestDataUtils - value is ::25
2019-05-03 02:05:03,766 [main] INFO com.pactiv.utils.TestDataUtils - key is ::shift_2
2019-05-03 02:05:03,767 [main] INFO com.pactiv.utils.TestDataUtils - value is ::3
2019-05-03 02:05:03,767 [main] INFO com.pactiv.utils.TestDataUtils - key is ::username_3
2019-05-03 02:05:03,767 [main] INFO com.pactiv.utils.TestDataUtils - value is ::FloaterTest3
2019-05-03 02:05:03,767 [main] INFO com.pactiv.utils.TestDataUtils - key is ::password_3
2019-05-03 02:05:03,767 [main] INFO com.pactiv.utils.TestDataUtils - value is ::test1234567890
2019-05-03 02:05:03,768 [main] INFO com.pactiv.utils.TestDataUtils - key is ::Plant_3
2019-05-03 02:05:03,768 [main] INFO com.pactiv.utils.TestDataUtils - value is ::Mooresville
2019-05-03 02:05:03,768 [main] INFO com.pactiv.utils.TestDataUtils - key is ::line_3
2019-05-03 02:05:03,768 [main] INFO com.pactiv.utils.TestDataUtils - value is ::40
2019-05-03 02:05:03,769 [main] INFO com.pactiv.utils.TestDataUtils - key is ::shift_3
2019-05-03 02:05:03,769 [main] INFO com.pactiv.utils.TestDataUtils - value is ::2
2019-05-03 02:05:03,770 [main] INFO com.pactiv.utils.TestDataUtils - key is ::username_4
2019-05-03 02:05:03,770 [main] INFO com.pactiv.utils.TestDataUtils - value is ::FloaterTest4
2019-05-03 02:05:03,770 [main] INFO com.pactiv.utils.TestDataUtils - key is ::password_4
2019-05-03 02:05:03,770 [main] INFO com.pactiv.utils.TestDataUtils - value is ::test1234567890
2019-05-03 02:05:03,770 [main] INFO com.pactiv.utils.TestDataUtils - key is ::Plant_4
2019-05-03 02:05:03,771 [main] INFO com.pactiv.utils.TestDataUtils - value is ::Mt Carmel
2019-05-03 02:05:03,771 [main] INFO com.pactiv.utils.TestDataUtils - key is ::line_4
2019-05-03 02:05:03,771 [main] INFO com.pactiv.utils.TestDataUtils - value is ::72
2019-05-03 02:05:03,773 [main] INFO com.pactiv.utils.TestDataUtils - key is ::shift_4
2019-05-03 02:05:03,773 [main] INFO com.pactiv.utils.TestDataUtils - value is ::3
2019-05-03 02:05:03,774 [main] INFO com.pactiv.utils.TestDataUtils - key is ::username_5
2019-05-03 02:05:03,774 [main] INFO com.pactiv.utils.TestDataUtils - value is ::
2019-05-03 02:05:03,774 [main] INFO com.pactiv.utils.TestDataUtils - key is ::password_5
2019-05-03 02:05:03,774 [main] INFO com.pactiv.utils.TestDataUtils - value is ::
2019-05-03 02:05:03,774 [main] INFO com.pactiv.utils.TestDataUtils - key is ::Plant_5
2019-05-03 02:05:03,774 [main] INFO com.pactiv.utils.TestDataUtils - value is ::
2019-05-03 02:05:03,775 [main] INFO com.pactiv.utils.TestDataUtils - key is ::line_5
2019-05-03 02:05:03,775 [main] INFO com.pactiv.utils.TestDataUtils - value is ::
2019-05-03 02:05:03,775 [main] INFO com.pactiv.utils.TestDataUtils - key is ::shift_5
2019-05-03 02:05:03,775 [main] INFO com.pactiv.utils.TestDataUtils - value is ::
2019-05-03 02:05:03,781 [main] INFO com.pactiv.steps.BeforeAfterStepDefinition - Current scenario status is::null
2019-05-03 02:05:03,782 [main] INFO com.pactiv.config.SeleniumNGSuite - Successfully closed the browser 
2019-05-03 02:05:14,251 [main] INFO com.pactiv.config.DriverConfig - Setting up the driver::chrome headless
2019-05-03 02:05:22,043 [main] INFO com.pactiv.steps.BeforeAfterStepDefinition - In before step definition for scenario::Successful log into CPT application with Valid Credentials as Supervisor
2019-05-03 02:05:22,043 [main] INFO com.pactiv.utils.TestDataUtils - ===== Reading Feature Details====
2019-05-03 02:05:22,043 [main] INFO com.pactiv.utils.TestDataUtils - Scenario::cucumber.runtime.ScenarioImpl@6a2eea2a
2019-05-03 02:05:22,044 [main] INFO com.pactiv.utils.TestDataUtils - Scenario name::Successful log into CPT application with Valid Credentials as Supervisor
2019-05-03 02:05:22,044 [main] INFO com.pactiv.utils.TestDataUtils - ****************
2019-05-03 02:05:22,044 [main] INFO com.pactiv.utils.TestDataUtils - Scenario Name:Successful log into CPT application with Valid Credentials as Supervisor
2019-05-03 02:05:22,045 [main] INFO com.pactiv.utils.TestDataUtils - feature file Name:loginaction
2019-05-03 02:05:22,045 [main] INFO com.pactiv.utils.TestDataUtils - ------------
2019-05-03 02:05:22,045 [main] INFO com.pactiv.utils.TestDataUtils - Scenario_id:Successful log into CPT application with Valid Credentials as Supervisor
2019-05-03 02:05:22,153 [main] INFO com.pactiv.utils.TestDataUtils - SheetName is: LoginAction
2019-05-03 02:05:22,155 [main] INFO com.pactiv.utils.TestDataUtils - Row is: 8Column is: 0
2019-05-03 02:05:22,155 [main] INFO com.pactiv.utils.TestDataUtils - no of cells 1::5
2019-05-03 02:05:22,169 [main] INFO com.pactiv.utils.TestDataUtils - header::[username, password, Plant, line, shift]
2019-05-03 02:05:22,170 [main] INFO com.pactiv.utils.TestDataUtils - no of rows::17
2019-05-03 02:05:22,170 [main] INFO com.pactiv.utils.TestDataUtils - key is ::username_1
2019-05-03 02:05:22,171 [main] INFO com.pactiv.utils.TestDataUtils - value is ::SupervisorTest1
2019-05-03 02:05:22,171 [main] INFO com.pactiv.utils.TestDataUtils - key is ::password_1
2019-05-03 02:05:22,171 [main] INFO com.pactiv.utils.TestDataUtils - value is ::test1234567890
2019-05-03 02:05:22,172 [main] INFO com.pactiv.utils.TestDataUtils - key is ::Plant_1
2019-05-03 02:05:22,172 [main] INFO com.pactiv.utils.TestDataUtils - value is ::Texas
2019-05-03 02:05:22,172 [main] INFO com.pactiv.utils.TestDataUtils - key is ::line_1
2019-05-03 02:05:22,173 [main] INFO com.pactiv.utils.TestDataUtils - value is ::2
2019-05-03 02:05:22,173 [main] INFO com.pactiv.utils.TestDataUtils - key is ::shift_1
2019-05-03 02:05:22,174 [main] INFO com.pactiv.utils.TestDataUtils - value is ::2
2019-05-03 02:05:22,174 [main] INFO com.pactiv.utils.TestDataUtils - key is ::username_2
2019-05-03 02:05:22,174 [main] INFO com.pactiv.utils.TestDataUtils - value is ::SupervisorTest2
2019-05-03 02:05:22,175 [main] INFO com.pactiv.utils.TestDataUtils - key is ::password_2
2019-05-03 02:05:22,175 [main] INFO com.pactiv.utils.TestDataUtils - value is ::test1234567890
2019-05-03 02:05:22,176 [main] INFO com.pactiv.utils.TestDataUtils - key is ::Plant_2
2019-05-03 02:05:22,176 [main] INFO com.pactiv.utils.TestDataUtils - value is ::Corsicanna
2019-05-03 02:05:22,177 [main] INFO com.pactiv.utils.TestDataUtils - key is ::line_2
2019-05-03 02:05:22,178 [main] INFO com.pactiv.utils.TestDataUtils - value is ::25
2019-05-03 02:05:22,178 [main] INFO com.pactiv.utils.TestDataUtils - key is ::shift_2
2019-05-03 02:05:22,179 [main] INFO com.pactiv.utils.TestDataUtils - value is ::3
2019-05-03 02:05:22,179 [main] INFO com.pactiv.utils.TestDataUtils - key is ::username_3
2019-05-03 02:05:22,180 [main] INFO com.pactiv.utils.TestDataUtils - value is ::SupervisorTest3
2019-05-03 02:05:22,180 [main] INFO com.pactiv.utils.TestDataUtils - key is ::password_3
2019-05-03 02:05:22,180 [main] INFO com.pactiv.utils.TestDataUtils - value is ::test1234567890
2019-05-03 02:05:22,181 [main] INFO com.pactiv.utils.TestDataUtils - key is ::Plant_3
2019-05-03 02:05:22,181 [main] INFO com.pactiv.utils.TestDataUtils - value is ::Mooresville
2019-05-03 02:05:22,181 [main] INFO com.pactiv.utils.TestDataUtils - key is ::line_3
2019-05-03 02:05:22,182 [main] INFO com.pactiv.utils.TestDataUtils - value is ::40
2019-05-03 02:05:22,182 [main] INFO com.pactiv.utils.TestDataUtils - key is ::shift_3
2019-05-03 02:05:22,183 [main] INFO com.pactiv.utils.TestDataUtils - value is ::2
2019-05-03 02:05:22,183 [main] INFO com.pactiv.utils.TestDataUtils - key is ::username_4
2019-05-03 02:05:22,183 [main] INFO com.pactiv.utils.TestDataUtils - value is ::SupervisorTest4
2019-05-03 02:05:22,184 [main] INFO com.pactiv.utils.TestDataUtils - key is ::password_4
2019-05-03 02:05:22,184 [main] INFO com.pactiv.utils.TestDataUtils - value is ::test1234567890
2019-05-03 02:05:22,184 [main] INFO com.pactiv.utils.TestDataUtils - key is ::Plant_4
2019-05-03 02:05:22,185 [main] INFO com.pactiv.utils.TestDataUtils - value is ::Mt Carmel
2019-05-03 02:05:22,185 [main] INFO com.pactiv.utils.TestDataUtils - key is ::line_4
2019-05-03 02:05:22,185 [main] INFO com.pactiv.utils.TestDataUtils - value is ::72
2019-05-03 02:05:22,186 [main] INFO com.pactiv.utils.TestDataUtils - key is ::shift_4
2019-05-03 02:05:22,186 [main] INFO com.pactiv.utils.TestDataUtils - value is ::3
2019-05-03 02:05:22,187 [main] INFO com.pactiv.utils.TestDataUtils - key is ::username_5
2019-05-03 02:05:22,187 [main] INFO com.pactiv.utils.TestDataUtils - value is ::
2019-05-03 02:05:22,187 [main] INFO com.pactiv.utils.TestDataUtils - key is ::password_5
2019-05-03 02:05:22,188 [main] INFO com.pactiv.utils.TestDataUtils - value is ::
2019-05-03 02:05:22,188 [main] INFO com.pactiv.utils.TestDataUtils - key is ::Plant_5
2019-05-03 02:05:22,188 [main] INFO com.pactiv.utils.TestDataUtils - value is ::
2019-05-03 02:05:22,188 [main] INFO com.pactiv.utils.TestDataUtils - key is ::line_5
2019-05-03 02:05:22,189 [main] INFO com.pactiv.utils.TestDataUtils - value is ::
2019-05-03 02:05:22,189 [main] INFO com.pactiv.utils.TestDataUtils - key is ::shift_5
2019-05-03 02:05:22,189 [main] INFO com.pactiv.utils.TestDataUtils - value is ::
2019-05-03 02:05:22,190 [main] INFO com.pactiv.utils.TestDataUtils - key is ::username_6
2019-05-03 02:05:22,190 [main] INFO com.pactiv.utils.TestDataUtils - value is ::
2019-05-03 02:05:22,190 [main] INFO com.pactiv.utils.TestDataUtils - key is ::password_6
2019-05-03 02:05:22,191 [main] INFO com.pactiv.utils.TestDataUtils - value is ::
2019-05-03 02:05:22,191 [main] INFO com.pactiv.utils.TestDataUtils - key is ::Plant_6
2019-05-03 02:05:22,191 [main] INFO com.pactiv.utils.TestDataUtils - value is ::
2019-05-03 02:05:22,191 [main] INFO com.pactiv.utils.TestDataUtils - key is ::line_6
2019-05-03 02:05:22,192 [main] INFO com.pactiv.utils.TestDataUtils - value is ::
2019-05-03 02:05:22,192 [main] INFO com.pactiv.utils.TestDataUtils - key is ::shift_6
2019-05-03 02:05:22,193 [main] INFO com.pactiv.utils.TestDataUtils - value is ::
2019-05-03 02:05:22,193 [main] INFO com.pactiv.utils.TestDataUtils - key is ::username_7
2019-05-03 02:05:22,194 [main] INFO com.pactiv.utils.TestDataUtils - value is ::Successful log into CPT application with Valid Credentials as Plant Leadership
2019-05-03 02:05:22,194 [main] INFO com.pactiv.utils.TestDataUtils - key is ::password_7
2019-05-03 02:05:22,195 [main] INFO com.pactiv.utils.TestDataUtils - value is ::
2019-05-03 02:05:22,195 [main] INFO com.pactiv.utils.TestDataUtils - key is ::Plant_7
2019-05-03 02:05:22,195 [main] INFO com.pactiv.utils.TestDataUtils - value is ::
2019-05-03 02:05:22,196 [main] INFO com.pactiv.utils.TestDataUtils - key is ::line_7
2019-05-03 02:05:22,196 [main] INFO com.pactiv.utils.TestDataUtils - value is ::
2019-05-03 02:05:22,196 [main] INFO com.pactiv.utils.TestDataUtils - key is ::shift_7
2019-05-03 02:05:22,197 [main] INFO com.pactiv.utils.TestDataUtils - value is ::
2019-05-03 02:05:22,197 [main] INFO com.pactiv.utils.TestDataUtils - key is ::username_8
2019-05-03 02:05:22,197 [main] INFO com.pactiv.utils.TestDataUtils - value is ::username
2019-05-03 02:05:22,198 [main] INFO com.pactiv.utils.TestDataUtils - key is ::password_8
2019-05-03 02:05:22,198 [main] INFO com.pactiv.utils.TestDataUtils - value is ::password
2019-05-03 02:05:22,199 [main] INFO com.pactiv.utils.TestDataUtils - key is ::Plant_8
2019-05-03 02:05:22,199 [main] INFO com.pactiv.utils.TestDataUtils - value is ::Plant
2019-05-03 02:05:22,199 [main] INFO com.pactiv.utils.TestDataUtils - key is ::line_8
2019-05-03 02:05:22,200 [main] INFO com.pactiv.utils.TestDataUtils - value is ::line
2019-05-03 02:05:22,200 [main] INFO com.pactiv.utils.TestDataUtils - key is ::shift_8
2019-05-03 02:05:22,200 [main] INFO com.pactiv.utils.TestDataUtils - value is ::shift
2019-05-03 02:05:22,201 [main] INFO com.pactiv.utils.TestDataUtils - key is ::username_9
2019-05-03 02:05:22,201 [main] INFO com.pactiv.utils.TestDataUtils - value is ::PlantManagerTest1
2019-05-03 02:05:22,201 [main] INFO com.pactiv.utils.TestDataUtils - key is ::password_9
2019-05-03 02:05:22,202 [main] INFO com.pactiv.utils.TestDataUtils - value is ::test1234567890
2019-05-03 02:05:22,202 [main] INFO com.pactiv.utils.TestDataUtils - key is ::Plant_9
2019-05-03 02:05:22,202 [main] INFO com.pactiv.utils.TestDataUtils - value is ::Texas
2019-05-03 02:05:22,203 [main] INFO com.pactiv.utils.TestDataUtils - key is ::line_9
2019-05-03 02:05:22,203 [main] INFO com.pactiv.utils.TestDataUtils - value is ::2
2019-05-03 02:05:22,204 [main] INFO com.pactiv.utils.TestDataUtils - key is ::shift_9
2019-05-03 02:05:22,204 [main] INFO com.pactiv.utils.TestDataUtils - value is ::2
2019-05-03 02:05:22,205 [main] INFO com.pactiv.utils.TestDataUtils - key is ::username_10
2019-05-03 02:05:22,205 [main] INFO com.pactiv.utils.TestDataUtils - value is ::PlantManagerTest2
2019-05-03 02:05:22,205 [main] INFO com.pactiv.utils.TestDataUtils - key is ::password_10
2019-05-03 02:05:22,206 [main] INFO com.pactiv.utils.TestDataUtils - value is ::test1234567890
2019-05-03 02:05:22,206 [main] INFO com.pactiv.utils.TestDataUtils - key is ::Plant_10
2019-05-03 02:05:22,206 [main] INFO com.pactiv.utils.TestDataUtils - value is ::Corsicanna
2019-05-03 02:05:22,207 [main] INFO com.pactiv.utils.TestDataUtils - key is ::line_10
2019-05-03 02:05:22,207 [main] INFO com.pactiv.utils.TestDataUtils - value is ::25
2019-05-03 02:05:22,208 [main] INFO com.pactiv.utils.TestDataUtils - key is ::shift_10
2019-05-03 02:05:22,208 [main] INFO com.pactiv.utils.TestDataUtils - value is ::3
2019-05-03 02:05:22,209 [main] INFO com.pactiv.utils.TestDataUtils - key is ::username_11
2019-05-03 02:05:22,209 [main] INFO com.pactiv.utils.TestDataUtils - value is ::PlantManagerTest3
2019-05-03 02:05:22,209 [main] INFO com.pactiv.utils.TestDataUtils - key is ::password_11
2019-05-03 02:05:22,210 [main] INFO com.pactiv.utils.TestDataUtils - value is ::test1234567890
2019-05-03 02:05:22,210 [main] INFO com.pactiv.utils.TestDataUtils - key is ::Plant_11
2019-05-03 02:05:22,210 [main] INFO com.pactiv.utils.TestDataUtils - value is ::Mooresville
2019-05-03 02:05:22,210 [main] INFO com.pactiv.utils.TestDataUtils - key is ::line_11
2019-05-03 02:05:22,211 [main] INFO com.pactiv.utils.TestDataUtils - value is ::40
2019-05-03 02:05:22,211 [main] INFO com.pactiv.utils.TestDataUtils - key is ::shift_11
2019-05-03 02:05:22,212 [main] INFO com.pactiv.utils.TestDataUtils - value is ::2
2019-05-03 02:05:22,212 [main] INFO com.pactiv.utils.TestDataUtils - key is ::username_12
2019-05-03 02:05:22,212 [main] INFO com.pactiv.utils.TestDataUtils - value is ::PlantManagerTest4
2019-05-03 02:05:22,213 [main] INFO com.pactiv.utils.TestDataUtils - key is ::password_12
2019-05-03 02:05:22,213 [main] INFO com.pactiv.utils.TestDataUtils - value is ::test1234567890
2019-05-03 02:05:22,213 [main] INFO com.pactiv.utils.TestDataUtils - key is ::Plant_12
2019-05-03 02:05:22,213 [main] INFO com.pactiv.utils.TestDataUtils - value is ::Mt Carmel
2019-05-03 02:05:22,214 [main] INFO com.pactiv.utils.TestDataUtils - key is ::line_12
2019-05-03 02:05:22,214 [main] INFO com.pactiv.utils.TestDataUtils - value is ::72
2019-05-03 02:05:22,214 [main] INFO com.pactiv.utils.TestDataUtils - key is ::shift_12
2019-05-03 02:05:22,217 [main] INFO com.pactiv.utils.TestDataUtils - value is ::3
2019-05-03 02:05:22,217 [main] INFO com.pactiv.utils.TestDataUtils - key is ::username_13
2019-05-03 02:05:22,217 [main] INFO com.pactiv.utils.TestDataUtils - value is ::
2019-05-03 02:05:22,218 [main] INFO com.pactiv.utils.TestDataUtils - key is ::password_13
2019-05-03 02:05:22,218 [main] INFO com.pactiv.utils.TestDataUtils - value is ::
2019-05-03 02:05:22,218 [main] INFO com.pactiv.utils.TestDataUtils - key is ::Plant_13
2019-05-03 02:05:22,218 [main] INFO com.pactiv.utils.TestDataUtils - value is ::
2019-05-03 02:05:22,219 [main] INFO com.pactiv.utils.TestDataUtils - key is ::line_13
2019-05-03 02:05:22,219 [main] INFO com.pactiv.utils.TestDataUtils - value is ::
2019-05-03 02:05:22,219 [main] INFO com.pactiv.utils.TestDataUtils - key is ::shift_13
2019-05-03 02:05:22,219 [main] INFO com.pactiv.utils.TestDataUtils - value is ::
2019-05-03 02:05:22,220 [main] INFO com.pactiv.utils.TestDataUtils - key is ::username_14
2019-05-03 02:05:22,220 [main] INFO com.pactiv.utils.TestDataUtils - value is ::
2019-05-03 02:05:22,220 [main] INFO com.pactiv.utils.TestDataUtils - key is ::password_14
2019-05-03 02:05:22,220 [main] INFO com.pactiv.utils.TestDataUtils - value is ::
2019-05-03 02:05:22,221 [main] INFO com.pactiv.utils.TestDataUtils - key is ::Plant_14
2019-05-03 02:05:22,221 [main] INFO com.pactiv.utils.TestDataUtils - value is ::
2019-05-03 02:05:22,221 [main] INFO com.pactiv.utils.TestDataUtils - key is ::line_14
2019-05-03 02:05:22,221 [main] INFO com.pactiv.utils.TestDataUtils - value is ::
2019-05-03 02:05:22,222 [main] INFO com.pactiv.utils.TestDataUtils - key is ::shift_14
2019-05-03 02:05:22,222 [main] INFO com.pactiv.utils.TestDataUtils - value is ::
2019-05-03 02:05:22,222 [main] INFO com.pactiv.utils.TestDataUtils - key is ::username_15
2019-05-03 02:05:22,222 [main] INFO com.pactiv.utils.TestDataUtils - value is ::Successful log into DMG application and verify Add New Plant
2019-05-03 02:05:22,223 [main] INFO com.pactiv.utils.TestDataUtils - key is ::password_15
2019-05-03 02:05:22,223 [main] INFO com.pactiv.utils.TestDataUtils - value is ::
2019-05-03 02:05:22,223 [main] INFO com.pactiv.utils.TestDataUtils - key is ::Plant_15
2019-05-03 02:05:22,223 [main] INFO com.pactiv.utils.TestDataUtils - value is ::
2019-05-03 02:05:22,224 [main] INFO com.pactiv.utils.TestDataUtils - key is ::line_15
2019-05-03 02:05:22,224 [main] INFO com.pactiv.utils.TestDataUtils - value is ::
2019-05-03 02:05:22,224 [main] INFO com.pactiv.utils.TestDataUtils - key is ::shift_15
2019-05-03 02:05:22,224 [main] INFO com.pactiv.utils.TestDataUtils - value is ::
2019-05-03 02:05:22,225 [main] INFO com.pactiv.utils.TestDataUtils - key is ::username_16
2019-05-03 02:05:22,225 [main] INFO com.pactiv.utils.TestDataUtils - value is ::username
2019-05-03 02:05:22,225 [main] INFO com.pactiv.utils.TestDataUtils - key is ::password_16
2019-05-03 02:05:22,225 [main] INFO com.pactiv.utils.TestDataUtils - value is ::password
2019-05-03 02:05:22,226 [main] INFO com.pactiv.utils.TestDataUtils - key is ::Plant_16
2019-05-03 02:05:22,226 [main] INFO com.pactiv.utils.TestDataUtils - value is ::
2019-05-03 02:05:22,226 [main] INFO com.pactiv.utils.TestDataUtils - key is ::line_16
2019-05-03 02:05:22,226 [main] INFO com.pactiv.utils.TestDataUtils - value is ::
2019-05-03 02:05:22,227 [main] INFO com.pactiv.utils.TestDataUtils - key is ::shift_16
2019-05-03 02:05:22,227 [main] INFO com.pactiv.utils.TestDataUtils - value is ::
2019-05-03 02:05:22,227 [main] INFO com.pactiv.utils.TestDataUtils - key is ::username_17
2019-05-03 02:05:22,227 [main] INFO com.pactiv.utils.TestDataUtils - value is ::DMGAdminTest
2019-05-03 02:05:22,228 [main] INFO com.pactiv.utils.TestDataUtils - key is ::password_17
2019-05-03 02:05:22,228 [main] INFO com.pactiv.utils.TestDataUtils - value is ::test1234567890
2019-05-03 02:05:22,228 [main] INFO com.pactiv.utils.TestDataUtils - key is ::Plant_17
2019-05-03 02:05:22,228 [main] INFO com.pactiv.utils.TestDataUtils - value is ::
2019-05-03 02:05:22,229 [main] INFO com.pactiv.utils.TestDataUtils - key is ::line_17
2019-05-03 02:05:22,229 [main] INFO com.pactiv.utils.TestDataUtils - value is ::
2019-05-03 02:05:22,229 [main] INFO com.pactiv.utils.TestDataUtils - key is ::shift_17
2019-05-03 02:05:22,229 [main] INFO com.pactiv.utils.TestDataUtils - value is ::
2019-05-03 02:05:22,235 [main] INFO com.pactiv.steps.BeforeAfterStepDefinition - Current scenario status is::null
2019-05-03 02:05:22,258 [main] ERROR com.pactiv.config.SeleniumNGSuite - Error in closing the browser:: invalid session id
  (Driver info: chromedriver=2.45.615291 (ec3682e3c9061c10f26ea9e5cdcf3c53f3f74387),platform=Windows NT 10.0.14393 x86_64) (WARNING: The server did not provide any stacktrace information)
Command duration or timeout: 0 milliseconds
Build info: version: '3.5.1', revision: '9c21bb67ef', time: '2017-08-17T15:26:08.955Z'
System info: host: 'PVLDCTWF90', ip: '10.0.9.65', os.name: 'Windows Server 2016', os.arch: 'amd64', os.version: '10.0', java.version: '1.8.0_201'
Driver info: org.openqa.selenium.chrome.ChromeDriver
Capabilities [{mobileEmulationEnabled=false, timeouts={implicit=0.0, pageLoad=300000.0, script=30000.0}, hasTouchScreen=false, platform=XP, acceptSslCerts=false, goog:chromeOptions={debuggerAddress=localhost:3266}, acceptInsecureCerts=false, webStorageEnabled=true, browserName=chrome, takesScreenshot=true, javascriptEnabled=true, setWindowRect=true, unexpectedAlertBehaviour=ignore, applicationCacheEnabled=false, rotatable=false, networkConnectionEnabled=false, chrome={chromedriverVersion=2.45.615291 (ec3682e3c9061c10f26ea9e5cdcf3c53f3f74387), userDataDir=C:\Users\pzm6015\AppData\Local\Temp\7\scoped_dir19100_20999}, takesHeapSnapshot=true, pageLoadStrategy=normal, unhandledPromptBehavior=ignore, strictFileInteractability=false, databaseEnabled=false, handlesAlerts=true, version=73.0.3683.103, browserConnectionEnabled=false, proxy=Proxy(), nativeEvents=true, locationContextEnabled=true, cssSelectorsEnabled=true}]
Session ID: d76e9b7d7b4a4bc320b5f5619ad524f9
2019-05-03 02:05:22,263 [main] ERROR com.pactiv.steps.BeforeAfterStepDefinition - Error in In After Block execution::{}
null
	at com.pactiv.config.SeleniumNGSuite.tearDown(SeleniumNGSuite.java:81)
	at com.pactiv.steps.BeforeAfterStepDefinition.close(BeforeAfterStepDefinition.java:64)
	at sun.reflect.NativeMethodAccessorImpl.invoke0(Native Method)
	at sun.reflect.NativeMethodAccessorImpl.invoke(NativeMethodAccessorImpl.java:62)
	at sun.reflect.DelegatingMethodAccessorImpl.invoke(DelegatingMethodAccessorImpl.java:43)
	at java.lang.reflect.Method.invoke(Method.java:498)
	at cucumber.runtime.Utils$1.call(Utils.java:37)
	at cucumber.runtime.Timeout.timeout(Timeout.java:13)
	at cucumber.runtime.Utils.invoke(Utils.java:31)
	at cucumber.runtime.java.JavaHookDefinition.execute(JavaHookDefinition.java:60)
	at cucumber.runtime.Runtime.runHookIfTagsMatch(Runtime.java:223)
	at cucumber.runtime.Runtime.runHooks(Runtime.java:211)
	at cucumber.runtime.Runtime.runAfterHooks(Runtime.java:205)
	at cucumber.runtime.model.CucumberScenario.run(CucumberScenario.java:46)
	at cucumber.runtime.junit.ExecutionUnitRunner.run(ExecutionUnitRunner.java:91)
	at org.junit.runners.Suite.runChild(Suite.java:128)
	at org.junit.runners.Suite.runChild(Suite.java:27)
	at org.junit.runners.ParentRunner$3.run(ParentRunner.java:290)
	at org.junit.runners.ParentRunner$1.schedule(ParentRunner.java:71)
	at org.junit.runners.ParentRunner.runChildren(ParentRunner.java:288)
	at org.junit.runners.ParentRunner.access$000(ParentRunner.java:58)
	at org.junit.runners.ParentRunner$2.evaluate(ParentRunner.java:268)
	at org.junit.runners.ParentRunner.run(ParentRunner.java:363)
	at cucumber.runtime.junit.ExamplesRunner.run(ExamplesRunner.java:59)
	at org.junit.runners.Suite.runChild(Suite.java:128)
	at org.junit.runners.Suite.runChild(Suite.java:27)
	at org.junit.runners.ParentRunner$3.run(ParentRunner.java:290)
	at org.junit.runners.ParentRunner$1.schedule(ParentRunner.java:71)
	at org.junit.runners.ParentRunner.runChildren(ParentRunner.java:288)
	at org.junit.runners.ParentRunner.access$000(ParentRunner.java:58)
	at org.junit.runners.ParentRunner$2.evaluate(ParentRunner.java:268)
	at org.junit.runners.ParentRunner.run(ParentRunner.java:363)
	at cucumber.runtime.junit.ScenarioOutlineRunner.run(ScenarioOutlineRunner.java:53)
	at cucumber.runtime.junit.FeatureRunner.runChild(FeatureRunner.java:63)
	at cucumber.runtime.junit.FeatureRunner.runChild(FeatureRunner.java:18)
	at org.junit.runners.ParentRunner$3.run(ParentRunner.java:290)
	at org.junit.runners.ParentRunner$1.schedule(ParentRunner.java:71)
	at org.junit.runners.ParentRunner.runChildren(ParentRunner.java:288)
	at org.junit.runners.ParentRunner.access$000(ParentRunner.java:58)
	at org.junit.runners.ParentRunner$2.evaluate(ParentRunner.java:268)
	at org.junit.runners.ParentRunner.run(ParentRunner.java:363)
	at cucumber.runtime.junit.FeatureRunner.run(FeatureRunner.java:70)
	at cucumber.api.junit.Cucumber.runChild(Cucumber.java:93)
	at cucumber.api.junit.Cucumber.runChild(Cucumber.java:37)
	at org.junit.runners.ParentRunner$3.run(ParentRunner.java:290)
	at org.junit.runners.ParentRunner$1.schedule(ParentRunner.java:71)
	at org.junit.runners.ParentRunner.runChildren(ParentRunner.java:288)
	at org.junit.runners.ParentRunner.access$000(ParentRunner.java:58)
	at org.junit.runners.ParentRunner$2.evaluate(ParentRunner.java:268)
	at org.junit.runners.ParentRunner.run(ParentRunner.java:363)
	at cucumber.api.junit.Cucumber.run(Cucumber.java:98)
	at org.eclipse.jdt.internal.junit4.runner.JUnit4TestReference.run(JUnit4TestReference.java:89)
	at org.eclipse.jdt.internal.junit.runner.TestExecution.run(TestExecution.java:41)
	at org.eclipse.jdt.internal.junit.runner.RemoteTestRunner.runTests(RemoteTestRunner.java:541)
	at org.eclipse.jdt.internal.junit.runner.RemoteTestRunner.runTests(RemoteTestRunner.java:763)
	at org.eclipse.jdt.internal.junit.runner.RemoteTestRunner.run(RemoteTestRunner.java:463)
	at org.eclipse.jdt.internal.junit.runner.RemoteTestRunner.main(RemoteTestRunner.java:209)
Caused by: org.openqa.selenium.NoSuchSessionException: invalid session id
  (Driver info: chromedriver=2.45.615291 (ec3682e3c9061c10f26ea9e5cdcf3c53f3f74387),platform=Windows NT 10.0.14393 x86_64) (WARNING: The server did not provide any stacktrace information)
Command duration or timeout: 0 milliseconds
Build info: version: '3.5.1', revision: '9c21bb67ef', time: '2017-08-17T15:26:08.955Z'
System info: host: 'PVLDCTWF90', ip: '10.0.9.65', os.name: 'Windows Server 2016', os.arch: 'amd64', os.version: '10.0', java.version: '1.8.0_201'
Driver info: org.openqa.selenium.chrome.ChromeDriver
Capabilities [{mobileEmulationEnabled=false, timeouts={implicit=0.0, pageLoad=300000.0, script=30000.0}, hasTouchScreen=false, platform=XP, acceptSslCerts=false, goog:chromeOptions={debuggerAddress=localhost:3266}, acceptInsecureCerts=false, webStorageEnabled=true, browserName=chrome, takesScreenshot=true, javascriptEnabled=true, setWindowRect=true, unexpectedAlertBehaviour=ignore, applicationCacheEnabled=false, rotatable=false, networkConnectionEnabled=false, chrome={chromedriverVersion=2.45.615291 (ec3682e3c9061c10f26ea9e5cdcf3c53f3f74387), userDataDir=C:\Users\pzm6015\AppData\Local\Temp\7\scoped_dir19100_20999}, takesHeapSnapshot=true, pageLoadStrategy=normal, unhandledPromptBehavior=ignore, strictFileInteractability=false, databaseEnabled=false, handlesAlerts=true, version=73.0.3683.103, browserConnectionEnabled=false, proxy=Proxy(), nativeEvents=true, locationContextEnabled=true, cssSelectorsEnabled=true}]
Session ID: d76e9b7d7b4a4bc320b5f5619ad524f9
	at sun.reflect.NativeConstructorAccessorImpl.newInstance0(Native Method)
	at sun.reflect.NativeConstructorAccessorImpl.newInstance(NativeConstructorAccessorImpl.java:62)
	at sun.reflect.DelegatingConstructorAccessorImpl.newInstance(DelegatingConstructorAccessorImpl.java:45)
	at java.lang.reflect.Constructor.newInstance(Constructor.java:423)
	at org.openqa.selenium.remote.ErrorHandler.createThrowable(ErrorHandler.java:215)
	at org.openqa.selenium.remote.ErrorHandler.throwIfResponseFailed(ErrorHandler.java:167)
	at org.openqa.selenium.remote.http.JsonHttpResponseCodec.reconstructValue(JsonHttpResponseCodec.java:40)
	at org.openqa.selenium.remote.http.AbstractHttpResponseCodec.decode(AbstractHttpResponseCodec.java:82)
	at org.openqa.selenium.remote.http.AbstractHttpResponseCodec.decode(AbstractHttpResponseCodec.java:45)
	at org.openqa.selenium.remote.HttpCommandExecutor.execute(HttpCommandExecutor.java:164)
	at org.openqa.selenium.remote.service.DriverCommandExecutor.execute(DriverCommandExecutor.java:82)
	at org.openqa.selenium.remote.RemoteWebDriver.execute(RemoteWebDriver.java:641)
	at org.openqa.selenium.remote.RemoteWebDriver.execute(RemoteWebDriver.java:698)
	at org.openqa.selenium.remote.RemoteWebDriver.close(RemoteWebDriver.java:527)
	at sun.reflect.NativeMethodAccessorImpl.invoke0(Native Method)
	at sun.reflect.NativeMethodAccessorImpl.invoke(NativeMethodAccessorImpl.java:62)
	at sun.reflect.DelegatingMethodAccessorImpl.invoke(DelegatingMethodAccessorImpl.java:43)
	at java.lang.reflect.Method.invoke(Method.java:498)
	at org.openqa.selenium.support.ThreadGuard$WebDriverInvocationHandler.invokeUnderlying(ThreadGuard.java:100)
	at org.openqa.selenium.support.ThreadGuard$WebDriverInvocationHandler.invoke(ThreadGuard.java:92)
	at com.sun.proxy.$Proxy16.close(Unknown Source)
	at com.pactiv.config.SeleniumNGSuite.tearDown(SeleniumNGSuite.java:72)
	... 56 more
2019-05-03 02:05:22,316 [main] INFO com.pactiv.steps.BeforeAfterStepDefinition - In before step definition for scenario::Successful log into CPT application with Valid Credentials as Plant Leadership
2019-05-03 02:05:22,317 [main] INFO com.pactiv.utils.TestDataUtils - ===== Reading Feature Details====
2019-05-03 02:05:22,317 [main] INFO com.pactiv.utils.TestDataUtils - Scenario::cucumber.runtime.ScenarioImpl@53e3a87a
2019-05-03 02:05:22,317 [main] INFO com.pactiv.utils.TestDataUtils - Scenario name::Successful log into CPT application with Valid Credentials as Plant Leadership
2019-05-03 02:05:22,318 [main] INFO com.pactiv.utils.TestDataUtils - ****************
2019-05-03 02:05:22,318 [main] INFO com.pactiv.utils.TestDataUtils - Scenario Name:Successful log into CPT application with Valid Credentials as Plant Leadership
2019-05-03 02:05:22,318 [main] INFO com.pactiv.utils.TestDataUtils - feature file Name:loginaction
2019-05-03 02:05:22,319 [main] INFO com.pactiv.utils.TestDataUtils - ------------
2019-05-03 02:05:22,319 [main] INFO com.pactiv.utils.TestDataUtils - Scenario_id:Successful log into CPT application with Valid Credentials as Plant Leadership
2019-05-03 02:05:22,395 [main] INFO com.pactiv.utils.TestDataUtils - SheetName is: LoginAction
2019-05-03 02:05:22,399 [main] INFO com.pactiv.utils.TestDataUtils - Row is: 16Column is: 0
2019-05-03 02:05:22,399 [main] INFO com.pactiv.utils.TestDataUtils - no of cells 1::5
2019-05-03 02:05:22,410 [main] INFO com.pactiv.utils.TestDataUtils - header::[username, password, Plant, line, shift]
2019-05-03 02:05:22,411 [main] INFO com.pactiv.utils.TestDataUtils - no of rows::9
2019-05-03 02:05:22,411 [main] INFO com.pactiv.utils.TestDataUtils - key is ::username_1
2019-05-03 02:05:22,411 [main] INFO com.pactiv.utils.TestDataUtils - value is ::PlantManagerTest1
2019-05-03 02:05:22,412 [main] INFO com.pactiv.utils.TestDataUtils - key is ::password_1
2019-05-03 02:05:22,412 [main] INFO com.pactiv.utils.TestDataUtils - value is ::test1234567890
2019-05-03 02:05:22,412 [main] INFO com.pactiv.utils.TestDataUtils - key is ::Plant_1
2019-05-03 02:05:22,413 [main] INFO com.pactiv.utils.TestDataUtils - value is ::Texas
2019-05-03 02:05:22,413 [main] INFO com.pactiv.utils.TestDataUtils - key is ::line_1
2019-05-03 02:05:22,413 [main] INFO com.pactiv.utils.TestDataUtils - value is ::2
2019-05-03 02:05:22,413 [main] INFO com.pactiv.utils.TestDataUtils - key is ::shift_1
2019-05-03 02:05:22,414 [main] INFO com.pactiv.utils.TestDataUtils - value is ::2
2019-05-03 02:05:22,414 [main] INFO com.pactiv.utils.TestDataUtils - key is ::username_2
2019-05-03 02:05:22,415 [main] INFO com.pactiv.utils.TestDataUtils - value is ::PlantManagerTest2
2019-05-03 02:05:22,415 [main] INFO com.pactiv.utils.TestDataUtils - key is ::password_2
2019-05-03 02:05:22,415 [main] INFO com.pactiv.utils.TestDataUtils - value is ::test1234567890
2019-05-03 02:05:22,415 [main] INFO com.pactiv.utils.TestDataUtils - key is ::Plant_2
2019-05-03 02:05:22,416 [main] INFO com.pactiv.utils.TestDataUtils - value is ::Corsicanna
2019-05-03 02:05:22,416 [main] INFO com.pactiv.utils.TestDataUtils - key is ::line_2
2019-05-03 02:05:22,416 [main] INFO com.pactiv.utils.TestDataUtils - value is ::25
2019-05-03 02:05:22,416 [main] INFO com.pactiv.utils.TestDataUtils - key is ::shift_2
2019-05-03 02:05:22,417 [main] INFO com.pactiv.utils.TestDataUtils - value is ::3
2019-05-03 02:05:22,417 [main] INFO com.pactiv.utils.TestDataUtils - key is ::username_3
2019-05-03 02:05:22,417 [main] INFO com.pactiv.utils.TestDataUtils - value is ::PlantManagerTest3
2019-05-03 02:05:22,418 [main] INFO com.pactiv.utils.TestDataUtils - key is ::password_3
2019-05-03 02:05:22,418 [main] INFO com.pactiv.utils.TestDataUtils - value is ::test1234567890
2019-05-03 02:05:22,418 [main] INFO com.pactiv.utils.TestDataUtils - key is ::Plant_3
2019-05-03 02:05:22,418 [main] INFO com.pactiv.utils.TestDataUtils - value is ::Mooresville
2019-05-03 02:05:22,419 [main] INFO com.pactiv.utils.TestDataUtils - key is ::line_3
2019-05-03 02:05:22,419 [main] INFO com.pactiv.utils.TestDataUtils - value is ::40
2019-05-03 02:05:22,419 [main] INFO com.pactiv.utils.TestDataUtils - key is ::shift_3
2019-05-03 02:05:22,420 [main] INFO com.pactiv.utils.TestDataUtils - value is ::2
2019-05-03 02:05:22,420 [main] INFO com.pactiv.utils.TestDataUtils - key is ::username_4
2019-05-03 02:05:22,421 [main] INFO com.pactiv.utils.TestDataUtils - value is ::PlantManagerTest4
2019-05-03 02:05:22,421 [main] INFO com.pactiv.utils.TestDataUtils - key is ::password_4
2019-05-03 02:05:22,421 [main] INFO com.pactiv.utils.TestDataUtils - value is ::test1234567890
2019-05-03 02:05:22,421 [main] INFO com.pactiv.utils.TestDataUtils - key is ::Plant_4
2019-05-03 02:05:22,422 [main] INFO com.pactiv.utils.TestDataUtils - value is ::Mt Carmel
2019-05-03 02:05:22,422 [main] INFO com.pactiv.utils.TestDataUtils - key is ::line_4
2019-05-03 02:05:22,422 [main] INFO com.pactiv.utils.TestDataUtils - value is ::72
2019-05-03 02:05:22,423 [main] INFO com.pactiv.utils.TestDataUtils - key is ::shift_4
2019-05-03 02:05:22,423 [main] INFO com.pactiv.utils.TestDataUtils - value is ::3
2019-05-03 02:05:22,424 [main] INFO com.pactiv.utils.TestDataUtils - key is ::username_5
2019-05-03 02:05:22,424 [main] INFO com.pactiv.utils.TestDataUtils - value is ::
2019-05-03 02:05:22,424 [main] INFO com.pactiv.utils.TestDataUtils - key is ::password_5
2019-05-03 02:05:22,424 [main] INFO com.pactiv.utils.TestDataUtils - value is ::
2019-05-03 02:05:22,425 [main] INFO com.pactiv.utils.TestDataUtils - key is ::Plant_5
2019-05-03 02:05:22,425 [main] INFO com.pactiv.utils.TestDataUtils - value is ::
2019-05-03 02:05:22,425 [main] INFO com.pactiv.utils.TestDataUtils - key is ::line_5
2019-05-03 02:05:22,425 [main] INFO com.pactiv.utils.TestDataUtils - value is ::
2019-05-03 02:05:22,426 [main] INFO com.pactiv.utils.TestDataUtils - key is ::shift_5
2019-05-03 02:05:22,426 [main] INFO com.pactiv.utils.TestDataUtils - value is ::
2019-05-03 02:05:22,426 [main] INFO com.pactiv.utils.TestDataUtils - key is ::username_6
2019-05-03 02:05:22,426 [main] INFO com.pactiv.utils.TestDataUtils - value is ::
2019-05-03 02:05:22,427 [main] INFO com.pactiv.utils.TestDataUtils - key is ::password_6
2019-05-03 02:05:22,427 [main] INFO com.pactiv.utils.TestDataUtils - value is ::
2019-05-03 02:05:22,427 [main] INFO com.pactiv.utils.TestDataUtils - key is ::Plant_6
2019-05-03 02:05:22,427 [main] INFO com.pactiv.utils.TestDataUtils - value is ::
2019-05-03 02:05:22,428 [main] INFO com.pactiv.utils.TestDataUtils - key is ::line_6
2019-05-03 02:05:22,428 [main] INFO com.pactiv.utils.TestDataUtils - value is ::
2019-05-03 02:05:22,428 [main] INFO com.pactiv.utils.TestDataUtils - key is ::shift_6
2019-05-03 02:05:22,428 [main] INFO com.pactiv.utils.TestDataUtils - value is ::
2019-05-03 02:05:22,428 [main] INFO com.pactiv.utils.TestDataUtils - key is ::username_7
2019-05-03 02:05:22,429 [main] INFO com.pactiv.utils.TestDataUtils - value is ::Successful log into DMG application and verify Add New Plant
2019-05-03 02:05:22,429 [main] INFO com.pactiv.utils.TestDataUtils - key is ::password_7
2019-05-03 02:05:22,429 [main] INFO com.pactiv.utils.TestDataUtils - value is ::
2019-05-03 02:05:22,429 [main] INFO com.pactiv.utils.TestDataUtils - key is ::Plant_7
2019-05-03 02:05:22,430 [main] INFO com.pactiv.utils.TestDataUtils - value is ::
2019-05-03 02:05:22,430 [main] INFO com.pactiv.utils.TestDataUtils - key is ::line_7
2019-05-03 02:05:22,430 [main] INFO com.pactiv.utils.TestDataUtils - value is ::
2019-05-03 02:05:22,430 [main] INFO com.pactiv.utils.TestDataUtils - key is ::shift_7
2019-05-03 02:05:22,431 [main] INFO com.pactiv.utils.TestDataUtils - value is ::
2019-05-03 02:05:22,431 [main] INFO com.pactiv.utils.TestDataUtils - key is ::username_8
2019-05-03 02:05:22,431 [main] INFO com.pactiv.utils.TestDataUtils - value is ::username
2019-05-03 02:05:22,431 [main] INFO com.pactiv.utils.TestDataUtils - key is ::password_8
2019-05-03 02:05:22,432 [main] INFO com.pactiv.utils.TestDataUtils - value is ::password
2019-05-03 02:05:22,432 [main] INFO com.pactiv.utils.TestDataUtils - key is ::Plant_8
2019-05-03 02:05:22,432 [main] INFO com.pactiv.utils.TestDataUtils - value is ::
2019-05-03 02:05:22,432 [main] INFO com.pactiv.utils.TestDataUtils - key is ::line_8
2019-05-03 02:05:22,433 [main] INFO com.pactiv.utils.TestDataUtils - value is ::
2019-05-03 02:05:22,433 [main] INFO com.pactiv.utils.TestDataUtils - key is ::shift_8
2019-05-03 02:05:22,433 [main] INFO com.pactiv.utils.TestDataUtils - value is ::
2019-05-03 02:05:22,433 [main] INFO com.pactiv.utils.TestDataUtils - key is ::username_9
2019-05-03 02:05:22,434 [main] INFO com.pactiv.utils.TestDataUtils - value is ::DMGAdminTest
2019-05-03 02:05:22,434 [main] INFO com.pactiv.utils.TestDataUtils - key is ::password_9
2019-05-03 02:05:22,434 [main] INFO com.pactiv.utils.TestDataUtils - value is ::test1234567890
2019-05-03 02:05:22,434 [main] INFO com.pactiv.utils.TestDataUtils - key is ::Plant_9
2019-05-03 02:05:22,435 [main] INFO com.pactiv.utils.TestDataUtils - value is ::
2019-05-03 02:05:22,435 [main] INFO com.pactiv.utils.TestDataUtils - key is ::line_9
2019-05-03 02:05:22,435 [main] INFO com.pactiv.utils.TestDataUtils - value is ::
2019-05-03 02:05:22,435 [main] INFO com.pactiv.utils.TestDataUtils - key is ::shift_9
2019-05-03 02:05:22,436 [main] INFO com.pactiv.utils.TestDataUtils - value is ::
2019-05-03 02:05:22,440 [main] INFO com.pactiv.steps.BeforeAfterStepDefinition - Current scenario status is::null
2019-05-03 02:05:22,447 [main] ERROR com.pactiv.config.SeleniumNGSuite - Error in closing the browser:: invalid session id
  (Driver info: chromedriver=2.45.615291 (ec3682e3c9061c10f26ea9e5cdcf3c53f3f74387),platform=Windows NT 10.0.14393 x86_64) (WARNING: The server did not provide any stacktrace information)
Command duration or timeout: 0 milliseconds
Build info: version: '3.5.1', revision: '9c21bb67ef', time: '2017-08-17T15:26:08.955Z'
System info: host: 'PVLDCTWF90', ip: '10.0.9.65', os.name: 'Windows Server 2016', os.arch: 'amd64', os.version: '10.0', java.version: '1.8.0_201'
Driver info: org.openqa.selenium.chrome.ChromeDriver
Capabilities [{mobileEmulationEnabled=false, timeouts={implicit=0.0, pageLoad=300000.0, script=30000.0}, hasTouchScreen=false, platform=XP, acceptSslCerts=false, goog:chromeOptions={debuggerAddress=localhost:3266}, acceptInsecureCerts=false, webStorageEnabled=true, browserName=chrome, takesScreenshot=true, javascriptEnabled=true, setWindowRect=true, unexpectedAlertBehaviour=ignore, applicationCacheEnabled=false, rotatable=false, networkConnectionEnabled=false, chrome={chromedriverVersion=2.45.615291 (ec3682e3c9061c10f26ea9e5cdcf3c53f3f74387), userDataDir=C:\Users\pzm6015\AppData\Local\Temp\7\scoped_dir19100_20999}, takesHeapSnapshot=true, pageLoadStrategy=normal, unhandledPromptBehavior=ignore, strictFileInteractability=false, databaseEnabled=false, handlesAlerts=true, version=73.0.3683.103, browserConnectionEnabled=false, proxy=Proxy(), nativeEvents=true, locationContextEnabled=true, cssSelectorsEnabled=true}]
Session ID: d76e9b7d7b4a4bc320b5f5619ad524f9
2019-05-03 02:05:22,450 [main] ERROR com.pactiv.steps.BeforeAfterStepDefinition - Error in In After Block execution::{}
null
	at com.pactiv.config.SeleniumNGSuite.tearDown(SeleniumNGSuite.java:81)
	at com.pactiv.steps.BeforeAfterStepDefinition.close(BeforeAfterStepDefinition.java:64)
	at sun.reflect.NativeMethodAccessorImpl.invoke0(Native Method)
	at sun.reflect.NativeMethodAccessorImpl.invoke(NativeMethodAccessorImpl.java:62)
	at sun.reflect.DelegatingMethodAccessorImpl.invoke(DelegatingMethodAccessorImpl.java:43)
	at java.lang.reflect.Method.invoke(Method.java:498)
	at cucumber.runtime.Utils$1.call(Utils.java:37)
	at cucumber.runtime.Timeout.timeout(Timeout.java:13)
	at cucumber.runtime.Utils.invoke(Utils.java:31)
	at cucumber.runtime.java.JavaHookDefinition.execute(JavaHookDefinition.java:60)
	at cucumber.runtime.Runtime.runHookIfTagsMatch(Runtime.java:223)
	at cucumber.runtime.Runtime.runHooks(Runtime.java:211)
	at cucumber.runtime.Runtime.runAfterHooks(Runtime.java:205)
	at cucumber.runtime.model.CucumberScenario.run(CucumberScenario.java:46)
	at cucumber.runtime.junit.ExecutionUnitRunner.run(ExecutionUnitRunner.java:91)
	at org.junit.runners.Suite.runChild(Suite.java:128)
	at org.junit.runners.Suite.runChild(Suite.java:27)
	at org.junit.runners.ParentRunner$3.run(ParentRunner.java:290)
	at org.junit.runners.ParentRunner$1.schedule(ParentRunner.java:71)
	at org.junit.runners.ParentRunner.runChildren(ParentRunner.java:288)
	at org.junit.runners.ParentRunner.access$000(ParentRunner.java:58)
	at org.junit.runners.ParentRunner$2.evaluate(ParentRunner.java:268)
	at org.junit.runners.ParentRunner.run(ParentRunner.java:363)
	at cucumber.runtime.junit.ExamplesRunner.run(ExamplesRunner.java:59)
	at org.junit.runners.Suite.runChild(Suite.java:128)
	at org.junit.runners.Suite.runChild(Suite.java:27)
	at org.junit.runners.ParentRunner$3.run(ParentRunner.java:290)
	at org.junit.runners.ParentRunner$1.schedule(ParentRunner.java:71)
	at org.junit.runners.ParentRunner.runChildren(ParentRunner.java:288)
	at org.junit.runners.ParentRunner.access$000(ParentRunner.java:58)
	at org.junit.runners.ParentRunner$2.evaluate(ParentRunner.java:268)
	at org.junit.runners.ParentRunner.run(ParentRunner.java:363)
	at cucumber.runtime.junit.ScenarioOutlineRunner.run(ScenarioOutlineRunner.java:53)
	at cucumber.runtime.junit.FeatureRunner.runChild(FeatureRunner.java:63)
	at cucumber.runtime.junit.FeatureRunner.runChild(FeatureRunner.java:18)
	at org.junit.runners.ParentRunner$3.run(ParentRunner.java:290)
	at org.junit.runners.ParentRunner$1.schedule(ParentRunner.java:71)
	at org.junit.runners.ParentRunner.runChildren(ParentRunner.java:288)
	at org.junit.runners.ParentRunner.access$000(ParentRunner.java:58)
	at org.junit.runners.ParentRunner$2.evaluate(ParentRunner.java:268)
	at org.junit.runners.ParentRunner.run(ParentRunner.java:363)
	at cucumber.runtime.junit.FeatureRunner.run(FeatureRunner.java:70)
	at cucumber.api.junit.Cucumber.runChild(Cucumber.java:93)
	at cucumber.api.junit.Cucumber.runChild(Cucumber.java:37)
	at org.junit.runners.ParentRunner$3.run(ParentRunner.java:290)
	at org.junit.runners.ParentRunner$1.schedule(ParentRunner.java:71)
	at org.junit.runners.ParentRunner.runChildren(ParentRunner.java:288)
	at org.junit.runners.ParentRunner.access$000(ParentRunner.java:58)
	at org.junit.runners.ParentRunner$2.evaluate(ParentRunner.java:268)
	at org.junit.runners.ParentRunner.run(ParentRunner.java:363)
	at cucumber.api.junit.Cucumber.run(Cucumber.java:98)
	at org.eclipse.jdt.internal.junit4.runner.JUnit4TestReference.run(JUnit4TestReference.java:89)
	at org.eclipse.jdt.internal.junit.runner.TestExecution.run(TestExecution.java:41)
	at org.eclipse.jdt.internal.junit.runner.RemoteTestRunner.runTests(RemoteTestRunner.java:541)
	at org.eclipse.jdt.internal.junit.runner.RemoteTestRunner.runTests(RemoteTestRunner.java:763)
	at org.eclipse.jdt.internal.junit.runner.RemoteTestRunner.run(RemoteTestRunner.java:463)
	at org.eclipse.jdt.internal.junit.runner.RemoteTestRunner.main(RemoteTestRunner.java:209)
Caused by: org.openqa.selenium.NoSuchSessionException: invalid session id
  (Driver info: chromedriver=2.45.615291 (ec3682e3c9061c10f26ea9e5cdcf3c53f3f74387),platform=Windows NT 10.0.14393 x86_64) (WARNING: The server did not provide any stacktrace information)
Command duration or timeout: 0 milliseconds
Build info: version: '3.5.1', revision: '9c21bb67ef', time: '2017-08-17T15:26:08.955Z'
System info: host: 'PVLDCTWF90', ip: '10.0.9.65', os.name: 'Windows Server 2016', os.arch: 'amd64', os.version: '10.0', java.version: '1.8.0_201'
Driver info: org.openqa.selenium.chrome.ChromeDriver
Capabilities [{mobileEmulationEnabled=false, timeouts={implicit=0.0, pageLoad=300000.0, script=30000.0}, hasTouchScreen=false, platform=XP, acceptSslCerts=false, goog:chromeOptions={debuggerAddress=localhost:3266}, acceptInsecureCerts=false, webStorageEnabled=true, browserName=chrome, takesScreenshot=true, javascriptEnabled=true, setWindowRect=true, unexpectedAlertBehaviour=ignore, applicationCacheEnabled=false, rotatable=false, networkConnectionEnabled=false, chrome={chromedriverVersion=2.45.615291 (ec3682e3c9061c10f26ea9e5cdcf3c53f3f74387), userDataDir=C:\Users\pzm6015\AppData\Local\Temp\7\scoped_dir19100_20999}, takesHeapSnapshot=true, pageLoadStrategy=normal, unhandledPromptBehavior=ignore, strictFileInteractability=false, databaseEnabled=false, handlesAlerts=true, version=73.0.3683.103, browserConnectionEnabled=false, proxy=Proxy(), nativeEvents=true, locationContextEnabled=true, cssSelectorsEnabled=true}]
Session ID: d76e9b7d7b4a4bc320b5f5619ad524f9
	at sun.reflect.NativeConstructorAccessorImpl.newInstance0(Native Method)
	at sun.reflect.NativeConstructorAccessorImpl.newInstance(NativeConstructorAccessorImpl.java:62)
	at sun.reflect.DelegatingConstructorAccessorImpl.newInstance(DelegatingConstructorAccessorImpl.java:45)
	at java.lang.reflect.Constructor.newInstance(Constructor.java:423)
	at org.openqa.selenium.remote.ErrorHandler.createThrowable(ErrorHandler.java:215)
	at org.openqa.selenium.remote.ErrorHandler.throwIfResponseFailed(ErrorHandler.java:167)
	at org.openqa.selenium.remote.http.JsonHttpResponseCodec.reconstructValue(JsonHttpResponseCodec.java:40)
	at org.openqa.selenium.remote.http.AbstractHttpResponseCodec.decode(AbstractHttpResponseCodec.java:82)
	at org.openqa.selenium.remote.http.AbstractHttpResponseCodec.decode(AbstractHttpResponseCodec.java:45)
	at org.openqa.selenium.remote.HttpCommandExecutor.execute(HttpCommandExecutor.java:164)
	at org.openqa.selenium.remote.service.DriverCommandExecutor.execute(DriverCommandExecutor.java:82)
	at org.openqa.selenium.remote.RemoteWebDriver.execute(RemoteWebDriver.java:641)
	at org.openqa.selenium.remote.RemoteWebDriver.execute(RemoteWebDriver.java:698)
	at org.openqa.selenium.remote.RemoteWebDriver.close(RemoteWebDriver.java:527)
	at sun.reflect.NativeMethodAccessorImpl.invoke0(Native Method)
	at sun.reflect.NativeMethodAccessorImpl.invoke(NativeMethodAccessorImpl.java:62)
	at sun.reflect.DelegatingMethodAccessorImpl.invoke(DelegatingMethodAccessorImpl.java:43)
	at java.lang.reflect.Method.invoke(Method.java:498)
	at org.openqa.selenium.support.ThreadGuard$WebDriverInvocationHandler.invokeUnderlying(ThreadGuard.java:100)
	at org.openqa.selenium.support.ThreadGuard$WebDriverInvocationHandler.invoke(ThreadGuard.java:92)
	at com.sun.proxy.$Proxy16.close(Unknown Source)
	at com.pactiv.config.SeleniumNGSuite.tearDown(SeleniumNGSuite.java:72)
	... 56 more
2019-05-03 02:05:22,485 [main] INFO com.pactiv.steps.BeforeAfterStepDefinition - In before step definition for scenario::Successful log into DMG application and verify Add New Plant
2019-05-03 02:05:22,486 [main] INFO com.pactiv.utils.TestDataUtils - ===== Reading Feature Details====
2019-05-03 02:05:22,486 [main] INFO com.pactiv.utils.TestDataUtils - Scenario::cucumber.runtime.ScenarioImpl@58112bc4
2019-05-03 02:05:22,486 [main] INFO com.pactiv.utils.TestDataUtils - Scenario name::Successful log into DMG application and verify Add New Plant
2019-05-03 02:05:22,487 [main] INFO com.pactiv.utils.TestDataUtils - ****************
2019-05-03 02:05:22,487 [main] INFO com.pactiv.utils.TestDataUtils - Scenario Name:Successful log into DMG application and verify Add New Plant
2019-05-03 02:05:22,487 [main] INFO com.pactiv.utils.TestDataUtils - feature file Name:loginaction
2019-05-03 02:05:22,488 [main] INFO com.pactiv.utils.TestDataUtils - ------------
2019-05-03 02:05:22,488 [main] INFO com.pactiv.utils.TestDataUtils - Scenario_id:Successful log into DMG application and verify Add New Plant
2019-05-03 02:05:22,567 [main] INFO com.pactiv.utils.TestDataUtils - SheetName is: LoginAction
2019-05-03 02:05:22,578 [main] INFO com.pactiv.utils.TestDataUtils - Row is: 24Column is: 0
2019-05-03 02:05:22,579 [main] INFO com.pactiv.utils.TestDataUtils - no of cells 1::2
2019-05-03 02:05:22,592 [main] INFO com.pactiv.utils.TestDataUtils - header::[username, password]
2019-05-03 02:05:22,592 [main] INFO com.pactiv.utils.TestDataUtils - no of rows::1
2019-05-03 02:05:22,594 [main] INFO com.pactiv.utils.TestDataUtils - key is ::username_1
2019-05-03 02:05:22,594 [main] INFO com.pactiv.utils.TestDataUtils - value is ::DMGAdminTest
2019-05-03 02:05:22,594 [main] INFO com.pactiv.utils.TestDataUtils - key is ::password_1
2019-05-03 02:05:22,595 [main] INFO com.pactiv.utils.TestDataUtils - value is ::test1234567890
2019-05-03 02:05:22,812 [main] INFO com.pactiv.config.DriverConfig - Setting up the driver::chrome
2019-05-03 02:05:27,787 [main] INFO com.pactiv.utils.TestDataUtils - Access the PACTIV URL::PASS
2019-05-03 02:05:27,790 [main] INFO com.pactiv.utils.PropertyUtils - Property File Name is ::C:\Users\pzm6015\Documents\PACTIV\PACTIV\PACTIV\src\test\resources\properties\PactivLogin.property
2019-05-03 02:05:27,798 [main] INFO com.pactiv.utils.DriverUtilsImpl - in gclick ::By.xpath: //input[contains(@name,'thingworx-form-userid')]
2019-05-03 02:05:33,254 [main] INFO com.pactiv.utils.DriverUtilsImpl - in gclick ::By.xpath: //input[contains(@name,'thingworx-form-password')]
2019-05-03 02:05:38,617 [main] INFO com.pactiv.utils.DriverUtilsImpl - in gclick ::By.xpath: //input[contains(@value,'Submit')]
2019-05-03 02:05:47,332 [main] INFO com.pactiv.utils.PropertyUtils - Property File Name is ::C:\Users\pzm6015\Documents\PACTIV\PACTIV\PACTIV\src\test\resources\properties\ProductionTracking.property
2019-05-03 02:05:47,333 [main] INFO com.pactiv.utils.PropertyUtils - Property File Name is ::C:\Users\pzm6015\Documents\PACTIV\PACTIV\PACTIV\\src\\test\\resources\\properties\\DMGApp.property
2019-05-03 02:05:47,405 [main] INFO com.pactiv.utils.PropertyUtils - Property File Name is ::C:\Users\pzm6015\Documents\PACTIV\PACTIV\PACTIV\\src\\test\\resources\\properties\\DMGApp.property
2019-05-03 02:05:47,410 [main] INFO com.pactiv.utils.DriverUtilsImpl - in gclick ::By.xpath: //strong[contains(.,'ADD PLANT')]
2019-05-03 02:05:52,562 [main] INFO com.pactiv.utils.PropertyUtils - Property File Name is ::C:\Users\pzm6015\Documents\PACTIV\PACTIV\PACTIV\\src\\test\\resources\\properties\\DMGApp.property
2019-05-03 02:05:52,612 [main] INFO com.pactiv.utils.PropertyUtils - Property File Name is ::C:\Users\pzm6015\Documents\PACTIV\PACTIV\PACTIV\src\test\resources\properties\ControlTower.property
2019-05-03 02:05:52,616 [main] INFO com.pactiv.utils.PropertyUtils - Property File Name is ::C:\Users\pzm6015\Documents\PACTIV\PACTIV\PACTIV\src\test\resources\properties\ReportLog.property
2019-05-03 02:05:52,617 [main] INFO com.pactiv.utils.PropertyUtils - Property File Name is ::C:\Users\pzm6015\Documents\PACTIV\PACTIV\PACTIV\\src\\test\\resources\\properties\\DMGApp.property
2019-05-03 02:05:52,651 [main] INFO com.pactiv.utils.PropertyUtils - Property File Name is ::C:\Users\pzm6015\Documents\PACTIV\PACTIV\PACTIV\\src\\test\\resources\\properties\\DMGApp.property
2019-05-03 02:05:52,689 [main] INFO com.pactiv.utils.PropertyUtils - Property File Name is ::C:\Users\pzm6015\Documents\PACTIV\PACTIV\PACTIV\\src\\test\\resources\\properties\\DMGApp.property
2019-05-03 02:05:52,728 [main] INFO com.pactiv.utils.PropertyUtils - Property File Name is ::C:\Users\pzm6015\Documents\PACTIV\PACTIV\PACTIV\\src\\test\\resources\\properties\\DMGApp.property
2019-05-03 02:05:52,762 [main] INFO com.pactiv.utils.PropertyUtils - Property File Name is ::C:\Users\pzm6015\Documents\PACTIV\PACTIV\PACTIV\\src\\test\\resources\\properties\\DMGApp.property
2019-05-03 02:05:52,798 [main] INFO com.pactiv.utils.PropertyUtils - Property File Name is ::C:\Users\pzm6015\Documents\PACTIV\PACTIV\PACTIV\\src\\test\\resources\\properties\\DMGApp.property
2019-05-03 02:05:52,845 [main] INFO com.pactiv.utils.DriverUtilsImpl - in gclick ::By.xpath: //div[text()='Add a New Plant']/../div/img[contains(@src,'left-arrow')]
2019-05-03 02:06:08,062 [main] INFO com.pactiv.steps.BeforeAfterStepDefinition - Current scenario status is::null
2019-05-03 02:06:10,810 [main] INFO com.pactiv.config.SeleniumNGSuite - Successfully closed the browser 
2019-05-03 02:06:20,942 [main] INFO com.pactiv.config.DriverConfig - Setting up the driver::chrome headless
2019-05-03 02:06:27,067 [main] INFO com.pactiv.steps.BeforeAfterStepDefinition - In before step definition for scenario::Successful log into CPT application as Floater And Verify PT Hour Box Entry
2019-05-03 02:06:27,067 [main] INFO com.pactiv.utils.TestDataUtils - ===== Reading Feature Details====
2019-05-03 02:06:27,069 [main] INFO com.pactiv.utils.TestDataUtils - Scenario::cucumber.runtime.ScenarioImpl@2f651f93
2019-05-03 02:06:27,069 [main] INFO com.pactiv.utils.TestDataUtils - Scenario name::Successful log into CPT application as Floater And Verify PT Hour Box Entry
2019-05-03 02:06:27,069 [main] INFO com.pactiv.utils.TestDataUtils - ****************
2019-05-03 02:06:27,069 [main] INFO com.pactiv.utils.TestDataUtils - Scenario Name:Successful log into CPT application as Floater And Verify PT Hour Box Entry
2019-05-03 02:06:27,069 [main] INFO com.pactiv.utils.TestDataUtils - feature file Name:loginaction
2019-05-03 02:06:27,069 [main] INFO com.pactiv.utils.TestDataUtils - ------------
2019-05-03 02:06:27,069 [main] INFO com.pactiv.utils.TestDataUtils - Scenario_id:Successful log into CPT application as Floater And Verify PT Hour Box Entry
2019-05-03 02:06:27,136 [main] INFO com.pactiv.utils.TestDataUtils - SheetName is: LoginAction
2019-05-03 02:06:27,143 [main] INFO com.pactiv.utils.TestDataUtils - Row is: 28Column is: 0
2019-05-03 02:06:27,144 [main] INFO com.pactiv.utils.TestDataUtils - no of cells 1::2
2019-05-03 02:06:27,152 [main] INFO com.pactiv.utils.TestDataUtils - header::[username, password]
2019-05-03 02:06:27,152 [main] INFO com.pactiv.utils.TestDataUtils - no of rows::4
2019-05-03 02:06:27,153 [main] INFO com.pactiv.utils.TestDataUtils - key is ::username_1
2019-05-03 02:06:27,153 [main] INFO com.pactiv.utils.TestDataUtils - value is ::FloaterTest1
2019-05-03 02:06:27,153 [main] INFO com.pactiv.utils.TestDataUtils - key is ::password_1
2019-05-03 02:06:27,153 [main] INFO com.pactiv.utils.TestDataUtils - value is ::test1234567890
2019-05-03 02:06:27,154 [main] INFO com.pactiv.utils.TestDataUtils - key is ::username_2
2019-05-03 02:06:27,154 [main] INFO com.pactiv.utils.TestDataUtils - value is ::FloaterTest2
2019-05-03 02:06:27,154 [main] INFO com.pactiv.utils.TestDataUtils - key is ::password_2
2019-05-03 02:06:27,154 [main] INFO com.pactiv.utils.TestDataUtils - value is ::test1234567890
2019-05-03 02:06:27,155 [main] INFO com.pactiv.utils.TestDataUtils - key is ::username_3
2019-05-03 02:06:27,155 [main] INFO com.pactiv.utils.TestDataUtils - value is ::FloaterTest3
2019-05-03 02:06:27,155 [main] INFO com.pactiv.utils.TestDataUtils - key is ::password_3
2019-05-03 02:06:27,155 [main] INFO com.pactiv.utils.TestDataUtils - value is ::test1234567890
2019-05-03 02:06:27,156 [main] INFO com.pactiv.utils.TestDataUtils - key is ::username_4
2019-05-03 02:06:27,156 [main] INFO com.pactiv.utils.TestDataUtils - value is ::FloaterTest4
2019-05-03 02:06:27,156 [main] INFO com.pactiv.utils.TestDataUtils - key is ::password_4
2019-05-03 02:06:27,156 [main] INFO com.pactiv.utils.TestDataUtils - value is ::test1234567890
2019-05-03 02:06:27,157 [main] INFO com.pactiv.config.DriverConfig - Setting up the driver::chrome
2019-05-03 02:06:31,947 [main] INFO com.pactiv.utils.TestDataUtils - Access the PACTIV URL::PASS
2019-05-03 02:06:31,953 [main] INFO com.pactiv.utils.DriverUtilsImpl - in gclick ::By.xpath: //input[contains(@name,'thingworx-form-userid')]
2019-05-03 02:06:37,419 [main] INFO com.pactiv.utils.DriverUtilsImpl - in gclick ::By.xpath: //input[contains(@name,'thingworx-form-password')]
2019-05-03 02:06:42,756 [main] INFO com.pactiv.utils.DriverUtilsImpl - in gclick ::By.xpath: //input[contains(@value,'Submit')]
2019-05-03 02:06:51,874 [main] INFO com.pactiv.utils.PropertyUtils - Property File Name is ::C:\Users\pzm6015\Documents\PACTIV\PACTIV\PACTIV\\src\\test\\resources\\properties\\DMGApp.property
2019-05-03 02:06:51,920 [main] INFO com.pactiv.utils.PropertyUtils - Property File Name is ::C:\Users\pzm6015\Documents\PACTIV\PACTIV\PACTIV\\src\\test\\resources\\properties\\DMGApp.property
2019-05-03 02:06:56,977 [main] INFO com.pactiv.steps.BeforeAfterStepDefinition - Current scenario status is::null
2019-05-03 02:06:59,808 [main] INFO com.pactiv.config.SeleniumNGSuite - Successfully closed the browser 
2019-05-03 02:07:09,912 [main] INFO com.pactiv.config.DriverConfig - Setting up the driver::chrome headless
2019-05-03 02:07:15,980 [main] INFO com.pactiv.steps.BeforeAfterStepDefinition - In before step definition for scenario::Successful log into CPT application as Floater And Verify PT Hour Box Entry
2019-05-03 02:07:15,980 [main] INFO com.pactiv.utils.TestDataUtils - ===== Reading Feature Details====
2019-05-03 02:07:15,980 [main] INFO com.pactiv.utils.TestDataUtils - Scenario::cucumber.runtime.ScenarioImpl@28f878a0
2019-05-03 02:07:15,980 [main] INFO com.pactiv.utils.TestDataUtils - Scenario name::Successful log into CPT application as Floater And Verify PT Hour Box Entry
2019-05-03 02:07:15,981 [main] INFO com.pactiv.utils.TestDataUtils - ****************
2019-05-03 02:07:15,981 [main] INFO com.pactiv.utils.TestDataUtils - Scenario Name:Successful log into CPT application as Floater And Verify PT Hour Box Entry
2019-05-03 02:07:15,981 [main] INFO com.pactiv.utils.TestDataUtils - feature file Name:loginaction
2019-05-03 02:07:15,981 [main] INFO com.pactiv.utils.TestDataUtils - ------------
2019-05-03 02:07:15,981 [main] INFO com.pactiv.utils.TestDataUtils - Scenario_id:Successful log into CPT application as Floater And Verify PT Hour Box Entry
2019-05-03 02:07:16,020 [main] INFO com.pactiv.utils.TestDataUtils - SheetName is: LoginAction
2019-05-03 02:07:16,023 [main] INFO com.pactiv.utils.TestDataUtils - Row is: 28Column is: 0
2019-05-03 02:07:16,023 [main] INFO com.pactiv.utils.TestDataUtils - no of cells 1::2
2019-05-03 02:07:16,030 [main] INFO com.pactiv.utils.TestDataUtils - header::[username, password]
2019-05-03 02:07:16,030 [main] INFO com.pactiv.utils.TestDataUtils - no of rows::4
2019-05-03 02:07:16,030 [main] INFO com.pactiv.utils.TestDataUtils - key is ::username_1
2019-05-03 02:07:16,030 [main] INFO com.pactiv.utils.TestDataUtils - value is ::FloaterTest1
2019-05-03 02:07:16,030 [main] INFO com.pactiv.utils.TestDataUtils - key is ::password_1
2019-05-03 02:07:16,031 [main] INFO com.pactiv.utils.TestDataUtils - value is ::test1234567890
2019-05-03 02:07:16,031 [main] INFO com.pactiv.utils.TestDataUtils - key is ::username_2
2019-05-03 02:07:16,031 [main] INFO com.pactiv.utils.TestDataUtils - value is ::FloaterTest2
2019-05-03 02:07:16,031 [main] INFO com.pactiv.utils.TestDataUtils - key is ::password_2
2019-05-03 02:07:16,032 [main] INFO com.pactiv.utils.TestDataUtils - value is ::test1234567890
2019-05-03 02:07:16,032 [main] INFO com.pactiv.utils.TestDataUtils - key is ::username_3
2019-05-03 02:07:16,032 [main] INFO com.pactiv.utils.TestDataUtils - value is ::FloaterTest3
2019-05-03 02:07:16,032 [main] INFO com.pactiv.utils.TestDataUtils - key is ::password_3
2019-05-03 02:07:16,032 [main] INFO com.pactiv.utils.TestDataUtils - value is ::test1234567890
2019-05-03 02:07:16,033 [main] INFO com.pactiv.utils.TestDataUtils - key is ::username_4
2019-05-03 02:07:16,033 [main] INFO com.pactiv.utils.TestDataUtils - value is ::FloaterTest4
2019-05-03 02:07:16,033 [main] INFO com.pactiv.utils.TestDataUtils - key is ::password_4
2019-05-03 02:07:16,033 [main] INFO com.pactiv.utils.TestDataUtils - value is ::test1234567890
2019-05-03 02:07:16,034 [main] INFO com.pactiv.config.DriverConfig - Setting up the driver::chrome
2019-05-03 02:07:20,900 [main] INFO com.pactiv.utils.TestDataUtils - Access the PACTIV URL::PASS
2019-05-03 02:07:20,905 [main] INFO com.pactiv.utils.DriverUtilsImpl - in gclick ::By.xpath: //input[contains(@name,'thingworx-form-userid')]
2019-05-03 02:07:26,331 [main] INFO com.pactiv.utils.DriverUtilsImpl - in gclick ::By.xpath: //input[contains(@name,'thingworx-form-password')]
2019-05-03 02:07:31,699 [main] INFO com.pactiv.utils.DriverUtilsImpl - in gclick ::By.xpath: //input[contains(@value,'Submit')]
2019-05-03 02:07:40,444 [main] INFO com.pactiv.utils.PropertyUtils - Property File Name is ::C:\Users\pzm6015\Documents\PACTIV\PACTIV\PACTIV\\src\\test\\resources\\properties\\DMGApp.property
2019-05-03 02:07:40,529 [main] INFO com.pactiv.utils.PropertyUtils - Property File Name is ::C:\Users\pzm6015\Documents\PACTIV\PACTIV\PACTIV\\src\\test\\resources\\properties\\DMGApp.property
2019-05-03 02:07:40,681 [main] INFO com.pactiv.utils.DriverUtilsImpl - in gclick ::By.xpath: //button[contains(@class,'button-element textsize-normal')]
2019-05-03 02:07:46,132 [main] INFO com.pactiv.steps.BeforeAfterStepDefinition - Current scenario status is::null
2019-05-03 02:07:46,850 [main] INFO com.pactiv.config.SeleniumNGSuite - Successfully closed the browser 
2019-05-03 02:07:56,952 [main] INFO com.pactiv.config.DriverConfig - Setting up the driver::chrome headless
2019-05-03 02:08:03,247 [main] INFO com.pactiv.steps.BeforeAfterStepDefinition - In before step definition for scenario::Successful log into CPT application as Supervisor And Verify PT Hour Box Entry
2019-05-03 02:08:03,247 [main] INFO com.pactiv.utils.TestDataUtils - ===== Reading Feature Details====
2019-05-03 02:08:03,248 [main] INFO com.pactiv.utils.TestDataUtils - Scenario::cucumber.runtime.ScenarioImpl@184fb68d
2019-05-03 02:08:03,248 [main] INFO com.pactiv.utils.TestDataUtils - Scenario name::Successful log into CPT application as Supervisor And Verify PT Hour Box Entry
2019-05-03 02:08:03,248 [main] INFO com.pactiv.utils.TestDataUtils - ****************
2019-05-03 02:08:03,248 [main] INFO com.pactiv.utils.TestDataUtils - Scenario Name:Successful log into CPT application as Supervisor And Verify PT Hour Box Entry
2019-05-03 02:08:03,249 [main] INFO com.pactiv.utils.TestDataUtils - feature file Name:loginaction
2019-05-03 02:08:03,249 [main] INFO com.pactiv.utils.TestDataUtils - ------------
2019-05-03 02:08:03,249 [main] INFO com.pactiv.utils.TestDataUtils - Scenario_id:Successful log into CPT application as Supervisor And Verify PT Hour Box Entry
2019-05-03 02:08:03,285 [main] INFO com.pactiv.utils.TestDataUtils - SheetName is: LoginAction
2019-05-03 02:08:03,287 [main] INFO com.pactiv.utils.TestDataUtils - Row is: 35Column is: 0
2019-05-03 02:08:03,288 [main] INFO com.pactiv.utils.TestDataUtils - no of cells 1::2
2019-05-03 02:08:03,292 [main] INFO com.pactiv.utils.TestDataUtils - header::[username, password]
2019-05-03 02:08:03,293 [main] INFO com.pactiv.utils.TestDataUtils - no of rows::16
2019-05-03 02:08:03,293 [main] INFO com.pactiv.utils.TestDataUtils - key is ::username_1
2019-05-03 02:08:03,293 [main] INFO com.pactiv.utils.TestDataUtils - value is ::FloaterTest1
2019-05-03 02:08:03,293 [main] INFO com.pactiv.utils.TestDataUtils - key is ::password_1
2019-05-03 02:08:03,293 [main] INFO com.pactiv.utils.TestDataUtils - value is ::test1234567890
2019-05-03 02:08:03,293 [main] INFO com.pactiv.utils.TestDataUtils - key is ::username_2
2019-05-03 02:08:03,293 [main] INFO com.pactiv.utils.TestDataUtils - value is ::FloaterTest2
2019-05-03 02:08:03,294 [main] INFO com.pactiv.utils.TestDataUtils - key is ::password_2
2019-05-03 02:08:03,294 [main] INFO com.pactiv.utils.TestDataUtils - value is ::test1234567890
2019-05-03 02:08:03,294 [main] INFO com.pactiv.utils.TestDataUtils - key is ::username_3
2019-05-03 02:08:03,294 [main] INFO com.pactiv.utils.TestDataUtils - value is ::FloaterTest3
2019-05-03 02:08:03,294 [main] INFO com.pactiv.utils.TestDataUtils - key is ::password_3
2019-05-03 02:08:03,294 [main] INFO com.pactiv.utils.TestDataUtils - value is ::test1234567890
2019-05-03 02:08:03,294 [main] INFO com.pactiv.utils.TestDataUtils - key is ::username_4
2019-05-03 02:08:03,295 [main] INFO com.pactiv.utils.TestDataUtils - value is ::FloaterTest4
2019-05-03 02:08:03,295 [main] INFO com.pactiv.utils.TestDataUtils - key is ::password_4
2019-05-03 02:08:03,295 [main] INFO com.pactiv.utils.TestDataUtils - value is ::test1234567890
2019-05-03 02:08:03,295 [main] INFO com.pactiv.utils.TestDataUtils - key is ::username_5
2019-05-03 02:08:03,295 [main] INFO com.pactiv.utils.TestDataUtils - value is ::
2019-05-03 02:08:03,295 [main] INFO com.pactiv.utils.TestDataUtils - key is ::password_5
2019-05-03 02:08:03,295 [main] INFO com.pactiv.utils.TestDataUtils - value is ::
2019-05-03 02:08:03,295 [main] INFO com.pactiv.utils.TestDataUtils - key is ::username_6
2019-05-03 02:08:03,296 [main] INFO com.pactiv.utils.TestDataUtils - value is ::
2019-05-03 02:08:03,296 [main] INFO com.pactiv.utils.TestDataUtils - key is ::password_6
2019-05-03 02:08:03,296 [main] INFO com.pactiv.utils.TestDataUtils - value is ::
2019-05-03 02:08:03,296 [main] INFO com.pactiv.utils.TestDataUtils - key is ::username_7
2019-05-03 02:08:03,296 [main] INFO com.pactiv.utils.TestDataUtils - value is ::
2019-05-03 02:08:03,296 [main] INFO com.pactiv.utils.TestDataUtils - key is ::password_7
2019-05-03 02:08:03,296 [main] INFO com.pactiv.utils.TestDataUtils - value is ::
2019-05-03 02:08:03,296 [main] INFO com.pactiv.utils.TestDataUtils - key is ::username_8
2019-05-03 02:08:03,297 [main] INFO com.pactiv.utils.TestDataUtils - value is ::
2019-05-03 02:08:03,297 [main] INFO com.pactiv.utils.TestDataUtils - key is ::password_8
2019-05-03 02:08:03,297 [main] INFO com.pactiv.utils.TestDataUtils - value is ::
2019-05-03 02:08:03,297 [main] INFO com.pactiv.utils.TestDataUtils - key is ::username_9
2019-05-03 02:08:03,297 [main] INFO com.pactiv.utils.TestDataUtils - value is ::
2019-05-03 02:08:03,297 [main] INFO com.pactiv.utils.TestDataUtils - key is ::password_9
2019-05-03 02:08:03,297 [main] INFO com.pactiv.utils.TestDataUtils - value is ::
2019-05-03 02:08:03,297 [main] INFO com.pactiv.utils.TestDataUtils - key is ::username_10
2019-05-03 02:08:03,298 [main] INFO com.pactiv.utils.TestDataUtils - value is ::
2019-05-03 02:08:03,298 [main] INFO com.pactiv.utils.TestDataUtils - key is ::password_10
2019-05-03 02:08:03,298 [main] INFO com.pactiv.utils.TestDataUtils - value is ::
2019-05-03 02:08:03,298 [main] INFO com.pactiv.utils.TestDataUtils - key is ::username_11
2019-05-03 02:08:03,298 [main] INFO com.pactiv.utils.TestDataUtils - value is ::
2019-05-03 02:08:03,298 [main] INFO com.pactiv.utils.TestDataUtils - key is ::password_11
2019-05-03 02:08:03,298 [main] INFO com.pactiv.utils.TestDataUtils - value is ::
2019-05-03 02:08:03,298 [main] INFO com.pactiv.utils.TestDataUtils - key is ::username_12
2019-05-03 02:08:03,299 [main] INFO com.pactiv.utils.TestDataUtils - value is ::
2019-05-03 02:08:03,299 [main] INFO com.pactiv.utils.TestDataUtils - key is ::password_12
2019-05-03 02:08:03,299 [main] INFO com.pactiv.utils.TestDataUtils - value is ::
2019-05-03 02:08:03,299 [main] INFO com.pactiv.utils.TestDataUtils - key is ::username_13
2019-05-03 02:08:03,299 [main] INFO com.pactiv.utils.TestDataUtils - value is ::
2019-05-03 02:08:03,299 [main] INFO com.pactiv.utils.TestDataUtils - key is ::password_13
2019-05-03 02:08:03,299 [main] INFO com.pactiv.utils.TestDataUtils - value is ::
2019-05-03 02:08:03,299 [main] INFO com.pactiv.utils.TestDataUtils - key is ::username_14
2019-05-03 02:08:03,300 [main] INFO com.pactiv.utils.TestDataUtils - value is ::
2019-05-03 02:08:03,300 [main] INFO com.pactiv.utils.TestDataUtils - key is ::password_14
2019-05-03 02:08:03,300 [main] INFO com.pactiv.utils.TestDataUtils - value is ::
2019-05-03 02:08:03,300 [main] INFO com.pactiv.utils.TestDataUtils - key is ::username_15
2019-05-03 02:08:03,300 [main] INFO com.pactiv.utils.TestDataUtils - value is ::
2019-05-03 02:08:03,300 [main] INFO com.pactiv.utils.TestDataUtils - key is ::password_15
2019-05-03 02:08:03,300 [main] INFO com.pactiv.utils.TestDataUtils - value is ::
2019-05-03 02:08:03,300 [main] INFO com.pactiv.utils.TestDataUtils - key is ::username_16
2019-05-03 02:08:03,300 [main] INFO com.pactiv.utils.TestDataUtils - value is ::
2019-05-03 02:08:03,301 [main] INFO com.pactiv.utils.TestDataUtils - key is ::password_16
2019-05-03 02:08:03,301 [main] INFO com.pactiv.utils.TestDataUtils - value is ::
2019-05-03 02:08:03,301 [main] INFO com.pactiv.config.DriverConfig - Setting up the driver::chrome
2019-05-03 02:08:08,045 [main] INFO com.pactiv.utils.TestDataUtils - Access the PACTIV URL::PASS
2019-05-03 02:08:08,051 [main] INFO com.pactiv.utils.DriverUtilsImpl - in gclick ::By.xpath: //input[contains(@name,'thingworx-form-userid')]
2019-05-03 02:08:13,486 [main] INFO com.pactiv.utils.DriverUtilsImpl - in gclick ::By.xpath: //input[contains(@name,'thingworx-form-password')]
2019-05-03 02:08:18,881 [main] INFO com.pactiv.utils.DriverUtilsImpl - in gclick ::By.xpath: //input[contains(@value,'Submit')]
2019-05-03 02:08:28,045 [main] INFO com.pactiv.utils.PropertyUtils - Property File Name is ::C:\Users\pzm6015\Documents\PACTIV\PACTIV\PACTIV\\src\\test\\resources\\properties\\DMGApp.property
2019-05-03 02:08:28,557 [main] INFO com.pactiv.utils.PropertyUtils - Property File Name is ::C:\Users\pzm6015\Documents\PACTIV\PACTIV\PACTIV\\src\\test\\resources\\properties\\DMGApp.property
2019-05-03 02:08:33,706 [main] INFO com.pactiv.steps.BeforeAfterStepDefinition - Current scenario status is::null
2019-05-03 02:08:34,639 [main] INFO com.pactiv.config.SeleniumNGSuite - Successfully closed the browser 
2019-05-03 02:08:44,760 [main] INFO com.pactiv.config.DriverConfig - Setting up the driver::chrome headless
2019-05-03 02:08:50,892 [main] INFO com.pactiv.steps.BeforeAfterStepDefinition - In before step definition for scenario::Successful log into CPT application as Supervisor And Verify PT Hour Box Entry
2019-05-03 02:08:50,892 [main] INFO com.pactiv.utils.TestDataUtils - ===== Reading Feature Details====
2019-05-03 02:08:50,892 [main] INFO com.pactiv.utils.TestDataUtils - Scenario::cucumber.runtime.ScenarioImpl@2459319c
2019-05-03 02:08:50,892 [main] INFO com.pactiv.utils.TestDataUtils - Scenario name::Successful log into CPT application as Supervisor And Verify PT Hour Box Entry
2019-05-03 02:08:50,892 [main] INFO com.pactiv.utils.TestDataUtils - ****************
2019-05-03 02:08:50,893 [main] INFO com.pactiv.utils.TestDataUtils - Scenario Name:Successful log into CPT application as Supervisor And Verify PT Hour Box Entry
2019-05-03 02:08:50,893 [main] INFO com.pactiv.utils.TestDataUtils - feature file Name:loginaction
2019-05-03 02:08:50,893 [main] INFO com.pactiv.utils.TestDataUtils - ------------
2019-05-03 02:08:50,893 [main] INFO com.pactiv.utils.TestDataUtils - Scenario_id:Successful log into CPT application as Supervisor And Verify PT Hour Box Entry
2019-05-03 02:08:50,922 [main] INFO com.pactiv.utils.TestDataUtils - SheetName is: LoginAction
2019-05-03 02:08:50,924 [main] INFO com.pactiv.utils.TestDataUtils - Row is: 35Column is: 0
2019-05-03 02:08:50,925 [main] INFO com.pactiv.utils.TestDataUtils - no of cells 1::2
2019-05-03 02:08:50,927 [main] INFO com.pactiv.utils.TestDataUtils - header::[username, password]
2019-05-03 02:08:50,927 [main] INFO com.pactiv.utils.TestDataUtils - no of rows::16
2019-05-03 02:08:50,928 [main] INFO com.pactiv.utils.TestDataUtils - key is ::username_1
2019-05-03 02:08:50,928 [main] INFO com.pactiv.utils.TestDataUtils - value is ::FloaterTest1
2019-05-03 02:08:50,928 [main] INFO com.pactiv.utils.TestDataUtils - key is ::password_1
2019-05-03 02:08:50,928 [main] INFO com.pactiv.utils.TestDataUtils - value is ::test1234567890
2019-05-03 02:08:50,928 [main] INFO com.pactiv.utils.TestDataUtils - key is ::username_2
2019-05-03 02:08:50,928 [main] INFO com.pactiv.utils.TestDataUtils - value is ::FloaterTest2
2019-05-03 02:08:50,928 [main] INFO com.pactiv.utils.TestDataUtils - key is ::password_2
2019-05-03 02:08:50,928 [main] INFO com.pactiv.utils.TestDataUtils - value is ::test1234567890
2019-05-03 02:08:50,929 [main] INFO com.pactiv.utils.TestDataUtils - key is ::username_3
2019-05-03 02:08:50,929 [main] INFO com.pactiv.utils.TestDataUtils - value is ::FloaterTest3
2019-05-03 02:08:50,929 [main] INFO com.pactiv.utils.TestDataUtils - key is ::password_3
2019-05-03 02:08:50,929 [main] INFO com.pactiv.utils.TestDataUtils - value is ::test1234567890
2019-05-03 02:08:50,929 [main] INFO com.pactiv.utils.TestDataUtils - key is ::username_4
2019-05-03 02:08:50,929 [main] INFO com.pactiv.utils.TestDataUtils - value is ::FloaterTest4
2019-05-03 02:08:50,929 [main] INFO com.pactiv.utils.TestDataUtils - key is ::password_4
2019-05-03 02:08:50,929 [main] INFO com.pactiv.utils.TestDataUtils - value is ::test1234567890
2019-05-03 02:08:50,929 [main] INFO com.pactiv.utils.TestDataUtils - key is ::username_5
2019-05-03 02:08:50,930 [main] INFO com.pactiv.utils.TestDataUtils - value is ::
2019-05-03 02:08:50,930 [main] INFO com.pactiv.utils.TestDataUtils - key is ::password_5
2019-05-03 02:08:50,930 [main] INFO com.pactiv.utils.TestDataUtils - value is ::
2019-05-03 02:08:50,930 [main] INFO com.pactiv.utils.TestDataUtils - key is ::username_6
2019-05-03 02:08:50,930 [main] INFO com.pactiv.utils.TestDataUtils - value is ::
2019-05-03 02:08:50,930 [main] INFO com.pactiv.utils.TestDataUtils - key is ::password_6
2019-05-03 02:08:50,930 [main] INFO com.pactiv.utils.TestDataUtils - value is ::
2019-05-03 02:08:50,930 [main] INFO com.pactiv.utils.TestDataUtils - key is ::username_7
2019-05-03 02:08:50,930 [main] INFO com.pactiv.utils.TestDataUtils - value is ::
2019-05-03 02:08:50,931 [main] INFO com.pactiv.utils.TestDataUtils - key is ::password_7
2019-05-03 02:08:50,931 [main] INFO com.pactiv.utils.TestDataUtils - value is ::
2019-05-03 02:08:50,931 [main] INFO com.pactiv.utils.TestDataUtils - key is ::username_8
2019-05-03 02:08:50,931 [main] INFO com.pactiv.utils.TestDataUtils - value is ::
2019-05-03 02:08:50,931 [main] INFO com.pactiv.utils.TestDataUtils - key is ::password_8
2019-05-03 02:08:50,931 [main] INFO com.pactiv.utils.TestDataUtils - value is ::
2019-05-03 02:08:50,931 [main] INFO com.pactiv.utils.TestDataUtils - key is ::username_9
2019-05-03 02:08:50,931 [main] INFO com.pactiv.utils.TestDataUtils - value is ::
2019-05-03 02:08:50,931 [main] INFO com.pactiv.utils.TestDataUtils - key is ::password_9
2019-05-03 02:08:50,931 [main] INFO com.pactiv.utils.TestDataUtils - value is ::
2019-05-03 02:08:50,932 [main] INFO com.pactiv.utils.TestDataUtils - key is ::username_10
2019-05-03 02:08:50,932 [main] INFO com.pactiv.utils.TestDataUtils - value is ::
2019-05-03 02:08:50,932 [main] INFO com.pactiv.utils.TestDataUtils - key is ::password_10
2019-05-03 02:08:50,932 [main] INFO com.pactiv.utils.TestDataUtils - value is ::
2019-05-03 02:08:50,932 [main] INFO com.pactiv.utils.TestDataUtils - key is ::username_11
2019-05-03 02:08:50,932 [main] INFO com.pactiv.utils.TestDataUtils - value is ::
2019-05-03 02:08:50,932 [main] INFO com.pactiv.utils.TestDataUtils - key is ::password_11
2019-05-03 02:08:50,932 [main] INFO com.pactiv.utils.TestDataUtils - value is ::
2019-05-03 02:08:50,933 [main] INFO com.pactiv.utils.TestDataUtils - key is ::username_12
2019-05-03 02:08:50,933 [main] INFO com.pactiv.utils.TestDataUtils - value is ::
2019-05-03 02:08:50,933 [main] INFO com.pactiv.utils.TestDataUtils - key is ::password_12
2019-05-03 02:08:50,933 [main] INFO com.pactiv.utils.TestDataUtils - value is ::
2019-05-03 02:08:50,933 [main] INFO com.pactiv.utils.TestDataUtils - key is ::username_13
2019-05-03 02:08:50,933 [main] INFO com.pactiv.utils.TestDataUtils - value is ::
2019-05-03 02:08:50,933 [main] INFO com.pactiv.utils.TestDataUtils - key is ::password_13
2019-05-03 02:08:50,933 [main] INFO com.pactiv.utils.TestDataUtils - value is ::
2019-05-03 02:08:50,933 [main] INFO com.pactiv.utils.TestDataUtils - key is ::username_14
2019-05-03 02:08:50,934 [main] INFO com.pactiv.utils.TestDataUtils - value is ::
2019-05-03 02:08:50,934 [main] INFO com.pactiv.utils.TestDataUtils - key is ::password_14
2019-05-03 02:08:50,934 [main] INFO com.pactiv.utils.TestDataUtils - value is ::
2019-05-03 02:08:50,934 [main] INFO com.pactiv.utils.TestDataUtils - key is ::username_15
2019-05-03 02:08:50,934 [main] INFO com.pactiv.utils.TestDataUtils - value is ::
2019-05-03 02:08:50,934 [main] INFO com.pactiv.utils.TestDataUtils - key is ::password_15
2019-05-03 02:08:50,934 [main] INFO com.pactiv.utils.TestDataUtils - value is ::
2019-05-03 02:08:50,934 [main] INFO com.pactiv.utils.TestDataUtils - key is ::username_16
2019-05-03 02:08:50,934 [main] INFO com.pactiv.utils.TestDataUtils - value is ::
2019-05-03 02:08:50,935 [main] INFO com.pactiv.utils.TestDataUtils - key is ::password_16
2019-05-03 02:08:50,935 [main] INFO com.pactiv.utils.TestDataUtils - value is ::
2019-05-03 02:08:50,935 [main] INFO com.pactiv.config.DriverConfig - Setting up the driver::chrome
2019-05-03 02:08:55,681 [main] INFO com.pactiv.utils.TestDataUtils - Access the PACTIV URL::PASS
2019-05-03 02:08:55,685 [main] INFO com.pactiv.utils.DriverUtilsImpl - in gclick ::By.xpath: //input[contains(@name,'thingworx-form-userid')]
2019-05-03 02:09:01,086 [main] INFO com.pactiv.utils.DriverUtilsImpl - in gclick ::By.xpath: //input[contains(@name,'thingworx-form-password')]
2019-05-03 02:09:06,417 [main] INFO com.pactiv.utils.DriverUtilsImpl - in gclick ::By.xpath: //input[contains(@value,'Submit')]
2019-05-03 02:09:15,411 [main] INFO com.pactiv.utils.PropertyUtils - Property File Name is ::C:\Users\pzm6015\Documents\PACTIV\PACTIV\PACTIV\\src\\test\\resources\\properties\\DMGApp.property
2019-05-03 02:09:15,454 [main] INFO com.pactiv.utils.PropertyUtils - Property File Name is ::C:\Users\pzm6015\Documents\PACTIV\PACTIV\PACTIV\\src\\test\\resources\\properties\\DMGApp.property
2019-05-03 02:09:15,565 [main] INFO com.pactiv.utils.DriverUtilsImpl - in gclick ::By.xpath: //button[contains(@class,'button-element textsize-normal')]
2019-05-03 02:09:20,761 [main] INFO com.pactiv.steps.BeforeAfterStepDefinition - Current scenario status is::null
2019-05-03 02:09:21,465 [main] INFO com.pactiv.config.SeleniumNGSuite - Successfully closed the browser 
2019-05-03 02:09:31,563 [main] INFO com.pactiv.config.DriverConfig - Setting up the driver::chrome headless
