2019-05-02 12:27:09,932 [main] INFO com.pactiv.steps.BeforeAfterStepDefinition - In before step definition for scenario::Successful log into CPT application with Valid Credentials as Floater
2019-05-02 12:27:09,938 [main] INFO com.pactiv.utils.TestDataUtils - ===== Reading Feature Details====
2019-05-02 12:27:09,938 [main] INFO com.pactiv.utils.TestDataUtils - Scenario::cucumber.runtime.ScenarioImpl@4ea5b703
2019-05-02 12:27:09,939 [main] INFO com.pactiv.utils.TestDataUtils - Scenario name::Successful log into CPT application with Valid Credentials as Floater
2019-05-02 12:27:09,939 [main] INFO com.pactiv.utils.TestDataUtils - ****************
2019-05-02 12:27:09,940 [main] INFO com.pactiv.utils.TestDataUtils - Scenario Name:Successful log into CPT application with Valid Credentials as Floater
2019-05-02 12:27:09,941 [main] INFO com.pactiv.utils.TestDataUtils - feature file Name:loginaction
2019-05-02 12:27:09,941 [main] INFO com.pactiv.utils.TestDataUtils - ------------
2019-05-02 12:27:09,941 [main] INFO com.pactiv.utils.TestDataUtils - Scenario_id:Successful log into CPT application with Valid Credentials as Floater
2019-05-02 12:27:11,258 [main] INFO com.pactiv.utils.TestDataUtils - SheetName is: LoginAction
2019-05-02 12:27:11,267 [main] INFO com.pactiv.utils.TestDataUtils - Row is: 0Column is: 0
2019-05-02 12:27:11,267 [main] INFO com.pactiv.utils.TestDataUtils - no of cells 1::5
2019-05-02 12:27:11,299 [main] INFO com.pactiv.utils.TestDataUtils - header::[username, password, Plant, line, shift]
2019-05-02 12:27:11,299 [main] INFO com.pactiv.utils.TestDataUtils - no of rows::5
2019-05-02 12:27:11,300 [main] INFO com.pactiv.utils.TestDataUtils - key is ::username_1
2019-05-02 12:27:11,300 [main] INFO com.pactiv.utils.TestDataUtils - value is ::FloaterTest1
2019-05-02 12:27:11,301 [main] INFO com.pactiv.utils.TestDataUtils - key is ::password_1
2019-05-02 12:27:11,301 [main] INFO com.pactiv.utils.TestDataUtils - value is ::test1234567890
2019-05-02 12:27:11,301 [main] INFO com.pactiv.utils.TestDataUtils - key is ::Plant_1
2019-05-02 12:27:11,301 [main] INFO com.pactiv.utils.TestDataUtils - value is ::Texas
2019-05-02 12:27:11,301 [main] INFO com.pactiv.utils.TestDataUtils - key is ::line_1
2019-05-02 12:27:11,301 [main] INFO com.pactiv.utils.TestDataUtils - value is ::2
2019-05-02 12:27:11,302 [main] INFO com.pactiv.utils.TestDataUtils - key is ::shift_1
2019-05-02 12:27:11,302 [main] INFO com.pactiv.utils.TestDataUtils - value is ::2
2019-05-02 12:27:11,302 [main] INFO com.pactiv.utils.TestDataUtils - key is ::username_2
2019-05-02 12:27:11,302 [main] INFO com.pactiv.utils.TestDataUtils - value is ::FloaterTest2
2019-05-02 12:27:11,303 [main] INFO com.pactiv.utils.TestDataUtils - key is ::password_2
2019-05-02 12:27:11,303 [main] INFO com.pactiv.utils.TestDataUtils - value is ::test1234567890
2019-05-02 12:27:11,303 [main] INFO com.pactiv.utils.TestDataUtils - key is ::Plant_2
2019-05-02 12:27:11,303 [main] INFO com.pactiv.utils.TestDataUtils - value is ::Corsicanna
2019-05-02 12:27:11,303 [main] INFO com.pactiv.utils.TestDataUtils - key is ::line_2
2019-05-02 12:27:11,303 [main] INFO com.pactiv.utils.TestDataUtils - value is ::25
2019-05-02 12:27:11,303 [main] INFO com.pactiv.utils.TestDataUtils - key is ::shift_2
2019-05-02 12:27:11,303 [main] INFO com.pactiv.utils.TestDataUtils - value is ::3
2019-05-02 12:27:11,304 [main] INFO com.pactiv.utils.TestDataUtils - key is ::username_3
2019-05-02 12:27:11,304 [main] INFO com.pactiv.utils.TestDataUtils - value is ::FloaterTest3
2019-05-02 12:27:11,304 [main] INFO com.pactiv.utils.TestDataUtils - key is ::password_3
2019-05-02 12:27:11,304 [main] INFO com.pactiv.utils.TestDataUtils - value is ::test1234567890
2019-05-02 12:27:11,305 [main] INFO com.pactiv.utils.TestDataUtils - key is ::Plant_3
2019-05-02 12:27:11,305 [main] INFO com.pactiv.utils.TestDataUtils - value is ::Mooresville
2019-05-02 12:27:11,305 [main] INFO com.pactiv.utils.TestDataUtils - key is ::line_3
2019-05-02 12:27:11,305 [main] INFO com.pactiv.utils.TestDataUtils - value is ::40
2019-05-02 12:27:11,305 [main] INFO com.pactiv.utils.TestDataUtils - key is ::shift_3
2019-05-02 12:27:11,306 [main] INFO com.pactiv.utils.TestDataUtils - value is ::2
2019-05-02 12:27:11,306 [main] INFO com.pactiv.utils.TestDataUtils - key is ::username_4
2019-05-02 12:27:11,306 [main] INFO com.pactiv.utils.TestDataUtils - value is ::FloaterTest4
2019-05-02 12:27:11,306 [main] INFO com.pactiv.utils.TestDataUtils - key is ::password_4
2019-05-02 12:27:11,306 [main] INFO com.pactiv.utils.TestDataUtils - value is ::test1234567890
2019-05-02 12:27:11,306 [main] INFO com.pactiv.utils.TestDataUtils - key is ::Plant_4
2019-05-02 12:27:11,306 [main] INFO com.pactiv.utils.TestDataUtils - value is ::Mt Carmel
2019-05-02 12:27:11,306 [main] INFO com.pactiv.utils.TestDataUtils - key is ::line_4
2019-05-02 12:27:11,308 [main] INFO com.pactiv.utils.TestDataUtils - value is ::72
2019-05-02 12:27:11,308 [main] INFO com.pactiv.utils.TestDataUtils - key is ::shift_4
2019-05-02 12:27:11,308 [main] INFO com.pactiv.utils.TestDataUtils - value is ::3
2019-05-02 12:27:11,308 [main] INFO com.pactiv.utils.TestDataUtils - key is ::username_5
2019-05-02 12:27:11,308 [main] INFO com.pactiv.utils.TestDataUtils - value is ::
2019-05-02 12:27:11,308 [main] INFO com.pactiv.utils.TestDataUtils - key is ::password_5
2019-05-02 12:27:11,308 [main] INFO com.pactiv.utils.TestDataUtils - value is ::
2019-05-02 12:27:11,308 [main] INFO com.pactiv.utils.TestDataUtils - key is ::Plant_5
2019-05-02 12:27:11,308 [main] INFO com.pactiv.utils.TestDataUtils - value is ::
2019-05-02 12:27:11,309 [main] INFO com.pactiv.utils.TestDataUtils - key is ::line_5
2019-05-02 12:27:11,309 [main] INFO com.pactiv.utils.TestDataUtils - value is ::
2019-05-02 12:27:11,309 [main] INFO com.pactiv.utils.TestDataUtils - key is ::shift_5
2019-05-02 12:27:11,309 [main] INFO com.pactiv.utils.TestDataUtils - value is ::
2019-05-02 12:27:11,326 [main] INFO com.pactiv.steps.BeforeAfterStepDefinition - Current scenario status is::null
2019-05-02 12:27:11,906 [main] INFO com.pactiv.config.SeleniumNGSuite - Successfully closed the browser 
2019-05-02 12:27:21,944 [main] INFO com.pactiv.config.DriverConfig - Setting up the driver::chrome headless
2019-05-02 12:27:32,697 [main] INFO com.pactiv.steps.BeforeAfterStepDefinition - In before step definition for scenario::Successful log into CPT application with Valid Credentials as Supervisor
2019-05-02 12:27:32,698 [main] INFO com.pactiv.utils.TestDataUtils - ===== Reading Feature Details====
2019-05-02 12:27:32,698 [main] INFO com.pactiv.utils.TestDataUtils - Scenario::cucumber.runtime.ScenarioImpl@6a2eea2a
2019-05-02 12:27:32,699 [main] INFO com.pactiv.utils.TestDataUtils - Scenario name::Successful log into CPT application with Valid Credentials as Supervisor
2019-05-02 12:27:32,699 [main] INFO com.pactiv.utils.TestDataUtils - ****************
2019-05-02 12:27:32,699 [main] INFO com.pactiv.utils.TestDataUtils - Scenario Name:Successful log into CPT application with Valid Credentials as Supervisor
2019-05-02 12:27:32,699 [main] INFO com.pactiv.utils.TestDataUtils - feature file Name:loginaction
2019-05-02 12:27:32,700 [main] INFO com.pactiv.utils.TestDataUtils - ------------
2019-05-02 12:27:32,700 [main] INFO com.pactiv.utils.TestDataUtils - Scenario_id:Successful log into CPT application with Valid Credentials as Supervisor
2019-05-02 12:27:32,777 [main] INFO com.pactiv.utils.TestDataUtils - SheetName is: LoginAction
2019-05-02 12:27:32,779 [main] INFO com.pactiv.utils.TestDataUtils - Row is: 8Column is: 0
2019-05-02 12:27:32,780 [main] INFO com.pactiv.utils.TestDataUtils - no of cells 1::5
2019-05-02 12:27:32,794 [main] INFO com.pactiv.utils.TestDataUtils - header::[username, password, Plant, line, shift]
2019-05-02 12:27:32,794 [main] INFO com.pactiv.utils.TestDataUtils - no of rows::17
2019-05-02 12:27:32,794 [main] INFO com.pactiv.utils.TestDataUtils - key is ::username_1
2019-05-02 12:27:32,795 [main] INFO com.pactiv.utils.TestDataUtils - value is ::SupervisorTest1
2019-05-02 12:27:32,795 [main] INFO com.pactiv.utils.TestDataUtils - key is ::password_1
2019-05-02 12:27:32,795 [main] INFO com.pactiv.utils.TestDataUtils - value is ::test1234567890
2019-05-02 12:27:32,796 [main] INFO com.pactiv.utils.TestDataUtils - key is ::Plant_1
2019-05-02 12:27:32,796 [main] INFO com.pactiv.utils.TestDataUtils - value is ::Texas
2019-05-02 12:27:32,797 [main] INFO com.pactiv.utils.TestDataUtils - key is ::line_1
2019-05-02 12:27:32,797 [main] INFO com.pactiv.utils.TestDataUtils - value is ::2
2019-05-02 12:27:32,797 [main] INFO com.pactiv.utils.TestDataUtils - key is ::shift_1
2019-05-02 12:27:32,797 [main] INFO com.pactiv.utils.TestDataUtils - value is ::2
2019-05-02 12:27:32,798 [main] INFO com.pactiv.utils.TestDataUtils - key is ::username_2
2019-05-02 12:27:32,798 [main] INFO com.pactiv.utils.TestDataUtils - value is ::SupervisorTest2
2019-05-02 12:27:32,798 [main] INFO com.pactiv.utils.TestDataUtils - key is ::password_2
2019-05-02 12:27:32,799 [main] INFO com.pactiv.utils.TestDataUtils - value is ::test1234567890
2019-05-02 12:27:32,799 [main] INFO com.pactiv.utils.TestDataUtils - key is ::Plant_2
2019-05-02 12:27:32,800 [main] INFO com.pactiv.utils.TestDataUtils - value is ::Corsicanna
2019-05-02 12:27:32,800 [main] INFO com.pactiv.utils.TestDataUtils - key is ::line_2
2019-05-02 12:27:32,800 [main] INFO com.pactiv.utils.TestDataUtils - value is ::25
2019-05-02 12:27:32,801 [main] INFO com.pactiv.utils.TestDataUtils - key is ::shift_2
2019-05-02 12:27:32,801 [main] INFO com.pactiv.utils.TestDataUtils - value is ::3
2019-05-02 12:27:32,801 [main] INFO com.pactiv.utils.TestDataUtils - key is ::username_3
2019-05-02 12:27:32,802 [main] INFO com.pactiv.utils.TestDataUtils - value is ::SupervisorTest3
2019-05-02 12:27:32,802 [main] INFO com.pactiv.utils.TestDataUtils - key is ::password_3
2019-05-02 12:27:32,802 [main] INFO com.pactiv.utils.TestDataUtils - value is ::test1234567890
2019-05-02 12:27:32,803 [main] INFO com.pactiv.utils.TestDataUtils - key is ::Plant_3
2019-05-02 12:27:32,803 [main] INFO com.pactiv.utils.TestDataUtils - value is ::Mooresville
2019-05-02 12:27:32,803 [main] INFO com.pactiv.utils.TestDataUtils - key is ::line_3
2019-05-02 12:27:32,803 [main] INFO com.pactiv.utils.TestDataUtils - value is ::40
2019-05-02 12:27:32,804 [main] INFO com.pactiv.utils.TestDataUtils - key is ::shift_3
2019-05-02 12:27:32,804 [main] INFO com.pactiv.utils.TestDataUtils - value is ::2
2019-05-02 12:27:32,804 [main] INFO com.pactiv.utils.TestDataUtils - key is ::username_4
2019-05-02 12:27:32,804 [main] INFO com.pactiv.utils.TestDataUtils - value is ::SupervisorTest4
2019-05-02 12:27:32,804 [main] INFO com.pactiv.utils.TestDataUtils - key is ::password_4
2019-05-02 12:27:32,806 [main] INFO com.pactiv.utils.TestDataUtils - value is ::test1234567890
2019-05-02 12:27:32,806 [main] INFO com.pactiv.utils.TestDataUtils - key is ::Plant_4
2019-05-02 12:27:32,806 [main] INFO com.pactiv.utils.TestDataUtils - value is ::Mt Carmel
2019-05-02 12:27:32,806 [main] INFO com.pactiv.utils.TestDataUtils - key is ::line_4
2019-05-02 12:27:32,807 [main] INFO com.pactiv.utils.TestDataUtils - value is ::72
2019-05-02 12:27:32,807 [main] INFO com.pactiv.utils.TestDataUtils - key is ::shift_4
2019-05-02 12:27:32,808 [main] INFO com.pactiv.utils.TestDataUtils - value is ::3
2019-05-02 12:27:32,808 [main] INFO com.pactiv.utils.TestDataUtils - key is ::username_5
2019-05-02 12:27:32,808 [main] INFO com.pactiv.utils.TestDataUtils - value is ::
2019-05-02 12:27:32,808 [main] INFO com.pactiv.utils.TestDataUtils - key is ::password_5
2019-05-02 12:27:32,809 [main] INFO com.pactiv.utils.TestDataUtils - value is ::
2019-05-02 12:27:32,809 [main] INFO com.pactiv.utils.TestDataUtils - key is ::Plant_5
2019-05-02 12:27:32,809 [main] INFO com.pactiv.utils.TestDataUtils - value is ::
2019-05-02 12:27:32,809 [main] INFO com.pactiv.utils.TestDataUtils - key is ::line_5
2019-05-02 12:27:32,810 [main] INFO com.pactiv.utils.TestDataUtils - value is ::
2019-05-02 12:27:32,810 [main] INFO com.pactiv.utils.TestDataUtils - key is ::shift_5
2019-05-02 12:27:32,810 [main] INFO com.pactiv.utils.TestDataUtils - value is ::
2019-05-02 12:27:32,811 [main] INFO com.pactiv.utils.TestDataUtils - key is ::username_6
2019-05-02 12:27:32,811 [main] INFO com.pactiv.utils.TestDataUtils - value is ::
2019-05-02 12:27:32,811 [main] INFO com.pactiv.utils.TestDataUtils - key is ::password_6
2019-05-02 12:27:32,812 [main] INFO com.pactiv.utils.TestDataUtils - value is ::
2019-05-02 12:27:32,812 [main] INFO com.pactiv.utils.TestDataUtils - key is ::Plant_6
2019-05-02 12:27:32,812 [main] INFO com.pactiv.utils.TestDataUtils - value is ::
2019-05-02 12:27:32,812 [main] INFO com.pactiv.utils.TestDataUtils - key is ::line_6
2019-05-02 12:27:32,813 [main] INFO com.pactiv.utils.TestDataUtils - value is ::
2019-05-02 12:27:32,813 [main] INFO com.pactiv.utils.TestDataUtils - key is ::shift_6
2019-05-02 12:27:32,813 [main] INFO com.pactiv.utils.TestDataUtils - value is ::
2019-05-02 12:27:32,813 [main] INFO com.pactiv.utils.TestDataUtils - key is ::username_7
2019-05-02 12:27:32,814 [main] INFO com.pactiv.utils.TestDataUtils - value is ::Successful log into CPT application with Valid Credentials as Plant Leadership
2019-05-02 12:27:32,814 [main] INFO com.pactiv.utils.TestDataUtils - key is ::password_7
2019-05-02 12:27:32,814 [main] INFO com.pactiv.utils.TestDataUtils - value is ::
2019-05-02 12:27:32,814 [main] INFO com.pactiv.utils.TestDataUtils - key is ::Plant_7
2019-05-02 12:27:32,815 [main] INFO com.pactiv.utils.TestDataUtils - value is ::
2019-05-02 12:27:32,815 [main] INFO com.pactiv.utils.TestDataUtils - key is ::line_7
2019-05-02 12:27:32,815 [main] INFO com.pactiv.utils.TestDataUtils - value is ::
2019-05-02 12:27:32,816 [main] INFO com.pactiv.utils.TestDataUtils - key is ::shift_7
2019-05-02 12:27:32,816 [main] INFO com.pactiv.utils.TestDataUtils - value is ::
2019-05-02 12:27:32,816 [main] INFO com.pactiv.utils.TestDataUtils - key is ::username_8
2019-05-02 12:27:32,816 [main] INFO com.pactiv.utils.TestDataUtils - value is ::username
2019-05-02 12:27:32,817 [main] INFO com.pactiv.utils.TestDataUtils - key is ::password_8
2019-05-02 12:27:32,817 [main] INFO com.pactiv.utils.TestDataUtils - value is ::password
2019-05-02 12:27:32,817 [main] INFO com.pactiv.utils.TestDataUtils - key is ::Plant_8
2019-05-02 12:27:32,818 [main] INFO com.pactiv.utils.TestDataUtils - value is ::Plant
2019-05-02 12:27:32,818 [main] INFO com.pactiv.utils.TestDataUtils - key is ::line_8
2019-05-02 12:27:32,818 [main] INFO com.pactiv.utils.TestDataUtils - value is ::line
2019-05-02 12:27:32,819 [main] INFO com.pactiv.utils.TestDataUtils - key is ::shift_8
2019-05-02 12:27:32,819 [main] INFO com.pactiv.utils.TestDataUtils - value is ::shift
2019-05-02 12:27:32,819 [main] INFO com.pactiv.utils.TestDataUtils - key is ::username_9
2019-05-02 12:27:32,819 [main] INFO com.pactiv.utils.TestDataUtils - value is ::PlantManagerTest1
2019-05-02 12:27:32,820 [main] INFO com.pactiv.utils.TestDataUtils - key is ::password_9
2019-05-02 12:27:32,820 [main] INFO com.pactiv.utils.TestDataUtils - value is ::test1234567890
2019-05-02 12:27:32,820 [main] INFO com.pactiv.utils.TestDataUtils - key is ::Plant_9
2019-05-02 12:27:32,820 [main] INFO com.pactiv.utils.TestDataUtils - value is ::Texas
2019-05-02 12:27:32,821 [main] INFO com.pactiv.utils.TestDataUtils - key is ::line_9
2019-05-02 12:27:32,821 [main] INFO com.pactiv.utils.TestDataUtils - value is ::2
2019-05-02 12:27:32,822 [main] INFO com.pactiv.utils.TestDataUtils - key is ::shift_9
2019-05-02 12:27:32,822 [main] INFO com.pactiv.utils.TestDataUtils - value is ::2
2019-05-02 12:27:32,822 [main] INFO com.pactiv.utils.TestDataUtils - key is ::username_10
2019-05-02 12:27:32,822 [main] INFO com.pactiv.utils.TestDataUtils - value is ::PlantManagerTest2
2019-05-02 12:27:32,823 [main] INFO com.pactiv.utils.TestDataUtils - key is ::password_10
2019-05-02 12:27:32,823 [main] INFO com.pactiv.utils.TestDataUtils - value is ::test1234567890
2019-05-02 12:27:32,823 [main] INFO com.pactiv.utils.TestDataUtils - key is ::Plant_10
2019-05-02 12:27:32,824 [main] INFO com.pactiv.utils.TestDataUtils - value is ::Corsicanna
2019-05-02 12:27:32,824 [main] INFO com.pactiv.utils.TestDataUtils - key is ::line_10
2019-05-02 12:27:32,824 [main] INFO com.pactiv.utils.TestDataUtils - value is ::25
2019-05-02 12:27:32,825 [main] INFO com.pactiv.utils.TestDataUtils - key is ::shift_10
2019-05-02 12:27:32,825 [main] INFO com.pactiv.utils.TestDataUtils - value is ::3
2019-05-02 12:27:32,825 [main] INFO com.pactiv.utils.TestDataUtils - key is ::username_11
2019-05-02 12:27:32,826 [main] INFO com.pactiv.utils.TestDataUtils - value is ::PlantManagerTest3
2019-05-02 12:27:32,826 [main] INFO com.pactiv.utils.TestDataUtils - key is ::password_11
2019-05-02 12:27:32,826 [main] INFO com.pactiv.utils.TestDataUtils - value is ::test1234567890
2019-05-02 12:27:32,826 [main] INFO com.pactiv.utils.TestDataUtils - key is ::Plant_11
2019-05-02 12:27:32,827 [main] INFO com.pactiv.utils.TestDataUtils - value is ::Mooresville
2019-05-02 12:27:32,827 [main] INFO com.pactiv.utils.TestDataUtils - key is ::line_11
2019-05-02 12:27:32,827 [main] INFO com.pactiv.utils.TestDataUtils - value is ::40
2019-05-02 12:27:32,827 [main] INFO com.pactiv.utils.TestDataUtils - key is ::shift_11
2019-05-02 12:27:32,828 [main] INFO com.pactiv.utils.TestDataUtils - value is ::2
2019-05-02 12:27:32,828 [main] INFO com.pactiv.utils.TestDataUtils - key is ::username_12
2019-05-02 12:27:32,828 [main] INFO com.pactiv.utils.TestDataUtils - value is ::PlantManagerTest4
2019-05-02 12:27:32,829 [main] INFO com.pactiv.utils.TestDataUtils - key is ::password_12
2019-05-02 12:27:32,829 [main] INFO com.pactiv.utils.TestDataUtils - value is ::test1234567890
2019-05-02 12:27:32,829 [main] INFO com.pactiv.utils.TestDataUtils - key is ::Plant_12
2019-05-02 12:27:32,829 [main] INFO com.pactiv.utils.TestDataUtils - value is ::Mt Carmel
2019-05-02 12:27:32,830 [main] INFO com.pactiv.utils.TestDataUtils - key is ::line_12
2019-05-02 12:27:32,830 [main] INFO com.pactiv.utils.TestDataUtils - value is ::72
2019-05-02 12:27:32,830 [main] INFO com.pactiv.utils.TestDataUtils - key is ::shift_12
2019-05-02 12:27:32,833 [main] INFO com.pactiv.utils.TestDataUtils - value is ::3
2019-05-02 12:27:32,833 [main] INFO com.pactiv.utils.TestDataUtils - key is ::username_13
2019-05-02 12:27:32,833 [main] INFO com.pactiv.utils.TestDataUtils - value is ::
2019-05-02 12:27:32,834 [main] INFO com.pactiv.utils.TestDataUtils - key is ::password_13
2019-05-02 12:27:32,834 [main] INFO com.pactiv.utils.TestDataUtils - value is ::
2019-05-02 12:27:32,834 [main] INFO com.pactiv.utils.TestDataUtils - key is ::Plant_13
2019-05-02 12:27:32,834 [main] INFO com.pactiv.utils.TestDataUtils - value is ::
2019-05-02 12:27:32,834 [main] INFO com.pactiv.utils.TestDataUtils - key is ::line_13
2019-05-02 12:27:32,835 [main] INFO com.pactiv.utils.TestDataUtils - value is ::
2019-05-02 12:27:32,835 [main] INFO com.pactiv.utils.TestDataUtils - key is ::shift_13
2019-05-02 12:27:32,835 [main] INFO com.pactiv.utils.TestDataUtils - value is ::
2019-05-02 12:27:32,835 [main] INFO com.pactiv.utils.TestDataUtils - key is ::username_14
2019-05-02 12:27:32,836 [main] INFO com.pactiv.utils.TestDataUtils - value is ::
2019-05-02 12:27:32,836 [main] INFO com.pactiv.utils.TestDataUtils - key is ::password_14
2019-05-02 12:27:32,836 [main] INFO com.pactiv.utils.TestDataUtils - value is ::
2019-05-02 12:27:32,836 [main] INFO com.pactiv.utils.TestDataUtils - key is ::Plant_14
2019-05-02 12:27:32,837 [main] INFO com.pactiv.utils.TestDataUtils - value is ::
2019-05-02 12:27:32,837 [main] INFO com.pactiv.utils.TestDataUtils - key is ::line_14
2019-05-02 12:27:32,837 [main] INFO com.pactiv.utils.TestDataUtils - value is ::
2019-05-02 12:27:32,837 [main] INFO com.pactiv.utils.TestDataUtils - key is ::shift_14
2019-05-02 12:27:32,837 [main] INFO com.pactiv.utils.TestDataUtils - value is ::
2019-05-02 12:27:32,838 [main] INFO com.pactiv.utils.TestDataUtils - key is ::username_15
2019-05-02 12:27:32,838 [main] INFO com.pactiv.utils.TestDataUtils - value is ::Successful log into DMG application and verify Add New Plant
2019-05-02 12:27:32,838 [main] INFO com.pactiv.utils.TestDataUtils - key is ::password_15
2019-05-02 12:27:32,838 [main] INFO com.pactiv.utils.TestDataUtils - value is ::
2019-05-02 12:27:32,838 [main] INFO com.pactiv.utils.TestDataUtils - key is ::Plant_15
2019-05-02 12:27:32,839 [main] INFO com.pactiv.utils.TestDataUtils - value is ::
2019-05-02 12:27:32,839 [main] INFO com.pactiv.utils.TestDataUtils - key is ::line_15
2019-05-02 12:27:32,839 [main] INFO com.pactiv.utils.TestDataUtils - value is ::
2019-05-02 12:27:32,839 [main] INFO com.pactiv.utils.TestDataUtils - key is ::shift_15
2019-05-02 12:27:32,840 [main] INFO com.pactiv.utils.TestDataUtils - value is ::
2019-05-02 12:27:32,840 [main] INFO com.pactiv.utils.TestDataUtils - key is ::username_16
2019-05-02 12:27:32,840 [main] INFO com.pactiv.utils.TestDataUtils - value is ::username
2019-05-02 12:27:32,840 [main] INFO com.pactiv.utils.TestDataUtils - key is ::password_16
2019-05-02 12:27:32,840 [main] INFO com.pactiv.utils.TestDataUtils - value is ::password
2019-05-02 12:27:32,841 [main] INFO com.pactiv.utils.TestDataUtils - key is ::Plant_16
2019-05-02 12:27:32,841 [main] INFO com.pactiv.utils.TestDataUtils - value is ::
2019-05-02 12:27:32,841 [main] INFO com.pactiv.utils.TestDataUtils - key is ::line_16
2019-05-02 12:27:32,841 [main] INFO com.pactiv.utils.TestDataUtils - value is ::
2019-05-02 12:27:32,842 [main] INFO com.pactiv.utils.TestDataUtils - key is ::shift_16
2019-05-02 12:27:32,842 [main] INFO com.pactiv.utils.TestDataUtils - value is ::
2019-05-02 12:27:32,842 [main] INFO com.pactiv.utils.TestDataUtils - key is ::username_17
2019-05-02 12:27:32,842 [main] INFO com.pactiv.utils.TestDataUtils - value is ::DMGAdminTest
2019-05-02 12:27:32,843 [main] INFO com.pactiv.utils.TestDataUtils - key is ::password_17
2019-05-02 12:27:32,843 [main] INFO com.pactiv.utils.TestDataUtils - value is ::test1234567890
2019-05-02 12:27:32,843 [main] INFO com.pactiv.utils.TestDataUtils - key is ::Plant_17
2019-05-02 12:27:32,843 [main] INFO com.pactiv.utils.TestDataUtils - value is ::
2019-05-02 12:27:32,843 [main] INFO com.pactiv.utils.TestDataUtils - key is ::line_17
2019-05-02 12:27:32,844 [main] INFO com.pactiv.utils.TestDataUtils - value is ::
2019-05-02 12:27:32,844 [main] INFO com.pactiv.utils.TestDataUtils - key is ::shift_17
2019-05-02 12:27:32,844 [main] INFO com.pactiv.utils.TestDataUtils - value is ::
2019-05-02 12:27:32,849 [main] INFO com.pactiv.steps.BeforeAfterStepDefinition - Current scenario status is::null
2019-05-02 12:27:32,965 [main] ERROR com.pactiv.config.SeleniumNGSuite - Error in closing the browser:: invalid session id
  (Driver info: chromedriver=2.45.615291 (ec3682e3c9061c10f26ea9e5cdcf3c53f3f74387),platform=Windows NT 10.0.14393 x86_64) (WARNING: The server did not provide any stacktrace information)
Command duration or timeout: 0 milliseconds
Build info: version: '3.5.1', revision: '9c21bb67ef', time: '2017-08-17T15:26:08.955Z'
System info: host: 'PVLDCTWF90', ip: '10.0.9.65', os.name: 'Windows Server 2016', os.arch: 'amd64', os.version: '10.0', java.version: '1.8.0_201'
Driver info: org.openqa.selenium.chrome.ChromeDriver
Capabilities [{mobileEmulationEnabled=false, timeouts={implicit=0.0, pageLoad=300000.0, script=30000.0}, hasTouchScreen=false, platform=XP, acceptSslCerts=false, goog:chromeOptions={debuggerAddress=localhost:28229}, acceptInsecureCerts=false, webStorageEnabled=true, browserName=chrome, takesScreenshot=true, javascriptEnabled=true, setWindowRect=true, unexpectedAlertBehaviour=ignore, applicationCacheEnabled=false, rotatable=false, networkConnectionEnabled=false, chrome={chromedriverVersion=2.45.615291 (ec3682e3c9061c10f26ea9e5cdcf3c53f3f74387), userDataDir=C:\Users\pzm6015\AppData\Local\Temp\7\scoped_dir22992_19031}, takesHeapSnapshot=true, pageLoadStrategy=normal, unhandledPromptBehavior=ignore, strictFileInteractability=false, databaseEnabled=false, handlesAlerts=true, version=73.0.3683.103, browserConnectionEnabled=false, proxy=Proxy(), nativeEvents=true, locationContextEnabled=true, cssSelectorsEnabled=true}]
Session ID: 1ebca1565feaa98bb1f569d911e112a2
2019-05-02 12:27:32,969 [main] ERROR com.pactiv.steps.BeforeAfterStepDefinition - Error in In After Block execution::{}
null
	at com.pactiv.config.SeleniumNGSuite.tearDown(SeleniumNGSuite.java:81)
	at com.pactiv.steps.BeforeAfterStepDefinition.close(BeforeAfterStepDefinition.java:65)
	at sun.reflect.NativeMethodAccessorImpl.invoke0(Native Method)
	at sun.reflect.NativeMethodAccessorImpl.invoke(NativeMethodAccessorImpl.java:62)
	at sun.reflect.DelegatingMethodAccessorImpl.invoke(DelegatingMethodAccessorImpl.java:43)
	at java.lang.reflect.Method.invoke(Method.java:498)
	at cucumber.runtime.Utils$1.call(Utils.java:37)
	at cucumber.runtime.Timeout.timeout(Timeout.java:13)
	at cucumber.runtime.Utils.invoke(Utils.java:31)
	at cucumber.runtime.java.JavaHookDefinition.execute(JavaHookDefinition.java:60)
	at cucumber.runtime.Runtime.runHookIfTagsMatch(Runtime.java:223)
	at cucumber.runtime.Runtime.runHooks(Runtime.java:211)
	at cucumber.runtime.Runtime.runAfterHooks(Runtime.java:205)
	at cucumber.runtime.model.CucumberScenario.run(CucumberScenario.java:46)
	at cucumber.runtime.junit.ExecutionUnitRunner.run(ExecutionUnitRunner.java:91)
	at org.junit.runners.Suite.runChild(Suite.java:128)
	at org.junit.runners.Suite.runChild(Suite.java:27)
	at org.junit.runners.ParentRunner$3.run(ParentRunner.java:290)
	at org.junit.runners.ParentRunner$1.schedule(ParentRunner.java:71)
	at org.junit.runners.ParentRunner.runChildren(ParentRunner.java:288)
	at org.junit.runners.ParentRunner.access$000(ParentRunner.java:58)
	at org.junit.runners.ParentRunner$2.evaluate(ParentRunner.java:268)
	at org.junit.runners.ParentRunner.run(ParentRunner.java:363)
	at cucumber.runtime.junit.ExamplesRunner.run(ExamplesRunner.java:59)
	at org.junit.runners.Suite.runChild(Suite.java:128)
	at org.junit.runners.Suite.runChild(Suite.java:27)
	at org.junit.runners.ParentRunner$3.run(ParentRunner.java:290)
	at org.junit.runners.ParentRunner$1.schedule(ParentRunner.java:71)
	at org.junit.runners.ParentRunner.runChildren(ParentRunner.java:288)
	at org.junit.runners.ParentRunner.access$000(ParentRunner.java:58)
	at org.junit.runners.ParentRunner$2.evaluate(ParentRunner.java:268)
	at org.junit.runners.ParentRunner.run(ParentRunner.java:363)
	at cucumber.runtime.junit.ScenarioOutlineRunner.run(ScenarioOutlineRunner.java:53)
	at cucumber.runtime.junit.FeatureRunner.runChild(FeatureRunner.java:63)
	at cucumber.runtime.junit.FeatureRunner.runChild(FeatureRunner.java:18)
	at org.junit.runners.ParentRunner$3.run(ParentRunner.java:290)
	at org.junit.runners.ParentRunner$1.schedule(ParentRunner.java:71)
	at org.junit.runners.ParentRunner.runChildren(ParentRunner.java:288)
	at org.junit.runners.ParentRunner.access$000(ParentRunner.java:58)
	at org.junit.runners.ParentRunner$2.evaluate(ParentRunner.java:268)
	at org.junit.runners.ParentRunner.run(ParentRunner.java:363)
	at cucumber.runtime.junit.FeatureRunner.run(FeatureRunner.java:70)
	at cucumber.api.junit.Cucumber.runChild(Cucumber.java:93)
	at cucumber.api.junit.Cucumber.runChild(Cucumber.java:37)
	at org.junit.runners.ParentRunner$3.run(ParentRunner.java:290)
	at org.junit.runners.ParentRunner$1.schedule(ParentRunner.java:71)
	at org.junit.runners.ParentRunner.runChildren(ParentRunner.java:288)
	at org.junit.runners.ParentRunner.access$000(ParentRunner.java:58)
	at org.junit.runners.ParentRunner$2.evaluate(ParentRunner.java:268)
	at org.junit.runners.ParentRunner.run(ParentRunner.java:363)
	at cucumber.api.junit.Cucumber.run(Cucumber.java:98)
	at org.eclipse.jdt.internal.junit4.runner.JUnit4TestReference.run(JUnit4TestReference.java:89)
	at org.eclipse.jdt.internal.junit.runner.TestExecution.run(TestExecution.java:41)
	at org.eclipse.jdt.internal.junit.runner.RemoteTestRunner.runTests(RemoteTestRunner.java:541)
	at org.eclipse.jdt.internal.junit.runner.RemoteTestRunner.runTests(RemoteTestRunner.java:763)
	at org.eclipse.jdt.internal.junit.runner.RemoteTestRunner.run(RemoteTestRunner.java:463)
	at org.eclipse.jdt.internal.junit.runner.RemoteTestRunner.main(RemoteTestRunner.java:209)
Caused by: org.openqa.selenium.NoSuchSessionException: invalid session id
  (Driver info: chromedriver=2.45.615291 (ec3682e3c9061c10f26ea9e5cdcf3c53f3f74387),platform=Windows NT 10.0.14393 x86_64) (WARNING: The server did not provide any stacktrace information)
Command duration or timeout: 0 milliseconds
Build info: version: '3.5.1', revision: '9c21bb67ef', time: '2017-08-17T15:26:08.955Z'
System info: host: 'PVLDCTWF90', ip: '10.0.9.65', os.name: 'Windows Server 2016', os.arch: 'amd64', os.version: '10.0', java.version: '1.8.0_201'
Driver info: org.openqa.selenium.chrome.ChromeDriver
Capabilities [{mobileEmulationEnabled=false, timeouts={implicit=0.0, pageLoad=300000.0, script=30000.0}, hasTouchScreen=false, platform=XP, acceptSslCerts=false, goog:chromeOptions={debuggerAddress=localhost:28229}, acceptInsecureCerts=false, webStorageEnabled=true, browserName=chrome, takesScreenshot=true, javascriptEnabled=true, setWindowRect=true, unexpectedAlertBehaviour=ignore, applicationCacheEnabled=false, rotatable=false, networkConnectionEnabled=false, chrome={chromedriverVersion=2.45.615291 (ec3682e3c9061c10f26ea9e5cdcf3c53f3f74387), userDataDir=C:\Users\pzm6015\AppData\Local\Temp\7\scoped_dir22992_19031}, takesHeapSnapshot=true, pageLoadStrategy=normal, unhandledPromptBehavior=ignore, strictFileInteractability=false, databaseEnabled=false, handlesAlerts=true, version=73.0.3683.103, browserConnectionEnabled=false, proxy=Proxy(), nativeEvents=true, locationContextEnabled=true, cssSelectorsEnabled=true}]
Session ID: 1ebca1565feaa98bb1f569d911e112a2
	at sun.reflect.NativeConstructorAccessorImpl.newInstance0(Native Method)
	at sun.reflect.NativeConstructorAccessorImpl.newInstance(NativeConstructorAccessorImpl.java:62)
	at sun.reflect.DelegatingConstructorAccessorImpl.newInstance(DelegatingConstructorAccessorImpl.java:45)
	at java.lang.reflect.Constructor.newInstance(Constructor.java:423)
	at org.openqa.selenium.remote.ErrorHandler.createThrowable(ErrorHandler.java:215)
	at org.openqa.selenium.remote.ErrorHandler.throwIfResponseFailed(ErrorHandler.java:167)
	at org.openqa.selenium.remote.http.JsonHttpResponseCodec.reconstructValue(JsonHttpResponseCodec.java:40)
	at org.openqa.selenium.remote.http.AbstractHttpResponseCodec.decode(AbstractHttpResponseCodec.java:82)
	at org.openqa.selenium.remote.http.AbstractHttpResponseCodec.decode(AbstractHttpResponseCodec.java:45)
	at org.openqa.selenium.remote.HttpCommandExecutor.execute(HttpCommandExecutor.java:164)
	at org.openqa.selenium.remote.service.DriverCommandExecutor.execute(DriverCommandExecutor.java:82)
	at org.openqa.selenium.remote.RemoteWebDriver.execute(RemoteWebDriver.java:641)
	at org.openqa.selenium.remote.RemoteWebDriver.execute(RemoteWebDriver.java:698)
	at org.openqa.selenium.remote.RemoteWebDriver.close(RemoteWebDriver.java:527)
	at sun.reflect.NativeMethodAccessorImpl.invoke0(Native Method)
	at sun.reflect.NativeMethodAccessorImpl.invoke(NativeMethodAccessorImpl.java:62)
	at sun.reflect.DelegatingMethodAccessorImpl.invoke(DelegatingMethodAccessorImpl.java:43)
	at java.lang.reflect.Method.invoke(Method.java:498)
	at org.openqa.selenium.support.ThreadGuard$WebDriverInvocationHandler.invokeUnderlying(ThreadGuard.java:100)
	at org.openqa.selenium.support.ThreadGuard$WebDriverInvocationHandler.invoke(ThreadGuard.java:92)
	at com.sun.proxy.$Proxy16.close(Unknown Source)
	at com.pactiv.config.SeleniumNGSuite.tearDown(SeleniumNGSuite.java:72)
	... 56 more
2019-05-02 12:27:33,026 [main] INFO com.pactiv.steps.BeforeAfterStepDefinition - In before step definition for scenario::Successful log into CPT application with Valid Credentials as Plant Leadership
2019-05-02 12:27:33,026 [main] INFO com.pactiv.utils.TestDataUtils - ===== Reading Feature Details====
2019-05-02 12:27:33,027 [main] INFO com.pactiv.utils.TestDataUtils - Scenario::cucumber.runtime.ScenarioImpl@35ff8fc9
2019-05-02 12:27:33,027 [main] INFO com.pactiv.utils.TestDataUtils - Scenario name::Successful log into CPT application with Valid Credentials as Plant Leadership
2019-05-02 12:27:33,027 [main] INFO com.pactiv.utils.TestDataUtils - ****************
2019-05-02 12:27:33,027 [main] INFO com.pactiv.utils.TestDataUtils - Scenario Name:Successful log into CPT application with Valid Credentials as Plant Leadership
2019-05-02 12:27:33,028 [main] INFO com.pactiv.utils.TestDataUtils - feature file Name:loginaction
2019-05-02 12:27:33,028 [main] INFO com.pactiv.utils.TestDataUtils - ------------
2019-05-02 12:27:33,028 [main] INFO com.pactiv.utils.TestDataUtils - Scenario_id:Successful log into CPT application with Valid Credentials as Plant Leadership
2019-05-02 12:27:33,082 [main] INFO com.pactiv.utils.TestDataUtils - SheetName is: LoginAction
2019-05-02 12:27:33,084 [main] INFO com.pactiv.utils.TestDataUtils - Row is: 16Column is: 0
2019-05-02 12:27:33,084 [main] INFO com.pactiv.utils.TestDataUtils - no of cells 1::5
2019-05-02 12:27:33,089 [main] INFO com.pactiv.utils.TestDataUtils - header::[username, password, Plant, line, shift]
2019-05-02 12:27:33,089 [main] INFO com.pactiv.utils.TestDataUtils - no of rows::9
2019-05-02 12:27:33,089 [main] INFO com.pactiv.utils.TestDataUtils - key is ::username_1
2019-05-02 12:27:33,089 [main] INFO com.pactiv.utils.TestDataUtils - value is ::PlantManagerTest1
2019-05-02 12:27:33,089 [main] INFO com.pactiv.utils.TestDataUtils - key is ::password_1
2019-05-02 12:27:33,089 [main] INFO com.pactiv.utils.TestDataUtils - value is ::test1234567890
2019-05-02 12:27:33,090 [main] INFO com.pactiv.utils.TestDataUtils - key is ::Plant_1
2019-05-02 12:27:33,090 [main] INFO com.pactiv.utils.TestDataUtils - value is ::Texas
2019-05-02 12:27:33,090 [main] INFO com.pactiv.utils.TestDataUtils - key is ::line_1
2019-05-02 12:27:33,090 [main] INFO com.pactiv.utils.TestDataUtils - value is ::2
2019-05-02 12:27:33,090 [main] INFO com.pactiv.utils.TestDataUtils - key is ::shift_1
2019-05-02 12:27:33,090 [main] INFO com.pactiv.utils.TestDataUtils - value is ::2
2019-05-02 12:27:33,090 [main] INFO com.pactiv.utils.TestDataUtils - key is ::username_2
2019-05-02 12:27:33,091 [main] INFO com.pactiv.utils.TestDataUtils - value is ::PlantManagerTest2
2019-05-02 12:27:33,091 [main] INFO com.pactiv.utils.TestDataUtils - key is ::password_2
2019-05-02 12:27:33,091 [main] INFO com.pactiv.utils.TestDataUtils - value is ::test1234567890
2019-05-02 12:27:33,091 [main] INFO com.pactiv.utils.TestDataUtils - key is ::Plant_2
2019-05-02 12:27:33,091 [main] INFO com.pactiv.utils.TestDataUtils - value is ::Corsicanna
2019-05-02 12:27:33,091 [main] INFO com.pactiv.utils.TestDataUtils - key is ::line_2
2019-05-02 12:27:33,091 [main] INFO com.pactiv.utils.TestDataUtils - value is ::25
2019-05-02 12:27:33,092 [main] INFO com.pactiv.utils.TestDataUtils - key is ::shift_2
2019-05-02 12:27:33,092 [main] INFO com.pactiv.utils.TestDataUtils - value is ::3
2019-05-02 12:27:33,092 [main] INFO com.pactiv.utils.TestDataUtils - key is ::username_3
2019-05-02 12:27:33,092 [main] INFO com.pactiv.utils.TestDataUtils - value is ::PlantManagerTest3
2019-05-02 12:27:33,092 [main] INFO com.pactiv.utils.TestDataUtils - key is ::password_3
2019-05-02 12:27:33,092 [main] INFO com.pactiv.utils.TestDataUtils - value is ::test1234567890
2019-05-02 12:27:33,092 [main] INFO com.pactiv.utils.TestDataUtils - key is ::Plant_3
2019-05-02 12:27:33,092 [main] INFO com.pactiv.utils.TestDataUtils - value is ::Mooresville
2019-05-02 12:27:33,093 [main] INFO com.pactiv.utils.TestDataUtils - key is ::line_3
2019-05-02 12:27:33,093 [main] INFO com.pactiv.utils.TestDataUtils - value is ::40
2019-05-02 12:27:33,093 [main] INFO com.pactiv.utils.TestDataUtils - key is ::shift_3
2019-05-02 12:27:33,094 [main] INFO com.pactiv.utils.TestDataUtils - value is ::2
2019-05-02 12:27:33,094 [main] INFO com.pactiv.utils.TestDataUtils - key is ::username_4
2019-05-02 12:27:33,094 [main] INFO com.pactiv.utils.TestDataUtils - value is ::PlantManagerTest4
2019-05-02 12:27:33,094 [main] INFO com.pactiv.utils.TestDataUtils - key is ::password_4
2019-05-02 12:27:33,095 [main] INFO com.pactiv.utils.TestDataUtils - value is ::test1234567890
2019-05-02 12:27:33,095 [main] INFO com.pactiv.utils.TestDataUtils - key is ::Plant_4
2019-05-02 12:27:33,095 [main] INFO com.pactiv.utils.TestDataUtils - value is ::Mt Carmel
2019-05-02 12:27:33,095 [main] INFO com.pactiv.utils.TestDataUtils - key is ::line_4
2019-05-02 12:27:33,096 [main] INFO com.pactiv.utils.TestDataUtils - value is ::72
2019-05-02 12:27:33,096 [main] INFO com.pactiv.utils.TestDataUtils - key is ::shift_4
2019-05-02 12:27:33,097 [main] INFO com.pactiv.utils.TestDataUtils - value is ::3
2019-05-02 12:27:33,097 [main] INFO com.pactiv.utils.TestDataUtils - key is ::username_5
2019-05-02 12:27:33,097 [main] INFO com.pactiv.utils.TestDataUtils - value is ::
2019-05-02 12:27:33,098 [main] INFO com.pactiv.utils.TestDataUtils - key is ::password_5
2019-05-02 12:27:33,099 [main] INFO com.pactiv.utils.TestDataUtils - value is ::
2019-05-02 12:27:33,099 [main] INFO com.pactiv.utils.TestDataUtils - key is ::Plant_5
2019-05-02 12:27:33,099 [main] INFO com.pactiv.utils.TestDataUtils - value is ::
2019-05-02 12:27:33,099 [main] INFO com.pactiv.utils.TestDataUtils - key is ::line_5
2019-05-02 12:27:33,100 [main] INFO com.pactiv.utils.TestDataUtils - value is ::
2019-05-02 12:27:33,100 [main] INFO com.pactiv.utils.TestDataUtils - key is ::shift_5
2019-05-02 12:27:33,100 [main] INFO com.pactiv.utils.TestDataUtils - value is ::
2019-05-02 12:27:33,100 [main] INFO com.pactiv.utils.TestDataUtils - key is ::username_6
2019-05-02 12:27:33,101 [main] INFO com.pactiv.utils.TestDataUtils - value is ::
2019-05-02 12:27:33,101 [main] INFO com.pactiv.utils.TestDataUtils - key is ::password_6
2019-05-02 12:27:33,101 [main] INFO com.pactiv.utils.TestDataUtils - value is ::
2019-05-02 12:27:33,101 [main] INFO com.pactiv.utils.TestDataUtils - key is ::Plant_6
2019-05-02 12:27:33,101 [main] INFO com.pactiv.utils.TestDataUtils - value is ::
2019-05-02 12:27:33,101 [main] INFO com.pactiv.utils.TestDataUtils - key is ::line_6
2019-05-02 12:27:33,101 [main] INFO com.pactiv.utils.TestDataUtils - value is ::
2019-05-02 12:27:33,101 [main] INFO com.pactiv.utils.TestDataUtils - key is ::shift_6
2019-05-02 12:27:33,101 [main] INFO com.pactiv.utils.TestDataUtils - value is ::
2019-05-02 12:27:33,102 [main] INFO com.pactiv.utils.TestDataUtils - key is ::username_7
2019-05-02 12:27:33,102 [main] INFO com.pactiv.utils.TestDataUtils - value is ::Successful log into DMG application and verify Add New Plant
2019-05-02 12:27:33,102 [main] INFO com.pactiv.utils.TestDataUtils - key is ::password_7
2019-05-02 12:27:33,102 [main] INFO com.pactiv.utils.TestDataUtils - value is ::
2019-05-02 12:27:33,102 [main] INFO com.pactiv.utils.TestDataUtils - key is ::Plant_7
2019-05-02 12:27:33,102 [main] INFO com.pactiv.utils.TestDataUtils - value is ::
2019-05-02 12:27:33,102 [main] INFO com.pactiv.utils.TestDataUtils - key is ::line_7
2019-05-02 12:27:33,102 [main] INFO com.pactiv.utils.TestDataUtils - value is ::
2019-05-02 12:27:33,103 [main] INFO com.pactiv.utils.TestDataUtils - key is ::shift_7
2019-05-02 12:27:33,103 [main] INFO com.pactiv.utils.TestDataUtils - value is ::
2019-05-02 12:27:33,103 [main] INFO com.pactiv.utils.TestDataUtils - key is ::username_8
2019-05-02 12:27:33,103 [main] INFO com.pactiv.utils.TestDataUtils - value is ::username
2019-05-02 12:27:33,103 [main] INFO com.pactiv.utils.TestDataUtils - key is ::password_8
2019-05-02 12:27:33,103 [main] INFO com.pactiv.utils.TestDataUtils - value is ::password
2019-05-02 12:27:33,103 [main] INFO com.pactiv.utils.TestDataUtils - key is ::Plant_8
2019-05-02 12:27:33,103 [main] INFO com.pactiv.utils.TestDataUtils - value is ::
2019-05-02 12:27:33,103 [main] INFO com.pactiv.utils.TestDataUtils - key is ::line_8
2019-05-02 12:27:33,104 [main] INFO com.pactiv.utils.TestDataUtils - value is ::
2019-05-02 12:27:33,104 [main] INFO com.pactiv.utils.TestDataUtils - key is ::shift_8
2019-05-02 12:27:33,104 [main] INFO com.pactiv.utils.TestDataUtils - value is ::
2019-05-02 12:27:33,104 [main] INFO com.pactiv.utils.TestDataUtils - key is ::username_9
2019-05-02 12:27:33,104 [main] INFO com.pactiv.utils.TestDataUtils - value is ::DMGAdminTest
2019-05-02 12:27:33,104 [main] INFO com.pactiv.utils.TestDataUtils - key is ::password_9
2019-05-02 12:27:33,104 [main] INFO com.pactiv.utils.TestDataUtils - value is ::test1234567890
2019-05-02 12:27:33,104 [main] INFO com.pactiv.utils.TestDataUtils - key is ::Plant_9
2019-05-02 12:27:33,105 [main] INFO com.pactiv.utils.TestDataUtils - value is ::
2019-05-02 12:27:33,105 [main] INFO com.pactiv.utils.TestDataUtils - key is ::line_9
2019-05-02 12:27:33,105 [main] INFO com.pactiv.utils.TestDataUtils - value is ::
2019-05-02 12:27:33,105 [main] INFO com.pactiv.utils.TestDataUtils - key is ::shift_9
2019-05-02 12:27:33,105 [main] INFO com.pactiv.utils.TestDataUtils - value is ::
2019-05-02 12:27:33,108 [main] INFO com.pactiv.steps.BeforeAfterStepDefinition - Current scenario status is::null
2019-05-02 12:27:33,170 [main] ERROR com.pactiv.config.SeleniumNGSuite - Error in closing the browser:: invalid session id
  (Driver info: chromedriver=2.45.615291 (ec3682e3c9061c10f26ea9e5cdcf3c53f3f74387),platform=Windows NT 10.0.14393 x86_64) (WARNING: The server did not provide any stacktrace information)
Command duration or timeout: 0 milliseconds
Build info: version: '3.5.1', revision: '9c21bb67ef', time: '2017-08-17T15:26:08.955Z'
System info: host: 'PVLDCTWF90', ip: '10.0.9.65', os.name: 'Windows Server 2016', os.arch: 'amd64', os.version: '10.0', java.version: '1.8.0_201'
Driver info: org.openqa.selenium.chrome.ChromeDriver
Capabilities [{mobileEmulationEnabled=false, timeouts={implicit=0.0, pageLoad=300000.0, script=30000.0}, hasTouchScreen=false, platform=XP, acceptSslCerts=false, goog:chromeOptions={debuggerAddress=localhost:28229}, acceptInsecureCerts=false, webStorageEnabled=true, browserName=chrome, takesScreenshot=true, javascriptEnabled=true, setWindowRect=true, unexpectedAlertBehaviour=ignore, applicationCacheEnabled=false, rotatable=false, networkConnectionEnabled=false, chrome={chromedriverVersion=2.45.615291 (ec3682e3c9061c10f26ea9e5cdcf3c53f3f74387), userDataDir=C:\Users\pzm6015\AppData\Local\Temp\7\scoped_dir22992_19031}, takesHeapSnapshot=true, pageLoadStrategy=normal, unhandledPromptBehavior=ignore, strictFileInteractability=false, databaseEnabled=false, handlesAlerts=true, version=73.0.3683.103, browserConnectionEnabled=false, proxy=Proxy(), nativeEvents=true, locationContextEnabled=true, cssSelectorsEnabled=true}]
Session ID: 1ebca1565feaa98bb1f569d911e112a2
2019-05-02 12:27:33,172 [main] ERROR com.pactiv.steps.BeforeAfterStepDefinition - Error in In After Block execution::{}
null
	at com.pactiv.config.SeleniumNGSuite.tearDown(SeleniumNGSuite.java:81)
	at com.pactiv.steps.BeforeAfterStepDefinition.close(BeforeAfterStepDefinition.java:65)
	at sun.reflect.NativeMethodAccessorImpl.invoke0(Native Method)
	at sun.reflect.NativeMethodAccessorImpl.invoke(NativeMethodAccessorImpl.java:62)
	at sun.reflect.DelegatingMethodAccessorImpl.invoke(DelegatingMethodAccessorImpl.java:43)
	at java.lang.reflect.Method.invoke(Method.java:498)
	at cucumber.runtime.Utils$1.call(Utils.java:37)
	at cucumber.runtime.Timeout.timeout(Timeout.java:13)
	at cucumber.runtime.Utils.invoke(Utils.java:31)
	at cucumber.runtime.java.JavaHookDefinition.execute(JavaHookDefinition.java:60)
	at cucumber.runtime.Runtime.runHookIfTagsMatch(Runtime.java:223)
	at cucumber.runtime.Runtime.runHooks(Runtime.java:211)
	at cucumber.runtime.Runtime.runAfterHooks(Runtime.java:205)
	at cucumber.runtime.model.CucumberScenario.run(CucumberScenario.java:46)
	at cucumber.runtime.junit.ExecutionUnitRunner.run(ExecutionUnitRunner.java:91)
	at org.junit.runners.Suite.runChild(Suite.java:128)
	at org.junit.runners.Suite.runChild(Suite.java:27)
	at org.junit.runners.ParentRunner$3.run(ParentRunner.java:290)
	at org.junit.runners.ParentRunner$1.schedule(ParentRunner.java:71)
	at org.junit.runners.ParentRunner.runChildren(ParentRunner.java:288)
	at org.junit.runners.ParentRunner.access$000(ParentRunner.java:58)
	at org.junit.runners.ParentRunner$2.evaluate(ParentRunner.java:268)
	at org.junit.runners.ParentRunner.run(ParentRunner.java:363)
	at cucumber.runtime.junit.ExamplesRunner.run(ExamplesRunner.java:59)
	at org.junit.runners.Suite.runChild(Suite.java:128)
	at org.junit.runners.Suite.runChild(Suite.java:27)
	at org.junit.runners.ParentRunner$3.run(ParentRunner.java:290)
	at org.junit.runners.ParentRunner$1.schedule(ParentRunner.java:71)
	at org.junit.runners.ParentRunner.runChildren(ParentRunner.java:288)
	at org.junit.runners.ParentRunner.access$000(ParentRunner.java:58)
	at org.junit.runners.ParentRunner$2.evaluate(ParentRunner.java:268)
	at org.junit.runners.ParentRunner.run(ParentRunner.java:363)
	at cucumber.runtime.junit.ScenarioOutlineRunner.run(ScenarioOutlineRunner.java:53)
	at cucumber.runtime.junit.FeatureRunner.runChild(FeatureRunner.java:63)
	at cucumber.runtime.junit.FeatureRunner.runChild(FeatureRunner.java:18)
	at org.junit.runners.ParentRunner$3.run(ParentRunner.java:290)
	at org.junit.runners.ParentRunner$1.schedule(ParentRunner.java:71)
	at org.junit.runners.ParentRunner.runChildren(ParentRunner.java:288)
	at org.junit.runners.ParentRunner.access$000(ParentRunner.java:58)
	at org.junit.runners.ParentRunner$2.evaluate(ParentRunner.java:268)
	at org.junit.runners.ParentRunner.run(ParentRunner.java:363)
	at cucumber.runtime.junit.FeatureRunner.run(FeatureRunner.java:70)
	at cucumber.api.junit.Cucumber.runChild(Cucumber.java:93)
	at cucumber.api.junit.Cucumber.runChild(Cucumber.java:37)
	at org.junit.runners.ParentRunner$3.run(ParentRunner.java:290)
	at org.junit.runners.ParentRunner$1.schedule(ParentRunner.java:71)
	at org.junit.runners.ParentRunner.runChildren(ParentRunner.java:288)
	at org.junit.runners.ParentRunner.access$000(ParentRunner.java:58)
	at org.junit.runners.ParentRunner$2.evaluate(ParentRunner.java:268)
	at org.junit.runners.ParentRunner.run(ParentRunner.java:363)
	at cucumber.api.junit.Cucumber.run(Cucumber.java:98)
	at org.eclipse.jdt.internal.junit4.runner.JUnit4TestReference.run(JUnit4TestReference.java:89)
	at org.eclipse.jdt.internal.junit.runner.TestExecution.run(TestExecution.java:41)
	at org.eclipse.jdt.internal.junit.runner.RemoteTestRunner.runTests(RemoteTestRunner.java:541)
	at org.eclipse.jdt.internal.junit.runner.RemoteTestRunner.runTests(RemoteTestRunner.java:763)
	at org.eclipse.jdt.internal.junit.runner.RemoteTestRunner.run(RemoteTestRunner.java:463)
	at org.eclipse.jdt.internal.junit.runner.RemoteTestRunner.main(RemoteTestRunner.java:209)
Caused by: org.openqa.selenium.NoSuchSessionException: invalid session id
  (Driver info: chromedriver=2.45.615291 (ec3682e3c9061c10f26ea9e5cdcf3c53f3f74387),platform=Windows NT 10.0.14393 x86_64) (WARNING: The server did not provide any stacktrace information)
Command duration or timeout: 0 milliseconds
Build info: version: '3.5.1', revision: '9c21bb67ef', time: '2017-08-17T15:26:08.955Z'
System info: host: 'PVLDCTWF90', ip: '10.0.9.65', os.name: 'Windows Server 2016', os.arch: 'amd64', os.version: '10.0', java.version: '1.8.0_201'
Driver info: org.openqa.selenium.chrome.ChromeDriver
Capabilities [{mobileEmulationEnabled=false, timeouts={implicit=0.0, pageLoad=300000.0, script=30000.0}, hasTouchScreen=false, platform=XP, acceptSslCerts=false, goog:chromeOptions={debuggerAddress=localhost:28229}, acceptInsecureCerts=false, webStorageEnabled=true, browserName=chrome, takesScreenshot=true, javascriptEnabled=true, setWindowRect=true, unexpectedAlertBehaviour=ignore, applicationCacheEnabled=false, rotatable=false, networkConnectionEnabled=false, chrome={chromedriverVersion=2.45.615291 (ec3682e3c9061c10f26ea9e5cdcf3c53f3f74387), userDataDir=C:\Users\pzm6015\AppData\Local\Temp\7\scoped_dir22992_19031}, takesHeapSnapshot=true, pageLoadStrategy=normal, unhandledPromptBehavior=ignore, strictFileInteractability=false, databaseEnabled=false, handlesAlerts=true, version=73.0.3683.103, browserConnectionEnabled=false, proxy=Proxy(), nativeEvents=true, locationContextEnabled=true, cssSelectorsEnabled=true}]
Session ID: 1ebca1565feaa98bb1f569d911e112a2
	at sun.reflect.NativeConstructorAccessorImpl.newInstance0(Native Method)
	at sun.reflect.NativeConstructorAccessorImpl.newInstance(NativeConstructorAccessorImpl.java:62)
	at sun.reflect.DelegatingConstructorAccessorImpl.newInstance(DelegatingConstructorAccessorImpl.java:45)
	at java.lang.reflect.Constructor.newInstance(Constructor.java:423)
	at org.openqa.selenium.remote.ErrorHandler.createThrowable(ErrorHandler.java:215)
	at org.openqa.selenium.remote.ErrorHandler.throwIfResponseFailed(ErrorHandler.java:167)
	at org.openqa.selenium.remote.http.JsonHttpResponseCodec.reconstructValue(JsonHttpResponseCodec.java:40)
	at org.openqa.selenium.remote.http.AbstractHttpResponseCodec.decode(AbstractHttpResponseCodec.java:82)
	at org.openqa.selenium.remote.http.AbstractHttpResponseCodec.decode(AbstractHttpResponseCodec.java:45)
	at org.openqa.selenium.remote.HttpCommandExecutor.execute(HttpCommandExecutor.java:164)
	at org.openqa.selenium.remote.service.DriverCommandExecutor.execute(DriverCommandExecutor.java:82)
	at org.openqa.selenium.remote.RemoteWebDriver.execute(RemoteWebDriver.java:641)
	at org.openqa.selenium.remote.RemoteWebDriver.execute(RemoteWebDriver.java:698)
	at org.openqa.selenium.remote.RemoteWebDriver.close(RemoteWebDriver.java:527)
	at sun.reflect.NativeMethodAccessorImpl.invoke0(Native Method)
	at sun.reflect.NativeMethodAccessorImpl.invoke(NativeMethodAccessorImpl.java:62)
	at sun.reflect.DelegatingMethodAccessorImpl.invoke(DelegatingMethodAccessorImpl.java:43)
	at java.lang.reflect.Method.invoke(Method.java:498)
	at org.openqa.selenium.support.ThreadGuard$WebDriverInvocationHandler.invokeUnderlying(ThreadGuard.java:100)
	at org.openqa.selenium.support.ThreadGuard$WebDriverInvocationHandler.invoke(ThreadGuard.java:92)
	at com.sun.proxy.$Proxy16.close(Unknown Source)
	at com.pactiv.config.SeleniumNGSuite.tearDown(SeleniumNGSuite.java:72)
	... 56 more
2019-05-02 12:27:33,195 [main] INFO com.pactiv.steps.BeforeAfterStepDefinition - In before step definition for scenario::Successful log into DMG application and verify Add New Plant
2019-05-02 12:27:33,195 [main] INFO com.pactiv.utils.TestDataUtils - ===== Reading Feature Details====
2019-05-02 12:27:33,195 [main] INFO com.pactiv.utils.TestDataUtils - Scenario::cucumber.runtime.ScenarioImpl@57b75756
2019-05-02 12:27:33,196 [main] INFO com.pactiv.utils.TestDataUtils - Scenario name::Successful log into DMG application and verify Add New Plant
2019-05-02 12:27:33,196 [main] INFO com.pactiv.utils.TestDataUtils - ****************
2019-05-02 12:27:33,196 [main] INFO com.pactiv.utils.TestDataUtils - Scenario Name:Successful log into DMG application and verify Add New Plant
2019-05-02 12:27:33,196 [main] INFO com.pactiv.utils.TestDataUtils - feature file Name:loginaction
2019-05-02 12:27:33,196 [main] INFO com.pactiv.utils.TestDataUtils - ------------
2019-05-02 12:27:33,196 [main] INFO com.pactiv.utils.TestDataUtils - Scenario_id:Successful log into DMG application and verify Add New Plant
2019-05-02 12:27:33,239 [main] INFO com.pactiv.utils.TestDataUtils - SheetName is: LoginAction
2019-05-02 12:27:33,242 [main] INFO com.pactiv.utils.TestDataUtils - Row is: 24Column is: 0
2019-05-02 12:27:33,242 [main] INFO com.pactiv.utils.TestDataUtils - no of cells 1::2
2019-05-02 12:27:33,244 [main] INFO com.pactiv.utils.TestDataUtils - header::[username, password]
2019-05-02 12:27:33,248 [main] INFO com.pactiv.utils.TestDataUtils - no of rows::1
2019-05-02 12:27:33,248 [main] INFO com.pactiv.utils.TestDataUtils - key is ::username_1
2019-05-02 12:27:33,249 [main] INFO com.pactiv.utils.TestDataUtils - value is ::DMGAdminTest
2019-05-02 12:27:33,249 [main] INFO com.pactiv.utils.TestDataUtils - key is ::password_1
2019-05-02 12:27:33,249 [main] INFO com.pactiv.utils.TestDataUtils - value is ::test1234567890
2019-05-02 12:27:33,512 [main] INFO com.pactiv.config.DriverConfig - Setting up the driver::chrome
2019-05-02 12:27:38,730 [main] INFO com.pactiv.utils.TestDataUtils - Access the PACTIV URL::PASS
2019-05-02 12:27:38,749 [main] INFO com.pactiv.utils.PropertyUtils - Property File Name is ::C:\Users\pzm6015\Documents\PACTIV\PACTIV\PACTIV\src\test\resources\properties\PactivLogin.property
2019-05-02 12:27:38,765 [main] INFO com.pactiv.utils.DriverUtilsImpl - in gclick ::By.xpath: //input[contains(@name,'thingworx-form-userid')]
2019-05-02 12:27:44,200 [main] INFO com.pactiv.utils.DriverUtilsImpl - in gclick ::By.xpath: //input[contains(@name,'thingworx-form-password')]
2019-05-02 12:27:49,578 [main] INFO com.pactiv.utils.DriverUtilsImpl - in gclick ::By.xpath: //input[contains(@value,'Submit')]
2019-05-02 12:27:59,267 [main] INFO com.pactiv.utils.PropertyUtils - Property File Name is ::C:\Users\pzm6015\Documents\PACTIV\PACTIV\PACTIV\src\test\resources\properties\ProductionTracking.property
2019-05-02 12:27:59,276 [main] INFO com.pactiv.utils.PropertyUtils - Property File Name is ::C:\Users\pzm6015\Documents\PACTIV\PACTIV\PACTIV\\src\\test\\resources\\properties\\DMGApp.property
2019-05-02 12:27:59,360 [main] INFO com.pactiv.utils.PropertyUtils - Property File Name is ::C:\Users\pzm6015\Documents\PACTIV\PACTIV\PACTIV\\src\\test\\resources\\properties\\DMGApp.property
2019-05-02 12:27:59,365 [main] INFO com.pactiv.utils.DriverUtilsImpl - in gclick ::By.xpath: //strong[contains(.,'ADD PLANT')]
2019-05-02 12:28:04,514 [main] INFO com.pactiv.utils.PropertyUtils - Property File Name is ::C:\Users\pzm6015\Documents\PACTIV\PACTIV\PACTIV\\src\\test\\resources\\properties\\DMGApp.property
2019-05-02 12:28:04,570 [main] INFO com.pactiv.utils.PropertyUtils - Property File Name is ::C:\Users\pzm6015\Documents\PACTIV\PACTIV\PACTIV\src\test\resources\properties\ControlTower.property
2019-05-02 12:28:04,594 [main] INFO com.pactiv.utils.PropertyUtils - Property File Name is ::C:\Users\pzm6015\Documents\PACTIV\PACTIV\PACTIV\src\test\resources\properties\ReportLog.property
2019-05-02 12:28:04,604 [main] INFO com.pactiv.utils.PropertyUtils - Property File Name is ::C:\Users\pzm6015\Documents\PACTIV\PACTIV\PACTIV\\src\\test\\resources\\properties\\DMGApp.property
2019-05-02 12:28:04,639 [main] INFO com.pactiv.utils.PropertyUtils - Property File Name is ::C:\Users\pzm6015\Documents\PACTIV\PACTIV\PACTIV\\src\\test\\resources\\properties\\DMGApp.property
2019-05-02 12:28:04,672 [main] INFO com.pactiv.utils.PropertyUtils - Property File Name is ::C:\Users\pzm6015\Documents\PACTIV\PACTIV\PACTIV\\src\\test\\resources\\properties\\DMGApp.property
2019-05-02 12:28:04,705 [main] INFO com.pactiv.utils.PropertyUtils - Property File Name is ::C:\Users\pzm6015\Documents\PACTIV\PACTIV\PACTIV\\src\\test\\resources\\properties\\DMGApp.property
2019-05-02 12:28:04,739 [main] INFO com.pactiv.utils.PropertyUtils - Property File Name is ::C:\Users\pzm6015\Documents\PACTIV\PACTIV\PACTIV\\src\\test\\resources\\properties\\DMGApp.property
2019-05-02 12:28:04,769 [main] INFO com.pactiv.utils.PropertyUtils - Property File Name is ::C:\Users\pzm6015\Documents\PACTIV\PACTIV\PACTIV\\src\\test\\resources\\properties\\DMGApp.property
2019-05-02 12:28:04,807 [main] INFO com.pactiv.utils.DriverUtilsImpl - in gclick ::By.xpath: //div[text()='Add a New Plant']/../div/img[contains(@src,'left-arrow')]
2019-05-02 12:28:10,063 [main] INFO com.pactiv.utils.DriverUtilsImpl - in gclick ::By.xpath: //button[contains(@class,'button-element textsize-normal')]
2019-05-02 12:28:15,382 [main] INFO com.pactiv.steps.BeforeAfterStepDefinition - Current scenario status is::null
2019-05-02 12:28:16,167 [main] INFO com.pactiv.config.SeleniumNGSuite - Successfully closed the browser 
2019-05-02 12:28:26,194 [main] INFO com.pactiv.config.DriverConfig - Setting up the driver::chrome headless
2019-05-02 12:28:32,034 [main] INFO com.pactiv.steps.BeforeAfterStepDefinition - In before step definition for scenario::Successful log into CPT application as Floater And Verify PT Hour Box Entry
2019-05-02 12:28:32,034 [main] INFO com.pactiv.utils.TestDataUtils - ===== Reading Feature Details====
2019-05-02 12:28:32,034 [main] INFO com.pactiv.utils.TestDataUtils - Scenario::cucumber.runtime.ScenarioImpl@51a8313b
2019-05-02 12:28:32,034 [main] INFO com.pactiv.utils.TestDataUtils - Scenario name::Successful log into CPT application as Floater And Verify PT Hour Box Entry
2019-05-02 12:28:32,035 [main] INFO com.pactiv.utils.TestDataUtils - ****************
2019-05-02 12:28:32,035 [main] INFO com.pactiv.utils.TestDataUtils - Scenario Name:Successful log into CPT application as Floater And Verify PT Hour Box Entry
2019-05-02 12:28:32,035 [main] INFO com.pactiv.utils.TestDataUtils - feature file Name:loginaction
2019-05-02 12:28:32,035 [main] INFO com.pactiv.utils.TestDataUtils - ------------
2019-05-02 12:28:32,035 [main] INFO com.pactiv.utils.TestDataUtils - Scenario_id:Successful log into CPT application as Floater And Verify PT Hour Box Entry
2019-05-02 12:28:32,078 [main] INFO com.pactiv.utils.TestDataUtils - SheetName is: LoginAction
2019-05-02 12:28:32,081 [main] INFO com.pactiv.utils.TestDataUtils - Row is: 28Column is: 0
2019-05-02 12:28:32,082 [main] INFO com.pactiv.utils.TestDataUtils - no of cells 1::2
2019-05-02 12:28:32,088 [main] INFO com.pactiv.utils.TestDataUtils - header::[username, password]
2019-05-02 12:28:32,088 [main] INFO com.pactiv.utils.TestDataUtils - no of rows::4
2019-05-02 12:28:32,088 [main] INFO com.pactiv.utils.TestDataUtils - key is ::username_1
2019-05-02 12:28:32,090 [main] INFO com.pactiv.utils.TestDataUtils - value is ::FloaterTest1
2019-05-02 12:28:32,090 [main] INFO com.pactiv.utils.TestDataUtils - key is ::password_1
2019-05-02 12:28:32,090 [main] INFO com.pactiv.utils.TestDataUtils - value is ::test1234567890
2019-05-02 12:28:32,090 [main] INFO com.pactiv.utils.TestDataUtils - key is ::username_2
2019-05-02 12:28:32,090 [main] INFO com.pactiv.utils.TestDataUtils - value is ::FloaterTest2
2019-05-02 12:28:32,091 [main] INFO com.pactiv.utils.TestDataUtils - key is ::password_2
2019-05-02 12:28:32,091 [main] INFO com.pactiv.utils.TestDataUtils - value is ::test1234567890
2019-05-02 12:28:32,091 [main] INFO com.pactiv.utils.TestDataUtils - key is ::username_3
2019-05-02 12:28:32,091 [main] INFO com.pactiv.utils.TestDataUtils - value is ::FloaterTest3
2019-05-02 12:28:32,091 [main] INFO com.pactiv.utils.TestDataUtils - key is ::password_3
2019-05-02 12:28:32,092 [main] INFO com.pactiv.utils.TestDataUtils - value is ::test1234567890
2019-05-02 12:28:32,092 [main] INFO com.pactiv.utils.TestDataUtils - key is ::username_4
2019-05-02 12:28:32,092 [main] INFO com.pactiv.utils.TestDataUtils - value is ::FloaterTest4
2019-05-02 12:28:32,092 [main] INFO com.pactiv.utils.TestDataUtils - key is ::password_4
2019-05-02 12:28:32,092 [main] INFO com.pactiv.utils.TestDataUtils - value is ::test1234567890
2019-05-02 12:28:32,093 [main] INFO com.pactiv.config.DriverConfig - Setting up the driver::chrome
2019-05-02 12:28:36,802 [main] INFO com.pactiv.utils.TestDataUtils - Access the PACTIV URL::PASS
2019-05-02 12:28:36,807 [main] INFO com.pactiv.utils.DriverUtilsImpl - in gclick ::By.xpath: //input[contains(@name,'thingworx-form-userid')]
2019-05-02 12:28:42,247 [main] INFO com.pactiv.utils.DriverUtilsImpl - in gclick ::By.xpath: //input[contains(@name,'thingworx-form-password')]
2019-05-02 12:28:47,557 [main] INFO com.pactiv.utils.DriverUtilsImpl - in gclick ::By.xpath: //input[contains(@value,'Submit')]
2019-05-02 12:28:55,894 [main] INFO com.pactiv.utils.PropertyUtils - Property File Name is ::C:\Users\pzm6015\Documents\PACTIV\PACTIV\PACTIV\\src\\test\\resources\\properties\\DMGApp.property
2019-05-02 12:28:55,937 [main] INFO com.pactiv.utils.PropertyUtils - Property File Name is ::C:\Users\pzm6015\Documents\PACTIV\PACTIV\PACTIV\\src\\test\\resources\\properties\\DMGApp.property
2019-05-02 12:29:00,976 [main] INFO com.pactiv.steps.BeforeAfterStepDefinition - Current scenario status is::null
2019-05-02 12:29:01,817 [main] INFO com.pactiv.config.SeleniumNGSuite - Successfully closed the browser 
2019-05-02 12:29:11,847 [main] INFO com.pactiv.config.DriverConfig - Setting up the driver::chrome headless
2019-05-02 12:29:18,229 [main] INFO com.pactiv.steps.BeforeAfterStepDefinition - In before step definition for scenario::Successful log into CPT application as Floater And Verify PT Hour Box Entry
2019-05-02 12:29:18,229 [main] INFO com.pactiv.utils.TestDataUtils - ===== Reading Feature Details====
2019-05-02 12:29:18,229 [main] INFO com.pactiv.utils.TestDataUtils - Scenario::cucumber.runtime.ScenarioImpl@b0e5507
2019-05-02 12:29:18,230 [main] INFO com.pactiv.utils.TestDataUtils - Scenario name::Successful log into CPT application as Floater And Verify PT Hour Box Entry
2019-05-02 12:29:18,230 [main] INFO com.pactiv.utils.TestDataUtils - ****************
2019-05-02 12:29:18,230 [main] INFO com.pactiv.utils.TestDataUtils - Scenario Name:Successful log into CPT application as Floater And Verify PT Hour Box Entry
2019-05-02 12:29:18,230 [main] INFO com.pactiv.utils.TestDataUtils - feature file Name:loginaction
2019-05-02 12:29:18,231 [main] INFO com.pactiv.utils.TestDataUtils - ------------
2019-05-02 12:29:18,231 [main] INFO com.pactiv.utils.TestDataUtils - Scenario_id:Successful log into CPT application as Floater And Verify PT Hour Box Entry
2019-05-02 12:29:18,266 [main] INFO com.pactiv.utils.TestDataUtils - SheetName is: LoginAction
2019-05-02 12:29:18,269 [main] INFO com.pactiv.utils.TestDataUtils - Row is: 28Column is: 0
2019-05-02 12:29:18,269 [main] INFO com.pactiv.utils.TestDataUtils - no of cells 1::2
2019-05-02 12:29:18,280 [main] INFO com.pactiv.utils.TestDataUtils - header::[username, password]
2019-05-02 12:29:18,281 [main] INFO com.pactiv.utils.TestDataUtils - no of rows::4
2019-05-02 12:29:18,281 [main] INFO com.pactiv.utils.TestDataUtils - key is ::username_1
2019-05-02 12:29:18,281 [main] INFO com.pactiv.utils.TestDataUtils - value is ::FloaterTest1
2019-05-02 12:29:18,281 [main] INFO com.pactiv.utils.TestDataUtils - key is ::password_1
2019-05-02 12:29:18,282 [main] INFO com.pactiv.utils.TestDataUtils - value is ::test1234567890
2019-05-02 12:29:18,282 [main] INFO com.pactiv.utils.TestDataUtils - key is ::username_2
2019-05-02 12:29:18,282 [main] INFO com.pactiv.utils.TestDataUtils - value is ::FloaterTest2
2019-05-02 12:29:18,282 [main] INFO com.pactiv.utils.TestDataUtils - key is ::password_2
2019-05-02 12:29:18,283 [main] INFO com.pactiv.utils.TestDataUtils - value is ::test1234567890
2019-05-02 12:29:18,283 [main] INFO com.pactiv.utils.TestDataUtils - key is ::username_3
2019-05-02 12:29:18,283 [main] INFO com.pactiv.utils.TestDataUtils - value is ::FloaterTest3
2019-05-02 12:29:18,284 [main] INFO com.pactiv.utils.TestDataUtils - key is ::password_3
2019-05-02 12:29:18,284 [main] INFO com.pactiv.utils.TestDataUtils - value is ::test1234567890
2019-05-02 12:29:18,284 [main] INFO com.pactiv.utils.TestDataUtils - key is ::username_4
2019-05-02 12:29:18,284 [main] INFO com.pactiv.utils.TestDataUtils - value is ::FloaterTest4
2019-05-02 12:29:18,284 [main] INFO com.pactiv.utils.TestDataUtils - key is ::password_4
2019-05-02 12:29:18,285 [main] INFO com.pactiv.utils.TestDataUtils - value is ::test1234567890
2019-05-02 12:29:18,286 [main] INFO com.pactiv.config.DriverConfig - Setting up the driver::chrome
2019-05-02 12:29:23,007 [main] INFO com.pactiv.utils.TestDataUtils - Access the PACTIV URL::PASS
2019-05-02 12:29:23,011 [main] INFO com.pactiv.utils.DriverUtilsImpl - in gclick ::By.xpath: //input[contains(@name,'thingworx-form-userid')]
2019-05-02 12:29:28,343 [main] INFO com.pactiv.utils.DriverUtilsImpl - in gclick ::By.xpath: //input[contains(@name,'thingworx-form-password')]
2019-05-02 12:29:33,619 [main] INFO com.pactiv.utils.DriverUtilsImpl - in gclick ::By.xpath: //input[contains(@value,'Submit')]
2019-05-02 12:29:42,194 [main] INFO com.pactiv.utils.PropertyUtils - Property File Name is ::C:\Users\pzm6015\Documents\PACTIV\PACTIV\PACTIV\\src\\test\\resources\\properties\\DMGApp.property
2019-05-02 12:29:42,242 [main] INFO com.pactiv.utils.PropertyUtils - Property File Name is ::C:\Users\pzm6015\Documents\PACTIV\PACTIV\PACTIV\\src\\test\\resources\\properties\\DMGApp.property
2019-05-02 12:29:47,302 [main] INFO com.pactiv.steps.BeforeAfterStepDefinition - Current scenario status is::null
2019-05-02 12:29:48,207 [main] INFO com.pactiv.config.SeleniumNGSuite - Successfully closed the browser 
2019-05-02 12:29:58,222 [main] INFO com.pactiv.config.DriverConfig - Setting up the driver::chrome headless
2019-05-02 12:30:04,314 [main] INFO com.pactiv.steps.BeforeAfterStepDefinition - In before step definition for scenario::Successful log into CPT application as Supervisor And Verify PT Hour Box Entry
2019-05-02 12:30:04,314 [main] INFO com.pactiv.utils.TestDataUtils - ===== Reading Feature Details====
2019-05-02 12:30:04,315 [main] INFO com.pactiv.utils.TestDataUtils - Scenario::cucumber.runtime.ScenarioImpl@5c60b0a0
2019-05-02 12:30:04,315 [main] INFO com.pactiv.utils.TestDataUtils - Scenario name::Successful log into CPT application as Supervisor And Verify PT Hour Box Entry
2019-05-02 12:30:04,315 [main] INFO com.pactiv.utils.TestDataUtils - ****************
2019-05-02 12:30:04,315 [main] INFO com.pactiv.utils.TestDataUtils - Scenario Name:Successful log into CPT application as Supervisor And Verify PT Hour Box Entry
2019-05-02 12:30:04,316 [main] INFO com.pactiv.utils.TestDataUtils - feature file Name:loginaction
2019-05-02 12:30:04,316 [main] INFO com.pactiv.utils.TestDataUtils - ------------
2019-05-02 12:30:04,316 [main] INFO com.pactiv.utils.TestDataUtils - Scenario_id:Successful log into CPT application as Supervisor And Verify PT Hour Box Entry
2019-05-02 12:30:04,365 [main] INFO com.pactiv.utils.TestDataUtils - SheetName is: LoginAction
2019-05-02 12:30:04,368 [main] INFO com.pactiv.utils.TestDataUtils - Row is: 35Column is: 0
2019-05-02 12:30:04,368 [main] INFO com.pactiv.utils.TestDataUtils - no of cells 1::2
2019-05-02 12:30:04,374 [main] INFO com.pactiv.utils.TestDataUtils - header::[username, password]
2019-05-02 12:30:04,374 [main] INFO com.pactiv.utils.TestDataUtils - no of rows::16
2019-05-02 12:30:04,374 [main] INFO com.pactiv.utils.TestDataUtils - key is ::username_1
2019-05-02 12:30:04,375 [main] INFO com.pactiv.utils.TestDataUtils - value is ::FloaterTest1
2019-05-02 12:30:04,375 [main] INFO com.pactiv.utils.TestDataUtils - key is ::password_1
2019-05-02 12:30:04,375 [main] INFO com.pactiv.utils.TestDataUtils - value is ::test1234567890
2019-05-02 12:30:04,375 [main] INFO com.pactiv.utils.TestDataUtils - key is ::username_2
2019-05-02 12:30:04,375 [main] INFO com.pactiv.utils.TestDataUtils - value is ::FloaterTest2
2019-05-02 12:30:04,375 [main] INFO com.pactiv.utils.TestDataUtils - key is ::password_2
2019-05-02 12:30:04,376 [main] INFO com.pactiv.utils.TestDataUtils - value is ::test1234567890
2019-05-02 12:30:04,376 [main] INFO com.pactiv.utils.TestDataUtils - key is ::username_3
2019-05-02 12:30:04,376 [main] INFO com.pactiv.utils.TestDataUtils - value is ::FloaterTest3
2019-05-02 12:30:04,376 [main] INFO com.pactiv.utils.TestDataUtils - key is ::password_3
2019-05-02 12:30:04,376 [main] INFO com.pactiv.utils.TestDataUtils - value is ::test1234567890
2019-05-02 12:30:04,377 [main] INFO com.pactiv.utils.TestDataUtils - key is ::username_4
2019-05-02 12:30:04,377 [main] INFO com.pactiv.utils.TestDataUtils - value is ::FloaterTest4
2019-05-02 12:30:04,377 [main] INFO com.pactiv.utils.TestDataUtils - key is ::password_4
2019-05-02 12:30:04,378 [main] INFO com.pactiv.utils.TestDataUtils - value is ::test1234567890
2019-05-02 12:30:04,378 [main] INFO com.pactiv.utils.TestDataUtils - key is ::username_5
2019-05-02 12:30:04,378 [main] INFO com.pactiv.utils.TestDataUtils - value is ::
2019-05-02 12:30:04,378 [main] INFO com.pactiv.utils.TestDataUtils - key is ::password_5
2019-05-02 12:30:04,379 [main] INFO com.pactiv.utils.TestDataUtils - value is ::
2019-05-02 12:30:04,379 [main] INFO com.pactiv.utils.TestDataUtils - key is ::username_6
2019-05-02 12:30:04,379 [main] INFO com.pactiv.utils.TestDataUtils - value is ::
2019-05-02 12:30:04,379 [main] INFO com.pactiv.utils.TestDataUtils - key is ::password_6
2019-05-02 12:30:04,379 [main] INFO com.pactiv.utils.TestDataUtils - value is ::
2019-05-02 12:30:04,380 [main] INFO com.pactiv.utils.TestDataUtils - key is ::username_7
2019-05-02 12:30:04,380 [main] INFO com.pactiv.utils.TestDataUtils - value is ::
2019-05-02 12:30:04,381 [main] INFO com.pactiv.utils.TestDataUtils - key is ::password_7
2019-05-02 12:30:04,381 [main] INFO com.pactiv.utils.TestDataUtils - value is ::
2019-05-02 12:30:04,382 [main] INFO com.pactiv.utils.TestDataUtils - key is ::username_8
2019-05-02 12:30:04,382 [main] INFO com.pactiv.utils.TestDataUtils - value is ::
2019-05-02 12:30:04,382 [main] INFO com.pactiv.utils.TestDataUtils - key is ::password_8
2019-05-02 12:30:04,382 [main] INFO com.pactiv.utils.TestDataUtils - value is ::
2019-05-02 12:30:04,382 [main] INFO com.pactiv.utils.TestDataUtils - key is ::username_9
2019-05-02 12:30:04,383 [main] INFO com.pactiv.utils.TestDataUtils - value is ::
2019-05-02 12:30:04,383 [main] INFO com.pactiv.utils.TestDataUtils - key is ::password_9
2019-05-02 12:30:04,383 [main] INFO com.pactiv.utils.TestDataUtils - value is ::
2019-05-02 12:30:04,383 [main] INFO com.pactiv.utils.TestDataUtils - key is ::username_10
2019-05-02 12:30:04,383 [main] INFO com.pactiv.utils.TestDataUtils - value is ::
2019-05-02 12:30:04,384 [main] INFO com.pactiv.utils.TestDataUtils - key is ::password_10
2019-05-02 12:30:04,384 [main] INFO com.pactiv.utils.TestDataUtils - value is ::
2019-05-02 12:30:04,384 [main] INFO com.pactiv.utils.TestDataUtils - key is ::username_11
2019-05-02 12:30:04,384 [main] INFO com.pactiv.utils.TestDataUtils - value is ::
2019-05-02 12:30:04,384 [main] INFO com.pactiv.utils.TestDataUtils - key is ::password_11
2019-05-02 12:30:04,385 [main] INFO com.pactiv.utils.TestDataUtils - value is ::
2019-05-02 12:30:04,385 [main] INFO com.pactiv.utils.TestDataUtils - key is ::username_12
2019-05-02 12:30:04,385 [main] INFO com.pactiv.utils.TestDataUtils - value is ::
2019-05-02 12:30:04,385 [main] INFO com.pactiv.utils.TestDataUtils - key is ::password_12
2019-05-02 12:30:04,385 [main] INFO com.pactiv.utils.TestDataUtils - value is ::
2019-05-02 12:30:04,386 [main] INFO com.pactiv.utils.TestDataUtils - key is ::username_13
2019-05-02 12:30:04,386 [main] INFO com.pactiv.utils.TestDataUtils - value is ::
2019-05-02 12:30:04,386 [main] INFO com.pactiv.utils.TestDataUtils - key is ::password_13
2019-05-02 12:30:04,386 [main] INFO com.pactiv.utils.TestDataUtils - value is ::
2019-05-02 12:30:04,387 [main] INFO com.pactiv.utils.TestDataUtils - key is ::username_14
2019-05-02 12:30:04,387 [main] INFO com.pactiv.utils.TestDataUtils - value is ::
2019-05-02 12:30:04,387 [main] INFO com.pactiv.utils.TestDataUtils - key is ::password_14
2019-05-02 12:30:04,388 [main] INFO com.pactiv.utils.TestDataUtils - value is ::
2019-05-02 12:30:04,388 [main] INFO com.pactiv.utils.TestDataUtils - key is ::username_15
2019-05-02 12:30:04,388 [main] INFO com.pactiv.utils.TestDataUtils - value is ::
2019-05-02 12:30:04,388 [main] INFO com.pactiv.utils.TestDataUtils - key is ::password_15
2019-05-02 12:30:04,388 [main] INFO com.pactiv.utils.TestDataUtils - value is ::
2019-05-02 12:30:04,389 [main] INFO com.pactiv.utils.TestDataUtils - key is ::username_16
2019-05-02 12:30:04,389 [main] INFO com.pactiv.utils.TestDataUtils - value is ::
2019-05-02 12:30:04,389 [main] INFO com.pactiv.utils.TestDataUtils - key is ::password_16
2019-05-02 12:30:04,389 [main] INFO com.pactiv.utils.TestDataUtils - value is ::
2019-05-02 12:30:04,390 [main] INFO com.pactiv.config.DriverConfig - Setting up the driver::chrome
2019-05-02 12:30:09,053 [main] INFO com.pactiv.utils.TestDataUtils - Access the PACTIV URL::PASS
2019-05-02 12:30:09,067 [main] INFO com.pactiv.utils.DriverUtilsImpl - in gclick ::By.xpath: //input[contains(@name,'thingworx-form-userid')]
2019-05-02 12:30:14,524 [main] INFO com.pactiv.utils.DriverUtilsImpl - in gclick ::By.xpath: //input[contains(@name,'thingworx-form-password')]
2019-05-02 12:30:19,787 [main] INFO com.pactiv.utils.DriverUtilsImpl - in gclick ::By.xpath: //input[contains(@value,'Submit')]
2019-05-02 12:30:28,148 [main] INFO com.pactiv.utils.PropertyUtils - Property File Name is ::C:\Users\pzm6015\Documents\PACTIV\PACTIV\PACTIV\\src\\test\\resources\\properties\\DMGApp.property
2019-05-02 12:30:28,193 [main] INFO com.pactiv.utils.PropertyUtils - Property File Name is ::C:\Users\pzm6015\Documents\PACTIV\PACTIV\PACTIV\\src\\test\\resources\\properties\\DMGApp.property
2019-05-02 12:30:33,256 [main] INFO com.pactiv.steps.BeforeAfterStepDefinition - Current scenario status is::null
2019-05-02 12:30:36,048 [main] INFO com.pactiv.config.SeleniumNGSuite - Successfully closed the browser 
2019-05-02 12:30:46,074 [main] INFO com.pactiv.config.DriverConfig - Setting up the driver::chrome headless
2019-05-02 12:30:51,983 [main] INFO com.pactiv.steps.BeforeAfterStepDefinition - In before step definition for scenario::Successful log into CPT application as Supervisor And Verify PT Hour Box Entry
2019-05-02 12:30:51,983 [main] INFO com.pactiv.utils.TestDataUtils - ===== Reading Feature Details====
2019-05-02 12:30:51,985 [main] INFO com.pactiv.utils.TestDataUtils - Scenario::cucumber.runtime.ScenarioImpl@73fc518f
2019-05-02 12:30:51,985 [main] INFO com.pactiv.utils.TestDataUtils - Scenario name::Successful log into CPT application as Supervisor And Verify PT Hour Box Entry
2019-05-02 12:30:51,985 [main] INFO com.pactiv.utils.TestDataUtils - ****************
2019-05-02 12:30:51,985 [main] INFO com.pactiv.utils.TestDataUtils - Scenario Name:Successful log into CPT application as Supervisor And Verify PT Hour Box Entry
2019-05-02 12:30:51,986 [main] INFO com.pactiv.utils.TestDataUtils - feature file Name:loginaction
2019-05-02 12:30:51,986 [main] INFO com.pactiv.utils.TestDataUtils - ------------
2019-05-02 12:30:51,986 [main] INFO com.pactiv.utils.TestDataUtils - Scenario_id:Successful log into CPT application as Supervisor And Verify PT Hour Box Entry
2019-05-02 12:30:52,035 [main] INFO com.pactiv.utils.TestDataUtils - SheetName is: LoginAction
2019-05-02 12:30:52,038 [main] INFO com.pactiv.utils.TestDataUtils - Row is: 35Column is: 0
2019-05-02 12:30:52,038 [main] INFO com.pactiv.utils.TestDataUtils - no of cells 1::2
2019-05-02 12:30:52,041 [main] INFO com.pactiv.utils.TestDataUtils - header::[username, password]
2019-05-02 12:30:52,041 [main] INFO com.pactiv.utils.TestDataUtils - no of rows::16
2019-05-02 12:30:52,041 [main] INFO com.pactiv.utils.TestDataUtils - key is ::username_1
2019-05-02 12:30:52,041 [main] INFO com.pactiv.utils.TestDataUtils - value is ::FloaterTest1
2019-05-02 12:30:52,041 [main] INFO com.pactiv.utils.TestDataUtils - key is ::password_1
2019-05-02 12:30:52,042 [main] INFO com.pactiv.utils.TestDataUtils - value is ::test1234567890
2019-05-02 12:30:52,042 [main] INFO com.pactiv.utils.TestDataUtils - key is ::username_2
2019-05-02 12:30:52,042 [main] INFO com.pactiv.utils.TestDataUtils - value is ::FloaterTest2
2019-05-02 12:30:52,042 [main] INFO com.pactiv.utils.TestDataUtils - key is ::password_2
2019-05-02 12:30:52,042 [main] INFO com.pactiv.utils.TestDataUtils - value is ::test1234567890
2019-05-02 12:30:52,042 [main] INFO com.pactiv.utils.TestDataUtils - key is ::username_3
2019-05-02 12:30:52,042 [main] INFO com.pactiv.utils.TestDataUtils - value is ::FloaterTest3
2019-05-02 12:30:52,042 [main] INFO com.pactiv.utils.TestDataUtils - key is ::password_3
2019-05-02 12:30:52,043 [main] INFO com.pactiv.utils.TestDataUtils - value is ::test1234567890
2019-05-02 12:30:52,043 [main] INFO com.pactiv.utils.TestDataUtils - key is ::username_4
2019-05-02 12:30:52,043 [main] INFO com.pactiv.utils.TestDataUtils - value is ::FloaterTest4
2019-05-02 12:30:52,043 [main] INFO com.pactiv.utils.TestDataUtils - key is ::password_4
2019-05-02 12:30:52,043 [main] INFO com.pactiv.utils.TestDataUtils - value is ::test1234567890
2019-05-02 12:30:52,043 [main] INFO com.pactiv.utils.TestDataUtils - key is ::username_5
2019-05-02 12:30:52,043 [main] INFO com.pactiv.utils.TestDataUtils - value is ::
2019-05-02 12:30:52,043 [main] INFO com.pactiv.utils.TestDataUtils - key is ::password_5
2019-05-02 12:30:52,043 [main] INFO com.pactiv.utils.TestDataUtils - value is ::
2019-05-02 12:30:52,043 [main] INFO com.pactiv.utils.TestDataUtils - key is ::username_6
2019-05-02 12:30:52,044 [main] INFO com.pactiv.utils.TestDataUtils - value is ::
2019-05-02 12:30:52,044 [main] INFO com.pactiv.utils.TestDataUtils - key is ::password_6
2019-05-02 12:30:52,044 [main] INFO com.pactiv.utils.TestDataUtils - value is ::
2019-05-02 12:30:52,045 [main] INFO com.pactiv.utils.TestDataUtils - key is ::username_7
2019-05-02 12:30:52,045 [main] INFO com.pactiv.utils.TestDataUtils - value is ::
2019-05-02 12:30:52,045 [main] INFO com.pactiv.utils.TestDataUtils - key is ::password_7
2019-05-02 12:30:52,045 [main] INFO com.pactiv.utils.TestDataUtils - value is ::
2019-05-02 12:30:52,045 [main] INFO com.pactiv.utils.TestDataUtils - key is ::username_8
2019-05-02 12:30:52,046 [main] INFO com.pactiv.utils.TestDataUtils - value is ::
2019-05-02 12:30:52,046 [main] INFO com.pactiv.utils.TestDataUtils - key is ::password_8
2019-05-02 12:30:52,046 [main] INFO com.pactiv.utils.TestDataUtils - value is ::
2019-05-02 12:30:52,046 [main] INFO com.pactiv.utils.TestDataUtils - key is ::username_9
2019-05-02 12:30:52,046 [main] INFO com.pactiv.utils.TestDataUtils - value is ::
2019-05-02 12:30:52,046 [main] INFO com.pactiv.utils.TestDataUtils - key is ::password_9
2019-05-02 12:30:52,046 [main] INFO com.pactiv.utils.TestDataUtils - value is ::
2019-05-02 12:30:52,046 [main] INFO com.pactiv.utils.TestDataUtils - key is ::username_10
2019-05-02 12:30:52,047 [main] INFO com.pactiv.utils.TestDataUtils - value is ::
2019-05-02 12:30:52,051 [main] INFO com.pactiv.utils.TestDataUtils - key is ::password_10
2019-05-02 12:30:52,058 [main] INFO com.pactiv.utils.TestDataUtils - value is ::
2019-05-02 12:30:52,058 [main] INFO com.pactiv.utils.TestDataUtils - key is ::username_11
2019-05-02 12:30:52,058 [main] INFO com.pactiv.utils.TestDataUtils - value is ::
2019-05-02 12:30:52,058 [main] INFO com.pactiv.utils.TestDataUtils - key is ::password_11
2019-05-02 12:30:52,058 [main] INFO com.pactiv.utils.TestDataUtils - value is ::
2019-05-02 12:30:52,059 [main] INFO com.pactiv.utils.TestDataUtils - key is ::username_12
2019-05-02 12:30:52,059 [main] INFO com.pactiv.utils.TestDataUtils - value is ::
2019-05-02 12:30:52,059 [main] INFO com.pactiv.utils.TestDataUtils - key is ::password_12
2019-05-02 12:30:52,059 [main] INFO com.pactiv.utils.TestDataUtils - value is ::
2019-05-02 12:30:52,059 [main] INFO com.pactiv.utils.TestDataUtils - key is ::username_13
2019-05-02 12:30:52,059 [main] INFO com.pactiv.utils.TestDataUtils - value is ::
2019-05-02 12:30:52,059 [main] INFO com.pactiv.utils.TestDataUtils - key is ::password_13
2019-05-02 12:30:52,059 [main] INFO com.pactiv.utils.TestDataUtils - value is ::
2019-05-02 12:30:52,059 [main] INFO com.pactiv.utils.TestDataUtils - key is ::username_14
2019-05-02 12:30:52,060 [main] INFO com.pactiv.utils.TestDataUtils - value is ::
2019-05-02 12:30:52,060 [main] INFO com.pactiv.utils.TestDataUtils - key is ::password_14
2019-05-02 12:30:52,060 [main] INFO com.pactiv.utils.TestDataUtils - value is ::
2019-05-02 12:30:52,060 [main] INFO com.pactiv.utils.TestDataUtils - key is ::username_15
2019-05-02 12:30:52,060 [main] INFO com.pactiv.utils.TestDataUtils - value is ::
2019-05-02 12:30:52,060 [main] INFO com.pactiv.utils.TestDataUtils - key is ::password_15
2019-05-02 12:30:52,060 [main] INFO com.pactiv.utils.TestDataUtils - value is ::
2019-05-02 12:30:52,061 [main] INFO com.pactiv.utils.TestDataUtils - key is ::username_16
2019-05-02 12:30:52,061 [main] INFO com.pactiv.utils.TestDataUtils - value is ::
2019-05-02 12:30:52,061 [main] INFO com.pactiv.utils.TestDataUtils - key is ::password_16
2019-05-02 12:30:52,061 [main] INFO com.pactiv.utils.TestDataUtils - value is ::
2019-05-02 12:30:52,061 [main] INFO com.pactiv.config.DriverConfig - Setting up the driver::chrome
2019-05-02 12:30:56,846 [main] INFO com.pactiv.utils.TestDataUtils - Access the PACTIV URL::PASS
2019-05-02 12:30:56,851 [main] INFO com.pactiv.utils.DriverUtilsImpl - in gclick ::By.xpath: //input[contains(@name,'thingworx-form-userid')]
2019-05-02 12:31:02,258 [main] INFO com.pactiv.utils.DriverUtilsImpl - in gclick ::By.xpath: //input[contains(@name,'thingworx-form-password')]
2019-05-02 12:31:07,530 [main] INFO com.pactiv.utils.DriverUtilsImpl - in gclick ::By.xpath: //input[contains(@value,'Submit')]
2019-05-02 12:31:16,006 [main] INFO com.pactiv.utils.PropertyUtils - Property File Name is ::C:\Users\pzm6015\Documents\PACTIV\PACTIV\PACTIV\\src\\test\\resources\\properties\\DMGApp.property
2019-05-02 12:31:16,049 [main] INFO com.pactiv.utils.PropertyUtils - Property File Name is ::C:\Users\pzm6015\Documents\PACTIV\PACTIV\PACTIV\\src\\test\\resources\\properties\\DMGApp.property
2019-05-02 12:31:21,111 [main] INFO com.pactiv.steps.BeforeAfterStepDefinition - Current scenario status is::null
2019-05-02 12:31:23,904 [main] INFO com.pactiv.config.SeleniumNGSuite - Successfully closed the browser 
2019-05-02 12:31:33,931 [main] INFO com.pactiv.config.DriverConfig - Setting up the driver::chrome headless
