2019-05-03 01:53:22,950 [main] INFO com.pactiv.steps.BeforeAfterStepDefinition - In before step definition for scenario::Successful log into CPT application with Valid Credentials as Floater
2019-05-03 01:53:22,957 [main] INFO com.pactiv.utils.TestDataUtils - ===== Reading Feature Details====
2019-05-03 01:53:22,958 [main] INFO com.pactiv.utils.TestDataUtils - Scenario::cucumber.runtime.ScenarioImpl@4ea5b703
2019-05-03 01:53:22,958 [main] INFO com.pactiv.utils.TestDataUtils - Scenario name::Successful log into CPT application with Valid Credentials as Floater
2019-05-03 01:53:22,959 [main] INFO com.pactiv.utils.TestDataUtils - ****************
2019-05-03 01:53:22,959 [main] INFO com.pactiv.utils.TestDataUtils - Scenario Name:Successful log into CPT application with Valid Credentials as Floater
2019-05-03 01:53:22,960 [main] INFO com.pactiv.utils.TestDataUtils - feature file Name:loginaction
2019-05-03 01:53:22,961 [main] INFO com.pactiv.utils.TestDataUtils - ------------
2019-05-03 01:53:22,961 [main] INFO com.pactiv.utils.TestDataUtils - Scenario_id:Successful log into CPT application with Valid Credentials as Floater
2019-05-03 01:53:24,593 [main] INFO com.pactiv.utils.TestDataUtils - SheetName is: LoginAction
2019-05-03 01:53:24,610 [main] INFO com.pactiv.utils.TestDataUtils - Row is: 0Column is: 0
2019-05-03 01:53:24,610 [main] INFO com.pactiv.utils.TestDataUtils - no of cells 1::5
2019-05-03 01:53:24,666 [main] INFO com.pactiv.utils.TestDataUtils - header::[username, password, Plant, line, shift]
2019-05-03 01:53:24,667 [main] INFO com.pactiv.utils.TestDataUtils - no of rows::5
2019-05-03 01:53:24,667 [main] INFO com.pactiv.utils.TestDataUtils - key is ::username_1
2019-05-03 01:53:24,668 [main] INFO com.pactiv.utils.TestDataUtils - value is ::FloaterTest1
2019-05-03 01:53:24,670 [main] INFO com.pactiv.utils.TestDataUtils - key is ::password_1
2019-05-03 01:53:24,671 [main] INFO com.pactiv.utils.TestDataUtils - value is ::test1234567890
2019-05-03 01:53:24,671 [main] INFO com.pactiv.utils.TestDataUtils - key is ::Plant_1
2019-05-03 01:53:24,672 [main] INFO com.pactiv.utils.TestDataUtils - value is ::Texas
2019-05-03 01:53:24,672 [main] INFO com.pactiv.utils.TestDataUtils - key is ::line_1
2019-05-03 01:53:24,673 [main] INFO com.pactiv.utils.TestDataUtils - value is ::2
2019-05-03 01:53:24,673 [main] INFO com.pactiv.utils.TestDataUtils - key is ::shift_1
2019-05-03 01:53:24,674 [main] INFO com.pactiv.utils.TestDataUtils - value is ::2
2019-05-03 01:53:24,674 [main] INFO com.pactiv.utils.TestDataUtils - key is ::username_2
2019-05-03 01:53:24,675 [main] INFO com.pactiv.utils.TestDataUtils - value is ::FloaterTest2
2019-05-03 01:53:24,675 [main] INFO com.pactiv.utils.TestDataUtils - key is ::password_2
2019-05-03 01:53:24,676 [main] INFO com.pactiv.utils.TestDataUtils - value is ::test1234567890
2019-05-03 01:53:24,676 [main] INFO com.pactiv.utils.TestDataUtils - key is ::Plant_2
2019-05-03 01:53:24,676 [main] INFO com.pactiv.utils.TestDataUtils - value is ::Corsicanna
2019-05-03 01:53:24,677 [main] INFO com.pactiv.utils.TestDataUtils - key is ::line_2
2019-05-03 01:53:24,677 [main] INFO com.pactiv.utils.TestDataUtils - value is ::25
2019-05-03 01:53:24,677 [main] INFO com.pactiv.utils.TestDataUtils - key is ::shift_2
2019-05-03 01:53:24,678 [main] INFO com.pactiv.utils.TestDataUtils - value is ::3
2019-05-03 01:53:24,678 [main] INFO com.pactiv.utils.TestDataUtils - key is ::username_3
2019-05-03 01:53:24,679 [main] INFO com.pactiv.utils.TestDataUtils - value is ::FloaterTest3
2019-05-03 01:53:24,679 [main] INFO com.pactiv.utils.TestDataUtils - key is ::password_3
2019-05-03 01:53:24,680 [main] INFO com.pactiv.utils.TestDataUtils - value is ::test1234567890
2019-05-03 01:53:24,680 [main] INFO com.pactiv.utils.TestDataUtils - key is ::Plant_3
2019-05-03 01:53:24,680 [main] INFO com.pactiv.utils.TestDataUtils - value is ::Mooresville
2019-05-03 01:53:24,681 [main] INFO com.pactiv.utils.TestDataUtils - key is ::line_3
2019-05-03 01:53:24,682 [main] INFO com.pactiv.utils.TestDataUtils - value is ::40
2019-05-03 01:53:24,682 [main] INFO com.pactiv.utils.TestDataUtils - key is ::shift_3
2019-05-03 01:53:24,683 [main] INFO com.pactiv.utils.TestDataUtils - value is ::2
2019-05-03 01:53:24,683 [main] INFO com.pactiv.utils.TestDataUtils - key is ::username_4
2019-05-03 01:53:24,684 [main] INFO com.pactiv.utils.TestDataUtils - value is ::FloaterTest4
2019-05-03 01:53:24,684 [main] INFO com.pactiv.utils.TestDataUtils - key is ::password_4
2019-05-03 01:53:24,685 [main] INFO com.pactiv.utils.TestDataUtils - value is ::test1234567890
2019-05-03 01:53:24,685 [main] INFO com.pactiv.utils.TestDataUtils - key is ::Plant_4
2019-05-03 01:53:24,685 [main] INFO com.pactiv.utils.TestDataUtils - value is ::Mt Carmel
2019-05-03 01:53:24,686 [main] INFO com.pactiv.utils.TestDataUtils - key is ::line_4
2019-05-03 01:53:24,686 [main] INFO com.pactiv.utils.TestDataUtils - value is ::72
2019-05-03 01:53:24,686 [main] INFO com.pactiv.utils.TestDataUtils - key is ::shift_4
2019-05-03 01:53:24,687 [main] INFO com.pactiv.utils.TestDataUtils - value is ::3
2019-05-03 01:53:24,688 [main] INFO com.pactiv.utils.TestDataUtils - key is ::username_5
2019-05-03 01:53:24,688 [main] INFO com.pactiv.utils.TestDataUtils - value is ::
2019-05-03 01:53:24,689 [main] INFO com.pactiv.utils.TestDataUtils - key is ::password_5
2019-05-03 01:53:24,689 [main] INFO com.pactiv.utils.TestDataUtils - value is ::
2019-05-03 01:53:24,690 [main] INFO com.pactiv.utils.TestDataUtils - key is ::Plant_5
2019-05-03 01:53:24,690 [main] INFO com.pactiv.utils.TestDataUtils - value is ::
2019-05-03 01:53:24,690 [main] INFO com.pactiv.utils.TestDataUtils - key is ::line_5
2019-05-03 01:53:24,691 [main] INFO com.pactiv.utils.TestDataUtils - value is ::
2019-05-03 01:53:24,691 [main] INFO com.pactiv.utils.TestDataUtils - key is ::shift_5
2019-05-03 01:53:24,692 [main] INFO com.pactiv.utils.TestDataUtils - value is ::
2019-05-03 01:53:24,725 [main] INFO com.pactiv.steps.BeforeAfterStepDefinition - Current scenario status is::null
2019-05-03 01:53:25,453 [main] INFO com.pactiv.config.SeleniumNGSuite - Successfully closed the browser 
2019-05-03 01:53:35,547 [main] INFO com.pactiv.config.DriverConfig - Setting up the driver::chrome headless
2019-05-03 01:53:47,530 [main] INFO com.pactiv.steps.BeforeAfterStepDefinition - In before step definition for scenario::Successful log into CPT application with Valid Credentials as Supervisor
2019-05-03 01:53:47,531 [main] INFO com.pactiv.utils.TestDataUtils - ===== Reading Feature Details====
2019-05-03 01:53:47,531 [main] INFO com.pactiv.utils.TestDataUtils - Scenario::cucumber.runtime.ScenarioImpl@6a2eea2a
2019-05-03 01:53:47,531 [main] INFO com.pactiv.utils.TestDataUtils - Scenario name::Successful log into CPT application with Valid Credentials as Supervisor
2019-05-03 01:53:47,531 [main] INFO com.pactiv.utils.TestDataUtils - ****************
2019-05-03 01:53:47,532 [main] INFO com.pactiv.utils.TestDataUtils - Scenario Name:Successful log into CPT application with Valid Credentials as Supervisor
2019-05-03 01:53:47,532 [main] INFO com.pactiv.utils.TestDataUtils - feature file Name:loginaction
2019-05-03 01:53:47,532 [main] INFO com.pactiv.utils.TestDataUtils - ------------
2019-05-03 01:53:47,533 [main] INFO com.pactiv.utils.TestDataUtils - Scenario_id:Successful log into CPT application with Valid Credentials as Supervisor
2019-05-03 01:53:47,647 [main] INFO com.pactiv.utils.TestDataUtils - SheetName is: LoginAction
2019-05-03 01:53:47,650 [main] INFO com.pactiv.utils.TestDataUtils - Row is: 8Column is: 0
2019-05-03 01:53:47,650 [main] INFO com.pactiv.utils.TestDataUtils - no of cells 1::5
2019-05-03 01:53:47,665 [main] INFO com.pactiv.utils.TestDataUtils - header::[username, password, Plant, line, shift]
2019-05-03 01:53:47,666 [main] INFO com.pactiv.utils.TestDataUtils - no of rows::17
2019-05-03 01:53:47,666 [main] INFO com.pactiv.utils.TestDataUtils - key is ::username_1
2019-05-03 01:53:47,666 [main] INFO com.pactiv.utils.TestDataUtils - value is ::SupervisorTest1
2019-05-03 01:53:47,667 [main] INFO com.pactiv.utils.TestDataUtils - key is ::password_1
2019-05-03 01:53:47,667 [main] INFO com.pactiv.utils.TestDataUtils - value is ::test1234567890
2019-05-03 01:53:47,668 [main] INFO com.pactiv.utils.TestDataUtils - key is ::Plant_1
2019-05-03 01:53:47,669 [main] INFO com.pactiv.utils.TestDataUtils - value is ::Texas
2019-05-03 01:53:47,670 [main] INFO com.pactiv.utils.TestDataUtils - key is ::line_1
2019-05-03 01:53:47,671 [main] INFO com.pactiv.utils.TestDataUtils - value is ::2
2019-05-03 01:53:47,671 [main] INFO com.pactiv.utils.TestDataUtils - key is ::shift_1
2019-05-03 01:53:47,671 [main] INFO com.pactiv.utils.TestDataUtils - value is ::2
2019-05-03 01:53:47,672 [main] INFO com.pactiv.utils.TestDataUtils - key is ::username_2
2019-05-03 01:53:47,672 [main] INFO com.pactiv.utils.TestDataUtils - value is ::SupervisorTest2
2019-05-03 01:53:47,672 [main] INFO com.pactiv.utils.TestDataUtils - key is ::password_2
2019-05-03 01:53:47,673 [main] INFO com.pactiv.utils.TestDataUtils - value is ::test1234567890
2019-05-03 01:53:47,673 [main] INFO com.pactiv.utils.TestDataUtils - key is ::Plant_2
2019-05-03 01:53:47,673 [main] INFO com.pactiv.utils.TestDataUtils - value is ::Corsicanna
2019-05-03 01:53:47,674 [main] INFO com.pactiv.utils.TestDataUtils - key is ::line_2
2019-05-03 01:53:47,674 [main] INFO com.pactiv.utils.TestDataUtils - value is ::25
2019-05-03 01:53:47,674 [main] INFO com.pactiv.utils.TestDataUtils - key is ::shift_2
2019-05-03 01:53:47,675 [main] INFO com.pactiv.utils.TestDataUtils - value is ::3
2019-05-03 01:53:47,675 [main] INFO com.pactiv.utils.TestDataUtils - key is ::username_3
2019-05-03 01:53:47,676 [main] INFO com.pactiv.utils.TestDataUtils - value is ::SupervisorTest3
2019-05-03 01:53:47,676 [main] INFO com.pactiv.utils.TestDataUtils - key is ::password_3
2019-05-03 01:53:47,676 [main] INFO com.pactiv.utils.TestDataUtils - value is ::test1234567890
2019-05-03 01:53:47,677 [main] INFO com.pactiv.utils.TestDataUtils - key is ::Plant_3
2019-05-03 01:53:47,677 [main] INFO com.pactiv.utils.TestDataUtils - value is ::Mooresville
2019-05-03 01:53:47,678 [main] INFO com.pactiv.utils.TestDataUtils - key is ::line_3
2019-05-03 01:53:47,678 [main] INFO com.pactiv.utils.TestDataUtils - value is ::40
2019-05-03 01:53:47,679 [main] INFO com.pactiv.utils.TestDataUtils - key is ::shift_3
2019-05-03 01:53:47,679 [main] INFO com.pactiv.utils.TestDataUtils - value is ::2
2019-05-03 01:53:47,680 [main] INFO com.pactiv.utils.TestDataUtils - key is ::username_4
2019-05-03 01:53:47,680 [main] INFO com.pactiv.utils.TestDataUtils - value is ::SupervisorTest4
2019-05-03 01:53:47,680 [main] INFO com.pactiv.utils.TestDataUtils - key is ::password_4
2019-05-03 01:53:47,681 [main] INFO com.pactiv.utils.TestDataUtils - value is ::test1234567890
2019-05-03 01:53:47,681 [main] INFO com.pactiv.utils.TestDataUtils - key is ::Plant_4
2019-05-03 01:53:47,681 [main] INFO com.pactiv.utils.TestDataUtils - value is ::Mt Carmel
2019-05-03 01:53:47,681 [main] INFO com.pactiv.utils.TestDataUtils - key is ::line_4
2019-05-03 01:53:47,682 [main] INFO com.pactiv.utils.TestDataUtils - value is ::72
2019-05-03 01:53:47,682 [main] INFO com.pactiv.utils.TestDataUtils - key is ::shift_4
2019-05-03 01:53:47,683 [main] INFO com.pactiv.utils.TestDataUtils - value is ::3
2019-05-03 01:53:47,683 [main] INFO com.pactiv.utils.TestDataUtils - key is ::username_5
2019-05-03 01:53:47,683 [main] INFO com.pactiv.utils.TestDataUtils - value is ::
2019-05-03 01:53:47,683 [main] INFO com.pactiv.utils.TestDataUtils - key is ::password_5
2019-05-03 01:53:47,684 [main] INFO com.pactiv.utils.TestDataUtils - value is ::
2019-05-03 01:53:47,686 [main] INFO com.pactiv.utils.TestDataUtils - key is ::Plant_5
2019-05-03 01:53:47,686 [main] INFO com.pactiv.utils.TestDataUtils - value is ::
2019-05-03 01:53:47,686 [main] INFO com.pactiv.utils.TestDataUtils - key is ::line_5
2019-05-03 01:53:47,686 [main] INFO com.pactiv.utils.TestDataUtils - value is ::
2019-05-03 01:53:47,687 [main] INFO com.pactiv.utils.TestDataUtils - key is ::shift_5
2019-05-03 01:53:47,687 [main] INFO com.pactiv.utils.TestDataUtils - value is ::
2019-05-03 01:53:47,687 [main] INFO com.pactiv.utils.TestDataUtils - key is ::username_6
2019-05-03 01:53:47,688 [main] INFO com.pactiv.utils.TestDataUtils - value is ::
2019-05-03 01:53:47,688 [main] INFO com.pactiv.utils.TestDataUtils - key is ::password_6
2019-05-03 01:53:47,688 [main] INFO com.pactiv.utils.TestDataUtils - value is ::
2019-05-03 01:53:47,688 [main] INFO com.pactiv.utils.TestDataUtils - key is ::Plant_6
2019-05-03 01:53:47,689 [main] INFO com.pactiv.utils.TestDataUtils - value is ::
2019-05-03 01:53:47,689 [main] INFO com.pactiv.utils.TestDataUtils - key is ::line_6
2019-05-03 01:53:47,689 [main] INFO com.pactiv.utils.TestDataUtils - value is ::
2019-05-03 01:53:47,689 [main] INFO com.pactiv.utils.TestDataUtils - key is ::shift_6
2019-05-03 01:53:47,690 [main] INFO com.pactiv.utils.TestDataUtils - value is ::
2019-05-03 01:53:47,690 [main] INFO com.pactiv.utils.TestDataUtils - key is ::username_7
2019-05-03 01:53:47,690 [main] INFO com.pactiv.utils.TestDataUtils - value is ::Successful log into CPT application with Valid Credentials as Plant Leadership
2019-05-03 01:53:47,691 [main] INFO com.pactiv.utils.TestDataUtils - key is ::password_7
2019-05-03 01:53:47,691 [main] INFO com.pactiv.utils.TestDataUtils - value is ::
2019-05-03 01:53:47,691 [main] INFO com.pactiv.utils.TestDataUtils - key is ::Plant_7
2019-05-03 01:53:47,692 [main] INFO com.pactiv.utils.TestDataUtils - value is ::
2019-05-03 01:53:47,692 [main] INFO com.pactiv.utils.TestDataUtils - key is ::line_7
2019-05-03 01:53:47,692 [main] INFO com.pactiv.utils.TestDataUtils - value is ::
2019-05-03 01:53:47,692 [main] INFO com.pactiv.utils.TestDataUtils - key is ::shift_7
2019-05-03 01:53:47,692 [main] INFO com.pactiv.utils.TestDataUtils - value is ::
2019-05-03 01:53:47,692 [main] INFO com.pactiv.utils.TestDataUtils - key is ::username_8
2019-05-03 01:53:47,693 [main] INFO com.pactiv.utils.TestDataUtils - value is ::username
2019-05-03 01:53:47,693 [main] INFO com.pactiv.utils.TestDataUtils - key is ::password_8
2019-05-03 01:53:47,693 [main] INFO com.pactiv.utils.TestDataUtils - value is ::password
2019-05-03 01:53:47,693 [main] INFO com.pactiv.utils.TestDataUtils - key is ::Plant_8
2019-05-03 01:53:47,693 [main] INFO com.pactiv.utils.TestDataUtils - value is ::Plant
2019-05-03 01:53:47,693 [main] INFO com.pactiv.utils.TestDataUtils - key is ::line_8
2019-05-03 01:53:47,694 [main] INFO com.pactiv.utils.TestDataUtils - value is ::line
2019-05-03 01:53:47,694 [main] INFO com.pactiv.utils.TestDataUtils - key is ::shift_8
2019-05-03 01:53:47,694 [main] INFO com.pactiv.utils.TestDataUtils - value is ::shift
2019-05-03 01:53:47,694 [main] INFO com.pactiv.utils.TestDataUtils - key is ::username_9
2019-05-03 01:53:47,694 [main] INFO com.pactiv.utils.TestDataUtils - value is ::PlantManagerTest1
2019-05-03 01:53:47,695 [main] INFO com.pactiv.utils.TestDataUtils - key is ::password_9
2019-05-03 01:53:47,695 [main] INFO com.pactiv.utils.TestDataUtils - value is ::test1234567890
2019-05-03 01:53:47,695 [main] INFO com.pactiv.utils.TestDataUtils - key is ::Plant_9
2019-05-03 01:53:47,695 [main] INFO com.pactiv.utils.TestDataUtils - value is ::Texas
2019-05-03 01:53:47,695 [main] INFO com.pactiv.utils.TestDataUtils - key is ::line_9
2019-05-03 01:53:47,696 [main] INFO com.pactiv.utils.TestDataUtils - value is ::2
2019-05-03 01:53:47,696 [main] INFO com.pactiv.utils.TestDataUtils - key is ::shift_9
2019-05-03 01:53:47,696 [main] INFO com.pactiv.utils.TestDataUtils - value is ::2
2019-05-03 01:53:47,696 [main] INFO com.pactiv.utils.TestDataUtils - key is ::username_10
2019-05-03 01:53:47,696 [main] INFO com.pactiv.utils.TestDataUtils - value is ::PlantManagerTest2
2019-05-03 01:53:47,696 [main] INFO com.pactiv.utils.TestDataUtils - key is ::password_10
2019-05-03 01:53:47,696 [main] INFO com.pactiv.utils.TestDataUtils - value is ::test1234567890
2019-05-03 01:53:47,696 [main] INFO com.pactiv.utils.TestDataUtils - key is ::Plant_10
2019-05-03 01:53:47,696 [main] INFO com.pactiv.utils.TestDataUtils - value is ::Corsicanna
2019-05-03 01:53:47,696 [main] INFO com.pactiv.utils.TestDataUtils - key is ::line_10
2019-05-03 01:53:47,696 [main] INFO com.pactiv.utils.TestDataUtils - value is ::25
2019-05-03 01:53:47,696 [main] INFO com.pactiv.utils.TestDataUtils - key is ::shift_10
2019-05-03 01:53:47,696 [main] INFO com.pactiv.utils.TestDataUtils - value is ::3
2019-05-03 01:53:47,696 [main] INFO com.pactiv.utils.TestDataUtils - key is ::username_11
2019-05-03 01:53:47,696 [main] INFO com.pactiv.utils.TestDataUtils - value is ::PlantManagerTest3
2019-05-03 01:53:47,701 [main] INFO com.pactiv.utils.TestDataUtils - key is ::password_11
2019-05-03 01:53:47,701 [main] INFO com.pactiv.utils.TestDataUtils - value is ::test1234567890
2019-05-03 01:53:47,701 [main] INFO com.pactiv.utils.TestDataUtils - key is ::Plant_11
2019-05-03 01:53:47,701 [main] INFO com.pactiv.utils.TestDataUtils - value is ::Mooresville
2019-05-03 01:53:47,701 [main] INFO com.pactiv.utils.TestDataUtils - key is ::line_11
2019-05-03 01:53:47,701 [main] INFO com.pactiv.utils.TestDataUtils - value is ::40
2019-05-03 01:53:47,701 [main] INFO com.pactiv.utils.TestDataUtils - key is ::shift_11
2019-05-03 01:53:47,701 [main] INFO com.pactiv.utils.TestDataUtils - value is ::2
2019-05-03 01:53:47,701 [main] INFO com.pactiv.utils.TestDataUtils - key is ::username_12
2019-05-03 01:53:47,701 [main] INFO com.pactiv.utils.TestDataUtils - value is ::PlantManagerTest4
2019-05-03 01:53:47,701 [main] INFO com.pactiv.utils.TestDataUtils - key is ::password_12
2019-05-03 01:53:47,704 [main] INFO com.pactiv.utils.TestDataUtils - value is ::test1234567890
2019-05-03 01:53:47,705 [main] INFO com.pactiv.utils.TestDataUtils - key is ::Plant_12
2019-05-03 01:53:47,705 [main] INFO com.pactiv.utils.TestDataUtils - value is ::Mt Carmel
2019-05-03 01:53:47,706 [main] INFO com.pactiv.utils.TestDataUtils - key is ::line_12
2019-05-03 01:53:47,706 [main] INFO com.pactiv.utils.TestDataUtils - value is ::72
2019-05-03 01:53:47,707 [main] INFO com.pactiv.utils.TestDataUtils - key is ::shift_12
2019-05-03 01:53:47,709 [main] INFO com.pactiv.utils.TestDataUtils - value is ::3
2019-05-03 01:53:47,709 [main] INFO com.pactiv.utils.TestDataUtils - key is ::username_13
2019-05-03 01:53:47,710 [main] INFO com.pactiv.utils.TestDataUtils - value is ::
2019-05-03 01:53:47,710 [main] INFO com.pactiv.utils.TestDataUtils - key is ::password_13
2019-05-03 01:53:47,710 [main] INFO com.pactiv.utils.TestDataUtils - value is ::
2019-05-03 01:53:47,710 [main] INFO com.pactiv.utils.TestDataUtils - key is ::Plant_13
2019-05-03 01:53:47,711 [main] INFO com.pactiv.utils.TestDataUtils - value is ::
2019-05-03 01:53:47,711 [main] INFO com.pactiv.utils.TestDataUtils - key is ::line_13
2019-05-03 01:53:47,711 [main] INFO com.pactiv.utils.TestDataUtils - value is ::
2019-05-03 01:53:47,711 [main] INFO com.pactiv.utils.TestDataUtils - key is ::shift_13
2019-05-03 01:53:47,711 [main] INFO com.pactiv.utils.TestDataUtils - value is ::
2019-05-03 01:53:47,712 [main] INFO com.pactiv.utils.TestDataUtils - key is ::username_14
2019-05-03 01:53:47,712 [main] INFO com.pactiv.utils.TestDataUtils - value is ::
2019-05-03 01:53:47,712 [main] INFO com.pactiv.utils.TestDataUtils - key is ::password_14
2019-05-03 01:53:47,712 [main] INFO com.pactiv.utils.TestDataUtils - value is ::
2019-05-03 01:53:47,713 [main] INFO com.pactiv.utils.TestDataUtils - key is ::Plant_14
2019-05-03 01:53:47,713 [main] INFO com.pactiv.utils.TestDataUtils - value is ::
2019-05-03 01:53:47,713 [main] INFO com.pactiv.utils.TestDataUtils - key is ::line_14
2019-05-03 01:53:47,713 [main] INFO com.pactiv.utils.TestDataUtils - value is ::
2019-05-03 01:53:47,713 [main] INFO com.pactiv.utils.TestDataUtils - key is ::shift_14
2019-05-03 01:53:47,713 [main] INFO com.pactiv.utils.TestDataUtils - value is ::
2019-05-03 01:53:47,713 [main] INFO com.pactiv.utils.TestDataUtils - key is ::username_15
2019-05-03 01:53:47,713 [main] INFO com.pactiv.utils.TestDataUtils - value is ::Successful log into DMG application and verify Add New Plant
2019-05-03 01:53:47,713 [main] INFO com.pactiv.utils.TestDataUtils - key is ::password_15
2019-05-03 01:53:47,715 [main] INFO com.pactiv.utils.TestDataUtils - value is ::
2019-05-03 01:53:47,715 [main] INFO com.pactiv.utils.TestDataUtils - key is ::Plant_15
2019-05-03 01:53:47,715 [main] INFO com.pactiv.utils.TestDataUtils - value is ::
2019-05-03 01:53:47,715 [main] INFO com.pactiv.utils.TestDataUtils - key is ::line_15
2019-05-03 01:53:47,715 [main] INFO com.pactiv.utils.TestDataUtils - value is ::
2019-05-03 01:53:47,715 [main] INFO com.pactiv.utils.TestDataUtils - key is ::shift_15
2019-05-03 01:53:47,715 [main] INFO com.pactiv.utils.TestDataUtils - value is ::
2019-05-03 01:53:47,715 [main] INFO com.pactiv.utils.TestDataUtils - key is ::username_16
2019-05-03 01:53:47,716 [main] INFO com.pactiv.utils.TestDataUtils - value is ::username
2019-05-03 01:53:47,717 [main] INFO com.pactiv.utils.TestDataUtils - key is ::password_16
2019-05-03 01:53:47,717 [main] INFO com.pactiv.utils.TestDataUtils - value is ::password
2019-05-03 01:53:47,717 [main] INFO com.pactiv.utils.TestDataUtils - key is ::Plant_16
2019-05-03 01:53:47,718 [main] INFO com.pactiv.utils.TestDataUtils - value is ::
2019-05-03 01:53:47,718 [main] INFO com.pactiv.utils.TestDataUtils - key is ::line_16
2019-05-03 01:53:47,718 [main] INFO com.pactiv.utils.TestDataUtils - value is ::
2019-05-03 01:53:47,719 [main] INFO com.pactiv.utils.TestDataUtils - key is ::shift_16
2019-05-03 01:53:47,719 [main] INFO com.pactiv.utils.TestDataUtils - value is ::
2019-05-03 01:53:47,719 [main] INFO com.pactiv.utils.TestDataUtils - key is ::username_17
2019-05-03 01:53:47,719 [main] INFO com.pactiv.utils.TestDataUtils - value is ::DMGAdminTest
2019-05-03 01:53:47,720 [main] INFO com.pactiv.utils.TestDataUtils - key is ::password_17
2019-05-03 01:53:47,720 [main] INFO com.pactiv.utils.TestDataUtils - value is ::test1234567890
2019-05-03 01:53:47,720 [main] INFO com.pactiv.utils.TestDataUtils - key is ::Plant_17
2019-05-03 01:53:47,720 [main] INFO com.pactiv.utils.TestDataUtils - value is ::
2019-05-03 01:53:47,721 [main] INFO com.pactiv.utils.TestDataUtils - key is ::line_17
2019-05-03 01:53:47,721 [main] INFO com.pactiv.utils.TestDataUtils - value is ::
2019-05-03 01:53:47,722 [main] INFO com.pactiv.utils.TestDataUtils - key is ::shift_17
2019-05-03 01:53:47,722 [main] INFO com.pactiv.utils.TestDataUtils - value is ::
2019-05-03 01:53:47,727 [main] INFO com.pactiv.steps.BeforeAfterStepDefinition - Current scenario status is::null
2019-05-03 01:53:47,862 [main] ERROR com.pactiv.config.SeleniumNGSuite - Error in closing the browser:: invalid session id
  (Driver info: chromedriver=2.45.615291 (ec3682e3c9061c10f26ea9e5cdcf3c53f3f74387),platform=Windows NT 10.0.14393 x86_64) (WARNING: The server did not provide any stacktrace information)
Command duration or timeout: 0 milliseconds
Build info: version: '3.5.1', revision: '9c21bb67ef', time: '2017-08-17T15:26:08.955Z'
System info: host: 'PVLDCTWF90', ip: '10.0.9.65', os.name: 'Windows Server 2016', os.arch: 'amd64', os.version: '10.0', java.version: '1.8.0_201'
Driver info: org.openqa.selenium.chrome.ChromeDriver
Capabilities [{mobileEmulationEnabled=false, timeouts={implicit=0.0, pageLoad=300000.0, script=30000.0}, hasTouchScreen=false, platform=XP, acceptSslCerts=false, goog:chromeOptions={debuggerAddress=localhost:2209}, acceptInsecureCerts=false, webStorageEnabled=true, browserName=chrome, takesScreenshot=true, javascriptEnabled=true, setWindowRect=true, unexpectedAlertBehaviour=ignore, applicationCacheEnabled=false, rotatable=false, networkConnectionEnabled=false, chrome={chromedriverVersion=2.45.615291 (ec3682e3c9061c10f26ea9e5cdcf3c53f3f74387), userDataDir=C:\Users\pzm6015\AppData\Local\Temp\7\scoped_dir19692_23458}, takesHeapSnapshot=true, pageLoadStrategy=normal, unhandledPromptBehavior=ignore, strictFileInteractability=false, databaseEnabled=false, handlesAlerts=true, version=73.0.3683.103, browserConnectionEnabled=false, proxy=Proxy(), nativeEvents=true, locationContextEnabled=true, cssSelectorsEnabled=true}]
Session ID: c296107e7e6ff21c6376f1d1d13b74e2
2019-05-03 01:53:47,867 [main] ERROR com.pactiv.steps.BeforeAfterStepDefinition - Error in In After Block execution::{}
null
	at com.pactiv.config.SeleniumNGSuite.tearDown(SeleniumNGSuite.java:81)
	at com.pactiv.steps.BeforeAfterStepDefinition.close(BeforeAfterStepDefinition.java:65)
	at sun.reflect.NativeMethodAccessorImpl.invoke0(Native Method)
	at sun.reflect.NativeMethodAccessorImpl.invoke(NativeMethodAccessorImpl.java:62)
	at sun.reflect.DelegatingMethodAccessorImpl.invoke(DelegatingMethodAccessorImpl.java:43)
	at java.lang.reflect.Method.invoke(Method.java:498)
	at cucumber.runtime.Utils$1.call(Utils.java:37)
	at cucumber.runtime.Timeout.timeout(Timeout.java:13)
	at cucumber.runtime.Utils.invoke(Utils.java:31)
	at cucumber.runtime.java.JavaHookDefinition.execute(JavaHookDefinition.java:60)
	at cucumber.runtime.Runtime.runHookIfTagsMatch(Runtime.java:223)
	at cucumber.runtime.Runtime.runHooks(Runtime.java:211)
	at cucumber.runtime.Runtime.runAfterHooks(Runtime.java:205)
	at cucumber.runtime.model.CucumberScenario.run(CucumberScenario.java:46)
	at cucumber.runtime.junit.ExecutionUnitRunner.run(ExecutionUnitRunner.java:91)
	at org.junit.runners.Suite.runChild(Suite.java:128)
	at org.junit.runners.Suite.runChild(Suite.java:27)
	at org.junit.runners.ParentRunner$3.run(ParentRunner.java:290)
	at org.junit.runners.ParentRunner$1.schedule(ParentRunner.java:71)
	at org.junit.runners.ParentRunner.runChildren(ParentRunner.java:288)
	at org.junit.runners.ParentRunner.access$000(ParentRunner.java:58)
	at org.junit.runners.ParentRunner$2.evaluate(ParentRunner.java:268)
	at org.junit.runners.ParentRunner.run(ParentRunner.java:363)
	at cucumber.runtime.junit.ExamplesRunner.run(ExamplesRunner.java:59)
	at org.junit.runners.Suite.runChild(Suite.java:128)
	at org.junit.runners.Suite.runChild(Suite.java:27)
	at org.junit.runners.ParentRunner$3.run(ParentRunner.java:290)
	at org.junit.runners.ParentRunner$1.schedule(ParentRunner.java:71)
	at org.junit.runners.ParentRunner.runChildren(ParentRunner.java:288)
	at org.junit.runners.ParentRunner.access$000(ParentRunner.java:58)
	at org.junit.runners.ParentRunner$2.evaluate(ParentRunner.java:268)
	at org.junit.runners.ParentRunner.run(ParentRunner.java:363)
	at cucumber.runtime.junit.ScenarioOutlineRunner.run(ScenarioOutlineRunner.java:53)
	at cucumber.runtime.junit.FeatureRunner.runChild(FeatureRunner.java:63)
	at cucumber.runtime.junit.FeatureRunner.runChild(FeatureRunner.java:18)
	at org.junit.runners.ParentRunner$3.run(ParentRunner.java:290)
	at org.junit.runners.ParentRunner$1.schedule(ParentRunner.java:71)
	at org.junit.runners.ParentRunner.runChildren(ParentRunner.java:288)
	at org.junit.runners.ParentRunner.access$000(ParentRunner.java:58)
	at org.junit.runners.ParentRunner$2.evaluate(ParentRunner.java:268)
	at org.junit.runners.ParentRunner.run(ParentRunner.java:363)
	at cucumber.runtime.junit.FeatureRunner.run(FeatureRunner.java:70)
	at cucumber.api.junit.Cucumber.runChild(Cucumber.java:93)
	at cucumber.api.junit.Cucumber.runChild(Cucumber.java:37)
	at org.junit.runners.ParentRunner$3.run(ParentRunner.java:290)
	at org.junit.runners.ParentRunner$1.schedule(ParentRunner.java:71)
	at org.junit.runners.ParentRunner.runChildren(ParentRunner.java:288)
	at org.junit.runners.ParentRunner.access$000(ParentRunner.java:58)
	at org.junit.runners.ParentRunner$2.evaluate(ParentRunner.java:268)
	at org.junit.runners.ParentRunner.run(ParentRunner.java:363)
	at cucumber.api.junit.Cucumber.run(Cucumber.java:98)
	at org.eclipse.jdt.internal.junit4.runner.JUnit4TestReference.run(JUnit4TestReference.java:89)
	at org.eclipse.jdt.internal.junit.runner.TestExecution.run(TestExecution.java:41)
	at org.eclipse.jdt.internal.junit.runner.RemoteTestRunner.runTests(RemoteTestRunner.java:541)
	at org.eclipse.jdt.internal.junit.runner.RemoteTestRunner.runTests(RemoteTestRunner.java:763)
	at org.eclipse.jdt.internal.junit.runner.RemoteTestRunner.run(RemoteTestRunner.java:463)
	at org.eclipse.jdt.internal.junit.runner.RemoteTestRunner.main(RemoteTestRunner.java:209)
Caused by: org.openqa.selenium.NoSuchSessionException: invalid session id
  (Driver info: chromedriver=2.45.615291 (ec3682e3c9061c10f26ea9e5cdcf3c53f3f74387),platform=Windows NT 10.0.14393 x86_64) (WARNING: The server did not provide any stacktrace information)
Command duration or timeout: 0 milliseconds
Build info: version: '3.5.1', revision: '9c21bb67ef', time: '2017-08-17T15:26:08.955Z'
System info: host: 'PVLDCTWF90', ip: '10.0.9.65', os.name: 'Windows Server 2016', os.arch: 'amd64', os.version: '10.0', java.version: '1.8.0_201'
Driver info: org.openqa.selenium.chrome.ChromeDriver
Capabilities [{mobileEmulationEnabled=false, timeouts={implicit=0.0, pageLoad=300000.0, script=30000.0}, hasTouchScreen=false, platform=XP, acceptSslCerts=false, goog:chromeOptions={debuggerAddress=localhost:2209}, acceptInsecureCerts=false, webStorageEnabled=true, browserName=chrome, takesScreenshot=true, javascriptEnabled=true, setWindowRect=true, unexpectedAlertBehaviour=ignore, applicationCacheEnabled=false, rotatable=false, networkConnectionEnabled=false, chrome={chromedriverVersion=2.45.615291 (ec3682e3c9061c10f26ea9e5cdcf3c53f3f74387), userDataDir=C:\Users\pzm6015\AppData\Local\Temp\7\scoped_dir19692_23458}, takesHeapSnapshot=true, pageLoadStrategy=normal, unhandledPromptBehavior=ignore, strictFileInteractability=false, databaseEnabled=false, handlesAlerts=true, version=73.0.3683.103, browserConnectionEnabled=false, proxy=Proxy(), nativeEvents=true, locationContextEnabled=true, cssSelectorsEnabled=true}]
Session ID: c296107e7e6ff21c6376f1d1d13b74e2
	at sun.reflect.NativeConstructorAccessorImpl.newInstance0(Native Method)
	at sun.reflect.NativeConstructorAccessorImpl.newInstance(NativeConstructorAccessorImpl.java:62)
	at sun.reflect.DelegatingConstructorAccessorImpl.newInstance(DelegatingConstructorAccessorImpl.java:45)
	at java.lang.reflect.Constructor.newInstance(Constructor.java:423)
	at org.openqa.selenium.remote.ErrorHandler.createThrowable(ErrorHandler.java:215)
	at org.openqa.selenium.remote.ErrorHandler.throwIfResponseFailed(ErrorHandler.java:167)
	at org.openqa.selenium.remote.http.JsonHttpResponseCodec.reconstructValue(JsonHttpResponseCodec.java:40)
	at org.openqa.selenium.remote.http.AbstractHttpResponseCodec.decode(AbstractHttpResponseCodec.java:82)
	at org.openqa.selenium.remote.http.AbstractHttpResponseCodec.decode(AbstractHttpResponseCodec.java:45)
	at org.openqa.selenium.remote.HttpCommandExecutor.execute(HttpCommandExecutor.java:164)
	at org.openqa.selenium.remote.service.DriverCommandExecutor.execute(DriverCommandExecutor.java:82)
	at org.openqa.selenium.remote.RemoteWebDriver.execute(RemoteWebDriver.java:641)
	at org.openqa.selenium.remote.RemoteWebDriver.execute(RemoteWebDriver.java:698)
	at org.openqa.selenium.remote.RemoteWebDriver.close(RemoteWebDriver.java:527)
	at sun.reflect.NativeMethodAccessorImpl.invoke0(Native Method)
	at sun.reflect.NativeMethodAccessorImpl.invoke(NativeMethodAccessorImpl.java:62)
	at sun.reflect.DelegatingMethodAccessorImpl.invoke(DelegatingMethodAccessorImpl.java:43)
	at java.lang.reflect.Method.invoke(Method.java:498)
	at org.openqa.selenium.support.ThreadGuard$WebDriverInvocationHandler.invokeUnderlying(ThreadGuard.java:100)
	at org.openqa.selenium.support.ThreadGuard$WebDriverInvocationHandler.invoke(ThreadGuard.java:92)
	at com.sun.proxy.$Proxy16.close(Unknown Source)
	at com.pactiv.config.SeleniumNGSuite.tearDown(SeleniumNGSuite.java:72)
	... 56 more
2019-05-03 01:53:47,943 [main] INFO com.pactiv.steps.BeforeAfterStepDefinition - In before step definition for scenario::Successful log into CPT application with Valid Credentials as Plant Leadership
2019-05-03 01:53:47,944 [main] INFO com.pactiv.utils.TestDataUtils - ===== Reading Feature Details====
2019-05-03 01:53:47,944 [main] INFO com.pactiv.utils.TestDataUtils - Scenario::cucumber.runtime.ScenarioImpl@35ff8fc9
2019-05-03 01:53:47,944 [main] INFO com.pactiv.utils.TestDataUtils - Scenario name::Successful log into CPT application with Valid Credentials as Plant Leadership
2019-05-03 01:53:47,944 [main] INFO com.pactiv.utils.TestDataUtils - ****************
2019-05-03 01:53:47,945 [main] INFO com.pactiv.utils.TestDataUtils - Scenario Name:Successful log into CPT application with Valid Credentials as Plant Leadership
2019-05-03 01:53:47,945 [main] INFO com.pactiv.utils.TestDataUtils - feature file Name:loginaction
2019-05-03 01:53:47,945 [main] INFO com.pactiv.utils.TestDataUtils - ------------
2019-05-03 01:53:47,945 [main] INFO com.pactiv.utils.TestDataUtils - Scenario_id:Successful log into CPT application with Valid Credentials as Plant Leadership
2019-05-03 01:53:48,035 [main] INFO com.pactiv.utils.TestDataUtils - SheetName is: LoginAction
2019-05-03 01:53:48,042 [main] INFO com.pactiv.utils.TestDataUtils - Row is: 16Column is: 0
2019-05-03 01:53:48,043 [main] INFO com.pactiv.utils.TestDataUtils - no of cells 1::5
2019-05-03 01:53:48,052 [main] INFO com.pactiv.utils.TestDataUtils - header::[username, password, Plant, line, shift]
2019-05-03 01:53:48,053 [main] INFO com.pactiv.utils.TestDataUtils - no of rows::9
2019-05-03 01:53:48,053 [main] INFO com.pactiv.utils.TestDataUtils - key is ::username_1
2019-05-03 01:53:48,053 [main] INFO com.pactiv.utils.TestDataUtils - value is ::PlantManagerTest1
2019-05-03 01:53:48,053 [main] INFO com.pactiv.utils.TestDataUtils - key is ::password_1
2019-05-03 01:53:48,054 [main] INFO com.pactiv.utils.TestDataUtils - value is ::test1234567890
2019-05-03 01:53:48,054 [main] INFO com.pactiv.utils.TestDataUtils - key is ::Plant_1
2019-05-03 01:53:48,055 [main] INFO com.pactiv.utils.TestDataUtils - value is ::Texas
2019-05-03 01:53:48,055 [main] INFO com.pactiv.utils.TestDataUtils - key is ::line_1
2019-05-03 01:53:48,055 [main] INFO com.pactiv.utils.TestDataUtils - value is ::2
2019-05-03 01:53:48,055 [main] INFO com.pactiv.utils.TestDataUtils - key is ::shift_1
2019-05-03 01:53:48,056 [main] INFO com.pactiv.utils.TestDataUtils - value is ::2
2019-05-03 01:53:48,056 [main] INFO com.pactiv.utils.TestDataUtils - key is ::username_2
2019-05-03 01:53:48,056 [main] INFO com.pactiv.utils.TestDataUtils - value is ::PlantManagerTest2
2019-05-03 01:53:48,057 [main] INFO com.pactiv.utils.TestDataUtils - key is ::password_2
2019-05-03 01:53:48,057 [main] INFO com.pactiv.utils.TestDataUtils - value is ::test1234567890
2019-05-03 01:53:48,057 [main] INFO com.pactiv.utils.TestDataUtils - key is ::Plant_2
2019-05-03 01:53:48,057 [main] INFO com.pactiv.utils.TestDataUtils - value is ::Corsicanna
2019-05-03 01:53:48,058 [main] INFO com.pactiv.utils.TestDataUtils - key is ::line_2
2019-05-03 01:53:48,058 [main] INFO com.pactiv.utils.TestDataUtils - value is ::25
2019-05-03 01:53:48,058 [main] INFO com.pactiv.utils.TestDataUtils - key is ::shift_2
2019-05-03 01:53:48,059 [main] INFO com.pactiv.utils.TestDataUtils - value is ::3
2019-05-03 01:53:48,059 [main] INFO com.pactiv.utils.TestDataUtils - key is ::username_3
2019-05-03 01:53:48,059 [main] INFO com.pactiv.utils.TestDataUtils - value is ::PlantManagerTest3
2019-05-03 01:53:48,059 [main] INFO com.pactiv.utils.TestDataUtils - key is ::password_3
2019-05-03 01:53:48,059 [main] INFO com.pactiv.utils.TestDataUtils - value is ::test1234567890
2019-05-03 01:53:48,059 [main] INFO com.pactiv.utils.TestDataUtils - key is ::Plant_3
2019-05-03 01:53:48,059 [main] INFO com.pactiv.utils.TestDataUtils - value is ::Mooresville
2019-05-03 01:53:48,059 [main] INFO com.pactiv.utils.TestDataUtils - key is ::line_3
2019-05-03 01:53:48,059 [main] INFO com.pactiv.utils.TestDataUtils - value is ::40
2019-05-03 01:53:48,059 [main] INFO com.pactiv.utils.TestDataUtils - key is ::shift_3
2019-05-03 01:53:48,059 [main] INFO com.pactiv.utils.TestDataUtils - value is ::2
2019-05-03 01:53:48,061 [main] INFO com.pactiv.utils.TestDataUtils - key is ::username_4
2019-05-03 01:53:48,062 [main] INFO com.pactiv.utils.TestDataUtils - value is ::PlantManagerTest4
2019-05-03 01:53:48,062 [main] INFO com.pactiv.utils.TestDataUtils - key is ::password_4
2019-05-03 01:53:48,062 [main] INFO com.pactiv.utils.TestDataUtils - value is ::test1234567890
2019-05-03 01:53:48,062 [main] INFO com.pactiv.utils.TestDataUtils - key is ::Plant_4
2019-05-03 01:53:48,062 [main] INFO com.pactiv.utils.TestDataUtils - value is ::Mt Carmel
2019-05-03 01:53:48,063 [main] INFO com.pactiv.utils.TestDataUtils - key is ::line_4
2019-05-03 01:53:48,063 [main] INFO com.pactiv.utils.TestDataUtils - value is ::72
2019-05-03 01:53:48,063 [main] INFO com.pactiv.utils.TestDataUtils - key is ::shift_4
2019-05-03 01:53:48,063 [main] INFO com.pactiv.utils.TestDataUtils - value is ::3
2019-05-03 01:53:48,063 [main] INFO com.pactiv.utils.TestDataUtils - key is ::username_5
2019-05-03 01:53:48,063 [main] INFO com.pactiv.utils.TestDataUtils - value is ::
2019-05-03 01:53:48,063 [main] INFO com.pactiv.utils.TestDataUtils - key is ::password_5
2019-05-03 01:53:48,066 [main] INFO com.pactiv.utils.TestDataUtils - value is ::
2019-05-03 01:53:48,066 [main] INFO com.pactiv.utils.TestDataUtils - key is ::Plant_5
2019-05-03 01:53:48,067 [main] INFO com.pactiv.utils.TestDataUtils - value is ::
2019-05-03 01:53:48,067 [main] INFO com.pactiv.utils.TestDataUtils - key is ::line_5
2019-05-03 01:53:48,067 [main] INFO com.pactiv.utils.TestDataUtils - value is ::
2019-05-03 01:53:48,067 [main] INFO com.pactiv.utils.TestDataUtils - key is ::shift_5
2019-05-03 01:53:48,068 [main] INFO com.pactiv.utils.TestDataUtils - value is ::
2019-05-03 01:53:48,068 [main] INFO com.pactiv.utils.TestDataUtils - key is ::username_6
2019-05-03 01:53:48,068 [main] INFO com.pactiv.utils.TestDataUtils - value is ::
2019-05-03 01:53:48,068 [main] INFO com.pactiv.utils.TestDataUtils - key is ::password_6
2019-05-03 01:53:48,068 [main] INFO com.pactiv.utils.TestDataUtils - value is ::
2019-05-03 01:53:48,068 [main] INFO com.pactiv.utils.TestDataUtils - key is ::Plant_6
2019-05-03 01:53:48,069 [main] INFO com.pactiv.utils.TestDataUtils - value is ::
2019-05-03 01:53:48,069 [main] INFO com.pactiv.utils.TestDataUtils - key is ::line_6
2019-05-03 01:53:48,069 [main] INFO com.pactiv.utils.TestDataUtils - value is ::
2019-05-03 01:53:48,069 [main] INFO com.pactiv.utils.TestDataUtils - key is ::shift_6
2019-05-03 01:53:48,069 [main] INFO com.pactiv.utils.TestDataUtils - value is ::
2019-05-03 01:53:48,069 [main] INFO com.pactiv.utils.TestDataUtils - key is ::username_7
2019-05-03 01:53:48,069 [main] INFO com.pactiv.utils.TestDataUtils - value is ::Successful log into DMG application and verify Add New Plant
2019-05-03 01:53:48,070 [main] INFO com.pactiv.utils.TestDataUtils - key is ::password_7
2019-05-03 01:53:48,070 [main] INFO com.pactiv.utils.TestDataUtils - value is ::
2019-05-03 01:53:48,070 [main] INFO com.pactiv.utils.TestDataUtils - key is ::Plant_7
2019-05-03 01:53:48,070 [main] INFO com.pactiv.utils.TestDataUtils - value is ::
2019-05-03 01:53:48,070 [main] INFO com.pactiv.utils.TestDataUtils - key is ::line_7
2019-05-03 01:53:48,070 [main] INFO com.pactiv.utils.TestDataUtils - value is ::
2019-05-03 01:53:48,070 [main] INFO com.pactiv.utils.TestDataUtils - key is ::shift_7
2019-05-03 01:53:48,070 [main] INFO com.pactiv.utils.TestDataUtils - value is ::
2019-05-03 01:53:48,071 [main] INFO com.pactiv.utils.TestDataUtils - key is ::username_8
2019-05-03 01:53:48,071 [main] INFO com.pactiv.utils.TestDataUtils - value is ::username
2019-05-03 01:53:48,071 [main] INFO com.pactiv.utils.TestDataUtils - key is ::password_8
2019-05-03 01:53:48,071 [main] INFO com.pactiv.utils.TestDataUtils - value is ::password
2019-05-03 01:53:48,071 [main] INFO com.pactiv.utils.TestDataUtils - key is ::Plant_8
2019-05-03 01:53:48,071 [main] INFO com.pactiv.utils.TestDataUtils - value is ::
2019-05-03 01:53:48,071 [main] INFO com.pactiv.utils.TestDataUtils - key is ::line_8
2019-05-03 01:53:48,072 [main] INFO com.pactiv.utils.TestDataUtils - value is ::
2019-05-03 01:53:48,072 [main] INFO com.pactiv.utils.TestDataUtils - key is ::shift_8
2019-05-03 01:53:48,072 [main] INFO com.pactiv.utils.TestDataUtils - value is ::
2019-05-03 01:53:48,072 [main] INFO com.pactiv.utils.TestDataUtils - key is ::username_9
2019-05-03 01:53:48,072 [main] INFO com.pactiv.utils.TestDataUtils - value is ::DMGAdminTest
2019-05-03 01:53:48,072 [main] INFO com.pactiv.utils.TestDataUtils - key is ::password_9
2019-05-03 01:53:48,072 [main] INFO com.pactiv.utils.TestDataUtils - value is ::test1234567890
2019-05-03 01:53:48,072 [main] INFO com.pactiv.utils.TestDataUtils - key is ::Plant_9
2019-05-03 01:53:48,073 [main] INFO com.pactiv.utils.TestDataUtils - value is ::
2019-05-03 01:53:48,073 [main] INFO com.pactiv.utils.TestDataUtils - key is ::line_9
2019-05-03 01:53:48,073 [main] INFO com.pactiv.utils.TestDataUtils - value is ::
2019-05-03 01:53:48,073 [main] INFO com.pactiv.utils.TestDataUtils - key is ::shift_9
2019-05-03 01:53:48,073 [main] INFO com.pactiv.utils.TestDataUtils - value is ::
2019-05-03 01:53:48,077 [main] INFO com.pactiv.steps.BeforeAfterStepDefinition - Current scenario status is::null
2019-05-03 01:53:48,160 [main] ERROR com.pactiv.config.SeleniumNGSuite - Error in closing the browser:: invalid session id
  (Driver info: chromedriver=2.45.615291 (ec3682e3c9061c10f26ea9e5cdcf3c53f3f74387),platform=Windows NT 10.0.14393 x86_64) (WARNING: The server did not provide any stacktrace information)
Command duration or timeout: 0 milliseconds
Build info: version: '3.5.1', revision: '9c21bb67ef', time: '2017-08-17T15:26:08.955Z'
System info: host: 'PVLDCTWF90', ip: '10.0.9.65', os.name: 'Windows Server 2016', os.arch: 'amd64', os.version: '10.0', java.version: '1.8.0_201'
Driver info: org.openqa.selenium.chrome.ChromeDriver
Capabilities [{mobileEmulationEnabled=false, timeouts={implicit=0.0, pageLoad=300000.0, script=30000.0}, hasTouchScreen=false, platform=XP, acceptSslCerts=false, goog:chromeOptions={debuggerAddress=localhost:2209}, acceptInsecureCerts=false, webStorageEnabled=true, browserName=chrome, takesScreenshot=true, javascriptEnabled=true, setWindowRect=true, unexpectedAlertBehaviour=ignore, applicationCacheEnabled=false, rotatable=false, networkConnectionEnabled=false, chrome={chromedriverVersion=2.45.615291 (ec3682e3c9061c10f26ea9e5cdcf3c53f3f74387), userDataDir=C:\Users\pzm6015\AppData\Local\Temp\7\scoped_dir19692_23458}, takesHeapSnapshot=true, pageLoadStrategy=normal, unhandledPromptBehavior=ignore, strictFileInteractability=false, databaseEnabled=false, handlesAlerts=true, version=73.0.3683.103, browserConnectionEnabled=false, proxy=Proxy(), nativeEvents=true, locationContextEnabled=true, cssSelectorsEnabled=true}]
Session ID: c296107e7e6ff21c6376f1d1d13b74e2
2019-05-03 01:53:48,163 [main] ERROR com.pactiv.steps.BeforeAfterStepDefinition - Error in In After Block execution::{}
null
	at com.pactiv.config.SeleniumNGSuite.tearDown(SeleniumNGSuite.java:81)
	at com.pactiv.steps.BeforeAfterStepDefinition.close(BeforeAfterStepDefinition.java:65)
	at sun.reflect.NativeMethodAccessorImpl.invoke0(Native Method)
	at sun.reflect.NativeMethodAccessorImpl.invoke(NativeMethodAccessorImpl.java:62)
	at sun.reflect.DelegatingMethodAccessorImpl.invoke(DelegatingMethodAccessorImpl.java:43)
	at java.lang.reflect.Method.invoke(Method.java:498)
	at cucumber.runtime.Utils$1.call(Utils.java:37)
	at cucumber.runtime.Timeout.timeout(Timeout.java:13)
	at cucumber.runtime.Utils.invoke(Utils.java:31)
	at cucumber.runtime.java.JavaHookDefinition.execute(JavaHookDefinition.java:60)
	at cucumber.runtime.Runtime.runHookIfTagsMatch(Runtime.java:223)
	at cucumber.runtime.Runtime.runHooks(Runtime.java:211)
	at cucumber.runtime.Runtime.runAfterHooks(Runtime.java:205)
	at cucumber.runtime.model.CucumberScenario.run(CucumberScenario.java:46)
	at cucumber.runtime.junit.ExecutionUnitRunner.run(ExecutionUnitRunner.java:91)
	at org.junit.runners.Suite.runChild(Suite.java:128)
	at org.junit.runners.Suite.runChild(Suite.java:27)
	at org.junit.runners.ParentRunner$3.run(ParentRunner.java:290)
	at org.junit.runners.ParentRunner$1.schedule(ParentRunner.java:71)
	at org.junit.runners.ParentRunner.runChildren(ParentRunner.java:288)
	at org.junit.runners.ParentRunner.access$000(ParentRunner.java:58)
	at org.junit.runners.ParentRunner$2.evaluate(ParentRunner.java:268)
	at org.junit.runners.ParentRunner.run(ParentRunner.java:363)
	at cucumber.runtime.junit.ExamplesRunner.run(ExamplesRunner.java:59)
	at org.junit.runners.Suite.runChild(Suite.java:128)
	at org.junit.runners.Suite.runChild(Suite.java:27)
	at org.junit.runners.ParentRunner$3.run(ParentRunner.java:290)
	at org.junit.runners.ParentRunner$1.schedule(ParentRunner.java:71)
	at org.junit.runners.ParentRunner.runChildren(ParentRunner.java:288)
	at org.junit.runners.ParentRunner.access$000(ParentRunner.java:58)
	at org.junit.runners.ParentRunner$2.evaluate(ParentRunner.java:268)
	at org.junit.runners.ParentRunner.run(ParentRunner.java:363)
	at cucumber.runtime.junit.ScenarioOutlineRunner.run(ScenarioOutlineRunner.java:53)
	at cucumber.runtime.junit.FeatureRunner.runChild(FeatureRunner.java:63)
	at cucumber.runtime.junit.FeatureRunner.runChild(FeatureRunner.java:18)
	at org.junit.runners.ParentRunner$3.run(ParentRunner.java:290)
	at org.junit.runners.ParentRunner$1.schedule(ParentRunner.java:71)
	at org.junit.runners.ParentRunner.runChildren(ParentRunner.java:288)
	at org.junit.runners.ParentRunner.access$000(ParentRunner.java:58)
	at org.junit.runners.ParentRunner$2.evaluate(ParentRunner.java:268)
	at org.junit.runners.ParentRunner.run(ParentRunner.java:363)
	at cucumber.runtime.junit.FeatureRunner.run(FeatureRunner.java:70)
	at cucumber.api.junit.Cucumber.runChild(Cucumber.java:93)
	at cucumber.api.junit.Cucumber.runChild(Cucumber.java:37)
	at org.junit.runners.ParentRunner$3.run(ParentRunner.java:290)
	at org.junit.runners.ParentRunner$1.schedule(ParentRunner.java:71)
	at org.junit.runners.ParentRunner.runChildren(ParentRunner.java:288)
	at org.junit.runners.ParentRunner.access$000(ParentRunner.java:58)
	at org.junit.runners.ParentRunner$2.evaluate(ParentRunner.java:268)
	at org.junit.runners.ParentRunner.run(ParentRunner.java:363)
	at cucumber.api.junit.Cucumber.run(Cucumber.java:98)
	at org.eclipse.jdt.internal.junit4.runner.JUnit4TestReference.run(JUnit4TestReference.java:89)
	at org.eclipse.jdt.internal.junit.runner.TestExecution.run(TestExecution.java:41)
	at org.eclipse.jdt.internal.junit.runner.RemoteTestRunner.runTests(RemoteTestRunner.java:541)
	at org.eclipse.jdt.internal.junit.runner.RemoteTestRunner.runTests(RemoteTestRunner.java:763)
	at org.eclipse.jdt.internal.junit.runner.RemoteTestRunner.run(RemoteTestRunner.java:463)
	at org.eclipse.jdt.internal.junit.runner.RemoteTestRunner.main(RemoteTestRunner.java:209)
Caused by: org.openqa.selenium.NoSuchSessionException: invalid session id
  (Driver info: chromedriver=2.45.615291 (ec3682e3c9061c10f26ea9e5cdcf3c53f3f74387),platform=Windows NT 10.0.14393 x86_64) (WARNING: The server did not provide any stacktrace information)
Command duration or timeout: 0 milliseconds
Build info: version: '3.5.1', revision: '9c21bb67ef', time: '2017-08-17T15:26:08.955Z'
System info: host: 'PVLDCTWF90', ip: '10.0.9.65', os.name: 'Windows Server 2016', os.arch: 'amd64', os.version: '10.0', java.version: '1.8.0_201'
Driver info: org.openqa.selenium.chrome.ChromeDriver
Capabilities [{mobileEmulationEnabled=false, timeouts={implicit=0.0, pageLoad=300000.0, script=30000.0}, hasTouchScreen=false, platform=XP, acceptSslCerts=false, goog:chromeOptions={debuggerAddress=localhost:2209}, acceptInsecureCerts=false, webStorageEnabled=true, browserName=chrome, takesScreenshot=true, javascriptEnabled=true, setWindowRect=true, unexpectedAlertBehaviour=ignore, applicationCacheEnabled=false, rotatable=false, networkConnectionEnabled=false, chrome={chromedriverVersion=2.45.615291 (ec3682e3c9061c10f26ea9e5cdcf3c53f3f74387), userDataDir=C:\Users\pzm6015\AppData\Local\Temp\7\scoped_dir19692_23458}, takesHeapSnapshot=true, pageLoadStrategy=normal, unhandledPromptBehavior=ignore, strictFileInteractability=false, databaseEnabled=false, handlesAlerts=true, version=73.0.3683.103, browserConnectionEnabled=false, proxy=Proxy(), nativeEvents=true, locationContextEnabled=true, cssSelectorsEnabled=true}]
Session ID: c296107e7e6ff21c6376f1d1d13b74e2
	at sun.reflect.NativeConstructorAccessorImpl.newInstance0(Native Method)
	at sun.reflect.NativeConstructorAccessorImpl.newInstance(NativeConstructorAccessorImpl.java:62)
	at sun.reflect.DelegatingConstructorAccessorImpl.newInstance(DelegatingConstructorAccessorImpl.java:45)
	at java.lang.reflect.Constructor.newInstance(Constructor.java:423)
	at org.openqa.selenium.remote.ErrorHandler.createThrowable(ErrorHandler.java:215)
	at org.openqa.selenium.remote.ErrorHandler.throwIfResponseFailed(ErrorHandler.java:167)
	at org.openqa.selenium.remote.http.JsonHttpResponseCodec.reconstructValue(JsonHttpResponseCodec.java:40)
	at org.openqa.selenium.remote.http.AbstractHttpResponseCodec.decode(AbstractHttpResponseCodec.java:82)
	at org.openqa.selenium.remote.http.AbstractHttpResponseCodec.decode(AbstractHttpResponseCodec.java:45)
	at org.openqa.selenium.remote.HttpCommandExecutor.execute(HttpCommandExecutor.java:164)
	at org.openqa.selenium.remote.service.DriverCommandExecutor.execute(DriverCommandExecutor.java:82)
	at org.openqa.selenium.remote.RemoteWebDriver.execute(RemoteWebDriver.java:641)
	at org.openqa.selenium.remote.RemoteWebDriver.execute(RemoteWebDriver.java:698)
	at org.openqa.selenium.remote.RemoteWebDriver.close(RemoteWebDriver.java:527)
	at sun.reflect.NativeMethodAccessorImpl.invoke0(Native Method)
	at sun.reflect.NativeMethodAccessorImpl.invoke(NativeMethodAccessorImpl.java:62)
	at sun.reflect.DelegatingMethodAccessorImpl.invoke(DelegatingMethodAccessorImpl.java:43)
	at java.lang.reflect.Method.invoke(Method.java:498)
	at org.openqa.selenium.support.ThreadGuard$WebDriverInvocationHandler.invokeUnderlying(ThreadGuard.java:100)
	at org.openqa.selenium.support.ThreadGuard$WebDriverInvocationHandler.invoke(ThreadGuard.java:92)
	at com.sun.proxy.$Proxy16.close(Unknown Source)
	at com.pactiv.config.SeleniumNGSuite.tearDown(SeleniumNGSuite.java:72)
	... 56 more
2019-05-03 01:53:48,192 [main] INFO com.pactiv.steps.BeforeAfterStepDefinition - In before step definition for scenario::Successful log into DMG application and verify Add New Plant
2019-05-03 01:53:48,193 [main] INFO com.pactiv.utils.TestDataUtils - ===== Reading Feature Details====
2019-05-03 01:53:48,193 [main] INFO com.pactiv.utils.TestDataUtils - Scenario::cucumber.runtime.ScenarioImpl@57b75756
2019-05-03 01:53:48,193 [main] INFO com.pactiv.utils.TestDataUtils - Scenario name::Successful log into DMG application and verify Add New Plant
2019-05-03 01:53:48,194 [main] INFO com.pactiv.utils.TestDataUtils - ****************
2019-05-03 01:53:48,194 [main] INFO com.pactiv.utils.TestDataUtils - Scenario Name:Successful log into DMG application and verify Add New Plant
2019-05-03 01:53:48,194 [main] INFO com.pactiv.utils.TestDataUtils - feature file Name:loginaction
2019-05-03 01:53:48,194 [main] INFO com.pactiv.utils.TestDataUtils - ------------
2019-05-03 01:53:48,195 [main] INFO com.pactiv.utils.TestDataUtils - Scenario_id:Successful log into DMG application and verify Add New Plant
2019-05-03 01:53:48,232 [main] INFO com.pactiv.utils.TestDataUtils - SheetName is: LoginAction
2019-05-03 01:53:48,236 [main] INFO com.pactiv.utils.TestDataUtils - Row is: 24Column is: 0
2019-05-03 01:53:48,237 [main] INFO com.pactiv.utils.TestDataUtils - no of cells 1::2
2019-05-03 01:53:48,244 [main] INFO com.pactiv.utils.TestDataUtils - header::[username, password]
2019-05-03 01:53:48,245 [main] INFO com.pactiv.utils.TestDataUtils - no of rows::1
2019-05-03 01:53:48,245 [main] INFO com.pactiv.utils.TestDataUtils - key is ::username_1
2019-05-03 01:53:48,246 [main] INFO com.pactiv.utils.TestDataUtils - value is ::DMGAdminTest
2019-05-03 01:53:48,246 [main] INFO com.pactiv.utils.TestDataUtils - key is ::password_1
2019-05-03 01:53:48,246 [main] INFO com.pactiv.utils.TestDataUtils - value is ::test1234567890
2019-05-03 01:53:48,539 [main] INFO com.pactiv.config.DriverConfig - Setting up the driver::chrome
2019-05-03 01:53:53,755 [main] INFO com.pactiv.utils.TestDataUtils - Access the PACTIV URL::PASS
2019-05-03 01:53:53,778 [main] INFO com.pactiv.utils.PropertyUtils - Property File Name is ::C:\Users\pzm6015\Documents\PACTIV\PACTIV\PACTIV\src\test\resources\properties\PactivLogin.property
2019-05-03 01:53:53,796 [main] INFO com.pactiv.utils.DriverUtilsImpl - in gclick ::By.xpath: //input[contains(@name,'thingworx-form-userid')]
2019-05-03 01:53:59,337 [main] INFO com.pactiv.utils.DriverUtilsImpl - in gclick ::By.xpath: //input[contains(@name,'thingworx-form-password')]
2019-05-03 01:54:04,786 [main] INFO com.pactiv.utils.DriverUtilsImpl - in gclick ::By.xpath: //input[contains(@value,'Submit')]
2019-05-03 01:54:13,859 [main] INFO com.pactiv.utils.PropertyUtils - Property File Name is ::C:\Users\pzm6015\Documents\PACTIV\PACTIV\PACTIV\src\test\resources\properties\ProductionTracking.property
2019-05-03 01:54:13,880 [main] INFO com.pactiv.utils.PropertyUtils - Property File Name is ::C:\Users\pzm6015\Documents\PACTIV\PACTIV\PACTIV\\src\\test\\resources\\properties\\DMGApp.property
2019-05-03 01:54:13,979 [main] INFO com.pactiv.utils.PropertyUtils - Property File Name is ::C:\Users\pzm6015\Documents\PACTIV\PACTIV\PACTIV\\src\\test\\resources\\properties\\DMGApp.property
2019-05-03 01:54:13,985 [main] INFO com.pactiv.utils.DriverUtilsImpl - in gclick ::By.xpath: //strong[contains(.,'ADD PLANT')]
2019-05-03 01:54:19,171 [main] INFO com.pactiv.utils.PropertyUtils - Property File Name is ::C:\Users\pzm6015\Documents\PACTIV\PACTIV\PACTIV\\src\\test\\resources\\properties\\DMGApp.property
2019-05-03 01:54:19,230 [main] INFO com.pactiv.utils.PropertyUtils - Property File Name is ::C:\Users\pzm6015\Documents\PACTIV\PACTIV\PACTIV\src\test\resources\properties\ControlTower.property
2019-05-03 01:54:19,253 [main] INFO com.pactiv.utils.PropertyUtils - Property File Name is ::C:\Users\pzm6015\Documents\PACTIV\PACTIV\PACTIV\src\test\resources\properties\ReportLog.property
2019-05-03 01:54:19,262 [main] INFO com.pactiv.utils.PropertyUtils - Property File Name is ::C:\Users\pzm6015\Documents\PACTIV\PACTIV\PACTIV\\src\\test\\resources\\properties\\DMGApp.property
2019-05-03 01:54:19,301 [main] INFO com.pactiv.utils.PropertyUtils - Property File Name is ::C:\Users\pzm6015\Documents\PACTIV\PACTIV\PACTIV\\src\\test\\resources\\properties\\DMGApp.property
2019-05-03 01:54:19,339 [main] INFO com.pactiv.utils.PropertyUtils - Property File Name is ::C:\Users\pzm6015\Documents\PACTIV\PACTIV\PACTIV\\src\\test\\resources\\properties\\DMGApp.property
2019-05-03 01:54:19,380 [main] INFO com.pactiv.utils.PropertyUtils - Property File Name is ::C:\Users\pzm6015\Documents\PACTIV\PACTIV\PACTIV\\src\\test\\resources\\properties\\DMGApp.property
2019-05-03 01:54:19,424 [main] INFO com.pactiv.utils.PropertyUtils - Property File Name is ::C:\Users\pzm6015\Documents\PACTIV\PACTIV\PACTIV\\src\\test\\resources\\properties\\DMGApp.property
2019-05-03 01:54:19,461 [main] INFO com.pactiv.utils.PropertyUtils - Property File Name is ::C:\Users\pzm6015\Documents\PACTIV\PACTIV\PACTIV\\src\\test\\resources\\properties\\DMGApp.property
2019-05-03 01:54:19,513 [main] INFO com.pactiv.utils.DriverUtilsImpl - in gclick ::By.xpath: //div[text()='Add a New Plant']/../div/img[contains(@src,'left-arrow')]
2019-05-03 01:54:24,809 [main] INFO com.pactiv.utils.DriverUtilsImpl - in gclick ::By.xpath: //button[contains(@class,'button-element textsize-normal')]
2019-05-03 01:54:30,142 [main] INFO com.pactiv.steps.BeforeAfterStepDefinition - Current scenario status is::null
2019-05-03 01:54:30,977 [main] INFO com.pactiv.config.SeleniumNGSuite - Successfully closed the browser 
2019-05-03 01:54:41,008 [main] INFO com.pactiv.config.DriverConfig - Setting up the driver::chrome headless
2019-05-03 01:54:47,312 [main] INFO com.pactiv.steps.BeforeAfterStepDefinition - In before step definition for scenario::Successful log into CPT application as Floater And Verify PT Hour Box Entry
2019-05-03 01:54:47,312 [main] INFO com.pactiv.utils.TestDataUtils - ===== Reading Feature Details====
2019-05-03 01:54:47,313 [main] INFO com.pactiv.utils.TestDataUtils - Scenario::cucumber.runtime.ScenarioImpl@51a8313b
2019-05-03 01:54:47,313 [main] INFO com.pactiv.utils.TestDataUtils - Scenario name::Successful log into CPT application as Floater And Verify PT Hour Box Entry
2019-05-03 01:54:47,313 [main] INFO com.pactiv.utils.TestDataUtils - ****************
2019-05-03 01:54:47,313 [main] INFO com.pactiv.utils.TestDataUtils - Scenario Name:Successful log into CPT application as Floater And Verify PT Hour Box Entry
2019-05-03 01:54:47,313 [main] INFO com.pactiv.utils.TestDataUtils - feature file Name:loginaction
2019-05-03 01:54:47,314 [main] INFO com.pactiv.utils.TestDataUtils - ------------
2019-05-03 01:54:47,314 [main] INFO com.pactiv.utils.TestDataUtils - Scenario_id:Successful log into CPT application as Floater And Verify PT Hour Box Entry
2019-05-03 01:54:47,366 [main] INFO com.pactiv.utils.TestDataUtils - SheetName is: LoginAction
2019-05-03 01:54:47,369 [main] INFO com.pactiv.utils.TestDataUtils - Row is: 28Column is: 0
2019-05-03 01:54:47,370 [main] INFO com.pactiv.utils.TestDataUtils - no of cells 1::2
2019-05-03 01:54:47,377 [main] INFO com.pactiv.utils.TestDataUtils - header::[username, password]
2019-05-03 01:54:47,378 [main] INFO com.pactiv.utils.TestDataUtils - no of rows::4
2019-05-03 01:54:47,378 [main] INFO com.pactiv.utils.TestDataUtils - key is ::username_1
2019-05-03 01:54:47,378 [main] INFO com.pactiv.utils.TestDataUtils - value is ::FloaterTest1
2019-05-03 01:54:47,379 [main] INFO com.pactiv.utils.TestDataUtils - key is ::password_1
2019-05-03 01:54:47,379 [main] INFO com.pactiv.utils.TestDataUtils - value is ::test1234567890
2019-05-03 01:54:47,379 [main] INFO com.pactiv.utils.TestDataUtils - key is ::username_2
2019-05-03 01:54:47,379 [main] INFO com.pactiv.utils.TestDataUtils - value is ::FloaterTest2
2019-05-03 01:54:47,380 [main] INFO com.pactiv.utils.TestDataUtils - key is ::password_2
2019-05-03 01:54:47,380 [main] INFO com.pactiv.utils.TestDataUtils - value is ::test1234567890
2019-05-03 01:54:47,380 [main] INFO com.pactiv.utils.TestDataUtils - key is ::username_3
2019-05-03 01:54:47,380 [main] INFO com.pactiv.utils.TestDataUtils - value is ::FloaterTest3
2019-05-03 01:54:47,380 [main] INFO com.pactiv.utils.TestDataUtils - key is ::password_3
2019-05-03 01:54:47,381 [main] INFO com.pactiv.utils.TestDataUtils - value is ::test1234567890
2019-05-03 01:54:47,381 [main] INFO com.pactiv.utils.TestDataUtils - key is ::username_4
2019-05-03 01:54:47,381 [main] INFO com.pactiv.utils.TestDataUtils - value is ::FloaterTest4
2019-05-03 01:54:47,382 [main] INFO com.pactiv.utils.TestDataUtils - key is ::password_4
2019-05-03 01:54:47,382 [main] INFO com.pactiv.utils.TestDataUtils - value is ::test1234567890
2019-05-03 01:54:47,383 [main] INFO com.pactiv.config.DriverConfig - Setting up the driver::chrome
2019-05-03 01:54:52,174 [main] INFO com.pactiv.utils.TestDataUtils - Access the PACTIV URL::PASS
2019-05-03 01:54:52,179 [main] INFO com.pactiv.utils.DriverUtilsImpl - in gclick ::By.xpath: //input[contains(@name,'thingworx-form-userid')]
2019-05-03 01:54:57,657 [main] INFO com.pactiv.utils.DriverUtilsImpl - in gclick ::By.xpath: //input[contains(@name,'thingworx-form-password')]
2019-05-03 01:55:03,341 [main] INFO com.pactiv.utils.DriverUtilsImpl - in gclick ::By.xpath: //input[contains(@value,'Submit')]
2019-05-03 01:55:12,276 [main] INFO com.pactiv.utils.PropertyUtils - Property File Name is ::C:\Users\pzm6015\Documents\PACTIV\PACTIV\PACTIV\\src\\test\\resources\\properties\\DMGApp.property
2019-05-03 01:55:12,324 [main] INFO com.pactiv.utils.PropertyUtils - Property File Name is ::C:\Users\pzm6015\Documents\PACTIV\PACTIV\PACTIV\\src\\test\\resources\\properties\\DMGApp.property
2019-05-03 01:55:17,388 [main] INFO com.pactiv.steps.BeforeAfterStepDefinition - Current scenario status is::null
2019-05-03 01:55:20,240 [main] INFO com.pactiv.config.SeleniumNGSuite - Successfully closed the browser 
2019-05-03 01:55:30,275 [main] INFO com.pactiv.config.DriverConfig - Setting up the driver::chrome headless
2019-05-03 01:55:36,489 [main] INFO com.pactiv.steps.BeforeAfterStepDefinition - In before step definition for scenario::Successful log into CPT application as Floater And Verify PT Hour Box Entry
2019-05-03 01:55:36,490 [main] INFO com.pactiv.utils.TestDataUtils - ===== Reading Feature Details====
2019-05-03 01:55:36,490 [main] INFO com.pactiv.utils.TestDataUtils - Scenario::cucumber.runtime.ScenarioImpl@b0e5507
2019-05-03 01:55:36,491 [main] INFO com.pactiv.utils.TestDataUtils - Scenario name::Successful log into CPT application as Floater And Verify PT Hour Box Entry
2019-05-03 01:55:36,491 [main] INFO com.pactiv.utils.TestDataUtils - ****************
2019-05-03 01:55:36,491 [main] INFO com.pactiv.utils.TestDataUtils - Scenario Name:Successful log into CPT application as Floater And Verify PT Hour Box Entry
2019-05-03 01:55:36,491 [main] INFO com.pactiv.utils.TestDataUtils - feature file Name:loginaction
2019-05-03 01:55:36,491 [main] INFO com.pactiv.utils.TestDataUtils - ------------
2019-05-03 01:55:36,492 [main] INFO com.pactiv.utils.TestDataUtils - Scenario_id:Successful log into CPT application as Floater And Verify PT Hour Box Entry
2019-05-03 01:55:36,543 [main] INFO com.pactiv.utils.TestDataUtils - SheetName is: LoginAction
2019-05-03 01:55:36,549 [main] INFO com.pactiv.utils.TestDataUtils - Row is: 28Column is: 0
2019-05-03 01:55:36,549 [main] INFO com.pactiv.utils.TestDataUtils - no of cells 1::2
2019-05-03 01:55:36,556 [main] INFO com.pactiv.utils.TestDataUtils - header::[username, password]
2019-05-03 01:55:36,556 [main] INFO com.pactiv.utils.TestDataUtils - no of rows::4
2019-05-03 01:55:36,556 [main] INFO com.pactiv.utils.TestDataUtils - key is ::username_1
2019-05-03 01:55:36,557 [main] INFO com.pactiv.utils.TestDataUtils - value is ::FloaterTest1
2019-05-03 01:55:36,557 [main] INFO com.pactiv.utils.TestDataUtils - key is ::password_1
2019-05-03 01:55:36,557 [main] INFO com.pactiv.utils.TestDataUtils - value is ::test1234567890
2019-05-03 01:55:36,557 [main] INFO com.pactiv.utils.TestDataUtils - key is ::username_2
2019-05-03 01:55:36,557 [main] INFO com.pactiv.utils.TestDataUtils - value is ::FloaterTest2
2019-05-03 01:55:36,558 [main] INFO com.pactiv.utils.TestDataUtils - key is ::password_2
2019-05-03 01:55:36,558 [main] INFO com.pactiv.utils.TestDataUtils - value is ::test1234567890
2019-05-03 01:55:36,558 [main] INFO com.pactiv.utils.TestDataUtils - key is ::username_3
2019-05-03 01:55:36,558 [main] INFO com.pactiv.utils.TestDataUtils - value is ::FloaterTest3
2019-05-03 01:55:36,559 [main] INFO com.pactiv.utils.TestDataUtils - key is ::password_3
2019-05-03 01:55:36,559 [main] INFO com.pactiv.utils.TestDataUtils - value is ::test1234567890
2019-05-03 01:55:36,559 [main] INFO com.pactiv.utils.TestDataUtils - key is ::username_4
2019-05-03 01:55:36,559 [main] INFO com.pactiv.utils.TestDataUtils - value is ::FloaterTest4
2019-05-03 01:55:36,562 [main] INFO com.pactiv.utils.TestDataUtils - key is ::password_4
2019-05-03 01:55:36,562 [main] INFO com.pactiv.utils.TestDataUtils - value is ::test1234567890
2019-05-03 01:55:36,563 [main] INFO com.pactiv.config.DriverConfig - Setting up the driver::chrome
2019-05-03 01:55:41,227 [main] INFO com.pactiv.utils.TestDataUtils - Access the PACTIV URL::PASS
2019-05-03 01:55:41,235 [main] INFO com.pactiv.utils.DriverUtilsImpl - in gclick ::By.xpath: //input[contains(@name,'thingworx-form-userid')]
2019-05-03 01:55:46,725 [main] INFO com.pactiv.utils.DriverUtilsImpl - in gclick ::By.xpath: //input[contains(@name,'thingworx-form-password')]
2019-05-03 01:55:52,064 [main] INFO com.pactiv.utils.DriverUtilsImpl - in gclick ::By.xpath: //input[contains(@value,'Submit')]
2019-05-03 01:56:01,021 [main] INFO com.pactiv.utils.PropertyUtils - Property File Name is ::C:\Users\pzm6015\Documents\PACTIV\PACTIV\PACTIV\\src\\test\\resources\\properties\\DMGApp.property
2019-05-03 01:56:01,066 [main] INFO com.pactiv.utils.PropertyUtils - Property File Name is ::C:\Users\pzm6015\Documents\PACTIV\PACTIV\PACTIV\\src\\test\\resources\\properties\\DMGApp.property
2019-05-03 01:56:06,119 [main] INFO com.pactiv.steps.BeforeAfterStepDefinition - Current scenario status is::null
2019-05-03 01:56:08,919 [main] INFO com.pactiv.config.SeleniumNGSuite - Successfully closed the browser 
2019-05-03 01:56:18,954 [main] INFO com.pactiv.config.DriverConfig - Setting up the driver::chrome headless
2019-05-03 01:56:25,168 [main] INFO com.pactiv.steps.BeforeAfterStepDefinition - In before step definition for scenario::Successful log into CPT application as Supervisor And Verify PT Hour Box Entry
2019-05-03 01:56:25,169 [main] INFO com.pactiv.utils.TestDataUtils - ===== Reading Feature Details====
2019-05-03 01:56:25,170 [main] INFO com.pactiv.utils.TestDataUtils - Scenario::cucumber.runtime.ScenarioImpl@10fbbdb
2019-05-03 01:56:25,170 [main] INFO com.pactiv.utils.TestDataUtils - Scenario name::Successful log into CPT application as Supervisor And Verify PT Hour Box Entry
2019-05-03 01:56:25,170 [main] INFO com.pactiv.utils.TestDataUtils - ****************
2019-05-03 01:56:25,170 [main] INFO com.pactiv.utils.TestDataUtils - Scenario Name:Successful log into CPT application as Supervisor And Verify PT Hour Box Entry
2019-05-03 01:56:25,171 [main] INFO com.pactiv.utils.TestDataUtils - feature file Name:loginaction
2019-05-03 01:56:25,171 [main] INFO com.pactiv.utils.TestDataUtils - ------------
2019-05-03 01:56:25,171 [main] INFO com.pactiv.utils.TestDataUtils - Scenario_id:Successful log into CPT application as Supervisor And Verify PT Hour Box Entry
2019-05-03 01:56:25,195 [main] INFO com.pactiv.utils.TestDataUtils - SheetName is: LoginAction
2019-05-03 01:56:25,197 [main] INFO com.pactiv.utils.TestDataUtils - Row is: 35Column is: 0
2019-05-03 01:56:25,197 [main] INFO com.pactiv.utils.TestDataUtils - no of cells 1::2
2019-05-03 01:56:25,200 [main] INFO com.pactiv.utils.TestDataUtils - header::[username, password]
2019-05-03 01:56:25,200 [main] INFO com.pactiv.utils.TestDataUtils - no of rows::16
2019-05-03 01:56:25,200 [main] INFO com.pactiv.utils.TestDataUtils - key is ::username_1
2019-05-03 01:56:25,200 [main] INFO com.pactiv.utils.TestDataUtils - value is ::FloaterTest1
2019-05-03 01:56:25,200 [main] INFO com.pactiv.utils.TestDataUtils - key is ::password_1
2019-05-03 01:56:25,200 [main] INFO com.pactiv.utils.TestDataUtils - value is ::test1234567890
2019-05-03 01:56:25,200 [main] INFO com.pactiv.utils.TestDataUtils - key is ::username_2
2019-05-03 01:56:25,200 [main] INFO com.pactiv.utils.TestDataUtils - value is ::FloaterTest2
2019-05-03 01:56:25,201 [main] INFO com.pactiv.utils.TestDataUtils - key is ::password_2
2019-05-03 01:56:25,201 [main] INFO com.pactiv.utils.TestDataUtils - value is ::test1234567890
2019-05-03 01:56:25,201 [main] INFO com.pactiv.utils.TestDataUtils - key is ::username_3
2019-05-03 01:56:25,201 [main] INFO com.pactiv.utils.TestDataUtils - value is ::FloaterTest3
2019-05-03 01:56:25,201 [main] INFO com.pactiv.utils.TestDataUtils - key is ::password_3
2019-05-03 01:56:25,201 [main] INFO com.pactiv.utils.TestDataUtils - value is ::test1234567890
2019-05-03 01:56:25,201 [main] INFO com.pactiv.utils.TestDataUtils - key is ::username_4
2019-05-03 01:56:25,201 [main] INFO com.pactiv.utils.TestDataUtils - value is ::FloaterTest4
2019-05-03 01:56:25,201 [main] INFO com.pactiv.utils.TestDataUtils - key is ::password_4
2019-05-03 01:56:25,202 [main] INFO com.pactiv.utils.TestDataUtils - value is ::test1234567890
2019-05-03 01:56:25,202 [main] INFO com.pactiv.utils.TestDataUtils - key is ::username_5
2019-05-03 01:56:25,203 [main] INFO com.pactiv.utils.TestDataUtils - value is ::
2019-05-03 01:56:25,203 [main] INFO com.pactiv.utils.TestDataUtils - key is ::password_5
2019-05-03 01:56:25,203 [main] INFO com.pactiv.utils.TestDataUtils - value is ::
2019-05-03 01:56:25,204 [main] INFO com.pactiv.utils.TestDataUtils - key is ::username_6
2019-05-03 01:56:25,204 [main] INFO com.pactiv.utils.TestDataUtils - value is ::
2019-05-03 01:56:25,204 [main] INFO com.pactiv.utils.TestDataUtils - key is ::password_6
2019-05-03 01:56:25,204 [main] INFO com.pactiv.utils.TestDataUtils - value is ::
2019-05-03 01:56:25,205 [main] INFO com.pactiv.utils.TestDataUtils - key is ::username_7
2019-05-03 01:56:25,205 [main] INFO com.pactiv.utils.TestDataUtils - value is ::
2019-05-03 01:56:25,205 [main] INFO com.pactiv.utils.TestDataUtils - key is ::password_7
2019-05-03 01:56:25,205 [main] INFO com.pactiv.utils.TestDataUtils - value is ::
2019-05-03 01:56:25,205 [main] INFO com.pactiv.utils.TestDataUtils - key is ::username_8
2019-05-03 01:56:25,206 [main] INFO com.pactiv.utils.TestDataUtils - value is ::
2019-05-03 01:56:25,206 [main] INFO com.pactiv.utils.TestDataUtils - key is ::password_8
2019-05-03 01:56:25,206 [main] INFO com.pactiv.utils.TestDataUtils - value is ::
2019-05-03 01:56:25,206 [main] INFO com.pactiv.utils.TestDataUtils - key is ::username_9
2019-05-03 01:56:25,207 [main] INFO com.pactiv.utils.TestDataUtils - value is ::
2019-05-03 01:56:25,207 [main] INFO com.pactiv.utils.TestDataUtils - key is ::password_9
2019-05-03 01:56:25,207 [main] INFO com.pactiv.utils.TestDataUtils - value is ::
2019-05-03 01:56:25,207 [main] INFO com.pactiv.utils.TestDataUtils - key is ::username_10
2019-05-03 01:56:25,207 [main] INFO com.pactiv.utils.TestDataUtils - value is ::
2019-05-03 01:56:25,208 [main] INFO com.pactiv.utils.TestDataUtils - key is ::password_10
2019-05-03 01:56:25,208 [main] INFO com.pactiv.utils.TestDataUtils - value is ::
2019-05-03 01:56:25,208 [main] INFO com.pactiv.utils.TestDataUtils - key is ::username_11
2019-05-03 01:56:25,208 [main] INFO com.pactiv.utils.TestDataUtils - value is ::
2019-05-03 01:56:25,209 [main] INFO com.pactiv.utils.TestDataUtils - key is ::password_11
2019-05-03 01:56:25,209 [main] INFO com.pactiv.utils.TestDataUtils - value is ::
2019-05-03 01:56:25,209 [main] INFO com.pactiv.utils.TestDataUtils - key is ::username_12
2019-05-03 01:56:25,209 [main] INFO com.pactiv.utils.TestDataUtils - value is ::
2019-05-03 01:56:25,209 [main] INFO com.pactiv.utils.TestDataUtils - key is ::password_12
2019-05-03 01:56:25,210 [main] INFO com.pactiv.utils.TestDataUtils - value is ::
2019-05-03 01:56:25,210 [main] INFO com.pactiv.utils.TestDataUtils - key is ::username_13
2019-05-03 01:56:25,210 [main] INFO com.pactiv.utils.TestDataUtils - value is ::
2019-05-03 01:56:25,210 [main] INFO com.pactiv.utils.TestDataUtils - key is ::password_13
2019-05-03 01:56:25,210 [main] INFO com.pactiv.utils.TestDataUtils - value is ::
2019-05-03 01:56:25,211 [main] INFO com.pactiv.utils.TestDataUtils - key is ::username_14
2019-05-03 01:56:25,211 [main] INFO com.pactiv.utils.TestDataUtils - value is ::
2019-05-03 01:56:25,211 [main] INFO com.pactiv.utils.TestDataUtils - key is ::password_14
2019-05-03 01:56:25,211 [main] INFO com.pactiv.utils.TestDataUtils - value is ::
2019-05-03 01:56:25,211 [main] INFO com.pactiv.utils.TestDataUtils - key is ::username_15
2019-05-03 01:56:25,212 [main] INFO com.pactiv.utils.TestDataUtils - value is ::
2019-05-03 01:56:25,212 [main] INFO com.pactiv.utils.TestDataUtils - key is ::password_15
2019-05-03 01:56:25,212 [main] INFO com.pactiv.utils.TestDataUtils - value is ::
2019-05-03 01:56:25,212 [main] INFO com.pactiv.utils.TestDataUtils - key is ::username_16
2019-05-03 01:56:25,212 [main] INFO com.pactiv.utils.TestDataUtils - value is ::
2019-05-03 01:56:25,212 [main] INFO com.pactiv.utils.TestDataUtils - key is ::password_16
2019-05-03 01:56:25,214 [main] INFO com.pactiv.utils.TestDataUtils - value is ::
2019-05-03 01:56:25,214 [main] INFO com.pactiv.config.DriverConfig - Setting up the driver::chrome
2019-05-03 01:56:29,971 [main] INFO com.pactiv.utils.TestDataUtils - Access the PACTIV URL::PASS
2019-05-03 01:56:29,976 [main] INFO com.pactiv.utils.DriverUtilsImpl - in gclick ::By.xpath: //input[contains(@name,'thingworx-form-userid')]
2019-05-03 01:56:35,356 [main] INFO com.pactiv.utils.DriverUtilsImpl - in gclick ::By.xpath: //input[contains(@name,'thingworx-form-password')]
2019-05-03 01:56:40,706 [main] INFO com.pactiv.utils.DriverUtilsImpl - in gclick ::By.xpath: //input[contains(@value,'Submit')]
2019-05-03 01:56:49,789 [main] INFO com.pactiv.utils.PropertyUtils - Property File Name is ::C:\Users\pzm6015\Documents\PACTIV\PACTIV\PACTIV\\src\\test\\resources\\properties\\DMGApp.property
2019-05-03 01:56:49,860 [main] INFO com.pactiv.utils.PropertyUtils - Property File Name is ::C:\Users\pzm6015\Documents\PACTIV\PACTIV\PACTIV\\src\\test\\resources\\properties\\DMGApp.property
2019-05-03 01:56:54,900 [main] INFO com.pactiv.steps.BeforeAfterStepDefinition - Current scenario status is::null
2019-05-03 01:56:55,826 [main] INFO com.pactiv.config.SeleniumNGSuite - Successfully closed the browser 
2019-05-03 01:57:05,858 [main] INFO com.pactiv.config.DriverConfig - Setting up the driver::chrome headless
2019-05-03 01:57:11,989 [main] INFO com.pactiv.steps.BeforeAfterStepDefinition - In before step definition for scenario::Successful log into CPT application as Supervisor And Verify PT Hour Box Entry
2019-05-03 01:57:11,989 [main] INFO com.pactiv.utils.TestDataUtils - ===== Reading Feature Details====
2019-05-03 01:57:11,990 [main] INFO com.pactiv.utils.TestDataUtils - Scenario::cucumber.runtime.ScenarioImpl@73fc518f
2019-05-03 01:57:11,990 [main] INFO com.pactiv.utils.TestDataUtils - Scenario name::Successful log into CPT application as Supervisor And Verify PT Hour Box Entry
2019-05-03 01:57:11,990 [main] INFO com.pactiv.utils.TestDataUtils - ****************
2019-05-03 01:57:11,990 [main] INFO com.pactiv.utils.TestDataUtils - Scenario Name:Successful log into CPT application as Supervisor And Verify PT Hour Box Entry
2019-05-03 01:57:11,991 [main] INFO com.pactiv.utils.TestDataUtils - feature file Name:loginaction
2019-05-03 01:57:11,991 [main] INFO com.pactiv.utils.TestDataUtils - ------------
2019-05-03 01:57:11,991 [main] INFO com.pactiv.utils.TestDataUtils - Scenario_id:Successful log into CPT application as Supervisor And Verify PT Hour Box Entry
2019-05-03 01:57:12,029 [main] INFO com.pactiv.utils.TestDataUtils - SheetName is: LoginAction
2019-05-03 01:57:12,032 [main] INFO com.pactiv.utils.TestDataUtils - Row is: 35Column is: 0
2019-05-03 01:57:12,032 [main] INFO com.pactiv.utils.TestDataUtils - no of cells 1::2
2019-05-03 01:57:12,037 [main] INFO com.pactiv.utils.TestDataUtils - header::[username, password]
2019-05-03 01:57:12,037 [main] INFO com.pactiv.utils.TestDataUtils - no of rows::16
2019-05-03 01:57:12,038 [main] INFO com.pactiv.utils.TestDataUtils - key is ::username_1
2019-05-03 01:57:12,038 [main] INFO com.pactiv.utils.TestDataUtils - value is ::FloaterTest1
2019-05-03 01:57:12,038 [main] INFO com.pactiv.utils.TestDataUtils - key is ::password_1
2019-05-03 01:57:12,038 [main] INFO com.pactiv.utils.TestDataUtils - value is ::test1234567890
2019-05-03 01:57:12,039 [main] INFO com.pactiv.utils.TestDataUtils - key is ::username_2
2019-05-03 01:57:12,039 [main] INFO com.pactiv.utils.TestDataUtils - value is ::FloaterTest2
2019-05-03 01:57:12,039 [main] INFO com.pactiv.utils.TestDataUtils - key is ::password_2
2019-05-03 01:57:12,039 [main] INFO com.pactiv.utils.TestDataUtils - value is ::test1234567890
2019-05-03 01:57:12,039 [main] INFO com.pactiv.utils.TestDataUtils - key is ::username_3
2019-05-03 01:57:12,040 [main] INFO com.pactiv.utils.TestDataUtils - value is ::FloaterTest3
2019-05-03 01:57:12,040 [main] INFO com.pactiv.utils.TestDataUtils - key is ::password_3
2019-05-03 01:57:12,040 [main] INFO com.pactiv.utils.TestDataUtils - value is ::test1234567890
2019-05-03 01:57:12,040 [main] INFO com.pactiv.utils.TestDataUtils - key is ::username_4
2019-05-03 01:57:12,040 [main] INFO com.pactiv.utils.TestDataUtils - value is ::FloaterTest4
2019-05-03 01:57:12,041 [main] INFO com.pactiv.utils.TestDataUtils - key is ::password_4
2019-05-03 01:57:12,041 [main] INFO com.pactiv.utils.TestDataUtils - value is ::test1234567890
2019-05-03 01:57:12,041 [main] INFO com.pactiv.utils.TestDataUtils - key is ::username_5
2019-05-03 01:57:12,041 [main] INFO com.pactiv.utils.TestDataUtils - value is ::
2019-05-03 01:57:12,042 [main] INFO com.pactiv.utils.TestDataUtils - key is ::password_5
2019-05-03 01:57:12,042 [main] INFO com.pactiv.utils.TestDataUtils - value is ::
2019-05-03 01:57:12,042 [main] INFO com.pactiv.utils.TestDataUtils - key is ::username_6
2019-05-03 01:57:12,042 [main] INFO com.pactiv.utils.TestDataUtils - value is ::
2019-05-03 01:57:12,042 [main] INFO com.pactiv.utils.TestDataUtils - key is ::password_6
2019-05-03 01:57:12,043 [main] INFO com.pactiv.utils.TestDataUtils - value is ::
2019-05-03 01:57:12,043 [main] INFO com.pactiv.utils.TestDataUtils - key is ::username_7
2019-05-03 01:57:12,043 [main] INFO com.pactiv.utils.TestDataUtils - value is ::
2019-05-03 01:57:12,043 [main] INFO com.pactiv.utils.TestDataUtils - key is ::password_7
2019-05-03 01:57:12,043 [main] INFO com.pactiv.utils.TestDataUtils - value is ::
2019-05-03 01:57:12,044 [main] INFO com.pactiv.utils.TestDataUtils - key is ::username_8
2019-05-03 01:57:12,044 [main] INFO com.pactiv.utils.TestDataUtils - value is ::
2019-05-03 01:57:12,044 [main] INFO com.pactiv.utils.TestDataUtils - key is ::password_8
2019-05-03 01:57:12,044 [main] INFO com.pactiv.utils.TestDataUtils - value is ::
2019-05-03 01:57:12,045 [main] INFO com.pactiv.utils.TestDataUtils - key is ::username_9
2019-05-03 01:57:12,045 [main] INFO com.pactiv.utils.TestDataUtils - value is ::
2019-05-03 01:57:12,046 [main] INFO com.pactiv.utils.TestDataUtils - key is ::password_9
2019-05-03 01:57:12,046 [main] INFO com.pactiv.utils.TestDataUtils - value is ::
2019-05-03 01:57:12,046 [main] INFO com.pactiv.utils.TestDataUtils - key is ::username_10
2019-05-03 01:57:12,046 [main] INFO com.pactiv.utils.TestDataUtils - value is ::
2019-05-03 01:57:12,047 [main] INFO com.pactiv.utils.TestDataUtils - key is ::password_10
2019-05-03 01:57:12,047 [main] INFO com.pactiv.utils.TestDataUtils - value is ::
2019-05-03 01:57:12,047 [main] INFO com.pactiv.utils.TestDataUtils - key is ::username_11
2019-05-03 01:57:12,048 [main] INFO com.pactiv.utils.TestDataUtils - value is ::
2019-05-03 01:57:12,048 [main] INFO com.pactiv.utils.TestDataUtils - key is ::password_11
2019-05-03 01:57:12,048 [main] INFO com.pactiv.utils.TestDataUtils - value is ::
2019-05-03 01:57:12,048 [main] INFO com.pactiv.utils.TestDataUtils - key is ::username_12
2019-05-03 01:57:12,049 [main] INFO com.pactiv.utils.TestDataUtils - value is ::
2019-05-03 01:57:12,049 [main] INFO com.pactiv.utils.TestDataUtils - key is ::password_12
2019-05-03 01:57:12,049 [main] INFO com.pactiv.utils.TestDataUtils - value is ::
2019-05-03 01:57:12,049 [main] INFO com.pactiv.utils.TestDataUtils - key is ::username_13
2019-05-03 01:57:12,049 [main] INFO com.pactiv.utils.TestDataUtils - value is ::
2019-05-03 01:57:12,050 [main] INFO com.pactiv.utils.TestDataUtils - key is ::password_13
2019-05-03 01:57:12,050 [main] INFO com.pactiv.utils.TestDataUtils - value is ::
2019-05-03 01:57:12,050 [main] INFO com.pactiv.utils.TestDataUtils - key is ::username_14
2019-05-03 01:57:12,051 [main] INFO com.pactiv.utils.TestDataUtils - value is ::
2019-05-03 01:57:12,051 [main] INFO com.pactiv.utils.TestDataUtils - key is ::password_14
2019-05-03 01:57:12,051 [main] INFO com.pactiv.utils.TestDataUtils - value is ::
2019-05-03 01:57:12,052 [main] INFO com.pactiv.utils.TestDataUtils - key is ::username_15
2019-05-03 01:57:12,052 [main] INFO com.pactiv.utils.TestDataUtils - value is ::
2019-05-03 01:57:12,052 [main] INFO com.pactiv.utils.TestDataUtils - key is ::password_15
2019-05-03 01:57:12,052 [main] INFO com.pactiv.utils.TestDataUtils - value is ::
2019-05-03 01:57:12,053 [main] INFO com.pactiv.utils.TestDataUtils - key is ::username_16
2019-05-03 01:57:12,053 [main] INFO com.pactiv.utils.TestDataUtils - value is ::
2019-05-03 01:57:12,053 [main] INFO com.pactiv.utils.TestDataUtils - key is ::password_16
2019-05-03 01:57:12,053 [main] INFO com.pactiv.utils.TestDataUtils - value is ::
2019-05-03 01:57:12,054 [main] INFO com.pactiv.config.DriverConfig - Setting up the driver::chrome
2019-05-03 01:57:16,745 [main] INFO com.pactiv.utils.TestDataUtils - Access the PACTIV URL::PASS
2019-05-03 01:57:16,751 [main] INFO com.pactiv.utils.DriverUtilsImpl - in gclick ::By.xpath: //input[contains(@name,'thingworx-form-userid')]
2019-05-03 01:57:22,165 [main] INFO com.pactiv.utils.DriverUtilsImpl - in gclick ::By.xpath: //input[contains(@name,'thingworx-form-password')]
2019-05-03 01:57:27,499 [main] INFO com.pactiv.utils.DriverUtilsImpl - in gclick ::By.xpath: //input[contains(@value,'Submit')]
2019-05-03 01:57:36,389 [main] INFO com.pactiv.utils.PropertyUtils - Property File Name is ::C:\Users\pzm6015\Documents\PACTIV\PACTIV\PACTIV\\src\\test\\resources\\properties\\DMGApp.property
2019-05-03 01:57:36,435 [main] INFO com.pactiv.utils.PropertyUtils - Property File Name is ::C:\Users\pzm6015\Documents\PACTIV\PACTIV\PACTIV\\src\\test\\resources\\properties\\DMGApp.property
2019-05-03 01:57:41,496 [main] INFO com.pactiv.steps.BeforeAfterStepDefinition - Current scenario status is::null
2019-05-03 01:57:44,903 [main] INFO com.pactiv.config.SeleniumNGSuite - Successfully closed the browser 
2019-05-03 01:57:54,933 [main] INFO com.pactiv.config.DriverConfig - Setting up the driver::chrome headless
